#
# There is insufficient memory for the Java Runtime Environment to continue.
# Native memory allocation (malloc) failed to allocate 32744 bytes for ChunkPool::allocate
# Possible reasons:
#   The system is out of physical RAM or swap space
#   The process is running with CompressedOops enabled, and the Java Heap may be blocking the growth of the native heap
# Possible solutions:
#   Reduce memory load on the system
#   Increase physical memory or swap space
#   Check if swap backing store is full
#   Decrease Java heap size (-Xmx/-Xms)
#   Decrease number of Java threads
#   Decrease Java thread stack sizes (-Xss)
#   Set larger code cache with -XX:ReservedCodeCacheSize=
#   JVM is running with Unscaled Compressed Oops mode in which the Java heap is
#     placed in the first 4GB address space. The Java Heap base address is the
#     maximum limit for the native heap growth. Please use -XX:HeapBaseMinAddress
#     to set the Java Heap base and to place the Java Heap above 4GB virtual address.
# This output file may be truncated or incomplete.
#
#  Out of Memory Error (allocation.cpp:273), pid=6180, tid=0x00000000000026d8
#
# JRE version: Java(TM) SE Runtime Environment (8.0_201-b09) (build 1.8.0_201-b09)
# Java VM: Java HotSpot(TM) 64-Bit Server VM (25.201-b09 mixed mode windows-amd64 compressed oops)
# Failed to write core dump. Minidumps are not enabled by default on client versions of Windows
#

---------------  T H R E A D  ---------------

Current thread (0x0000000014d5d800):  JavaThread "C2 CompilerThread1" daemon [_thread_in_native, id=9944, stack(0x0000000016ed0000,0x0000000016fd0000)]

Stack: [0x0000000016ed0000,0x0000000016fd0000]
[error occurred during error reporting (printing stack bounds), id 0xc0000005]

Native frames: (J=compiled Java code, j=interpreted, Vv=VM code, C=native code)


Current CompileTask:
C2:  36466 1826 %     4       org.springframework.asm.ClassReader::readCode @ 2160 (5085 bytes)


---------------  P R O C E S S  ---------------

Java Threads: ( => current thread )
  0x00000000177c7800 JavaThread "background-preinit" [_thread_in_Java, id=10224, stack(0x0000000018be0000,0x0000000018ce0000)]
  0x0000000016b01000 JavaThread "Service Thread" daemon [_thread_blocked, id=11692, stack(0x00000000170d0000,0x00000000171d0000)]
  0x0000000016afb000 JavaThread "C1 CompilerThread2" daemon [_thread_blocked, id=3724, stack(0x0000000016fd0000,0x00000000170d0000)]
=>0x0000000014d5d800 JavaThread "C2 CompilerThread1" daemon [_thread_in_native, id=9944, stack(0x0000000016ed0000,0x0000000016fd0000)]
  0x0000000014d37000 JavaThread "C2 CompilerThread0" daemon [_thread_blocked, id=9604, stack(0x00000000169d0000,0x0000000016ad0000)]
  0x0000000014d2c000 JavaThread "JDWP Command Reader" daemon [_thread_in_native, id=10464, stack(0x00000000168d0000,0x00000000169d0000)]
  0x0000000014d28800 JavaThread "JDWP Event Helper Thread" daemon [_thread_blocked, id=7232, stack(0x00000000167d0000,0x00000000168d0000)]
  0x0000000014d19000 JavaThread "JDWP Transport Listener: dt_socket" daemon [_thread_blocked, id=9576, stack(0x0000000016340000,0x0000000016440000)]
  0x0000000014d0f800 JavaThread "Attach Listener" daemon [_thread_blocked, id=10544, stack(0x0000000016240000,0x0000000016340000)]
  0x0000000014d0e000 JavaThread "Signal Dispatcher" daemon [_thread_blocked, id=4228, stack(0x0000000016140000,0x0000000016240000)]
  0x000000000272c000 JavaThread "Finalizer" daemon [_thread_blocked, id=7980, stack(0x0000000015f50000,0x0000000016050000)]
  0x0000000014cea000 JavaThread "Reference Handler" daemon [_thread_blocked, id=7940, stack(0x0000000015e50000,0x0000000015f50000)]
  0x0000000002637000 JavaThread "main" [_thread_in_vm, id=8204, stack(0x0000000002530000,0x0000000002630000)]

Other Threads:
  0x0000000014cc7800 VMThread [stack: 0x0000000015d50000,0x0000000015e50000] [id=8728]
  0x0000000016b95000 WatcherThread [stack: 0x00000000171d0000,0x00000000172d0000] [id=4772]

VM state:not at safepoint (normal execution)

VM Mutex/Monitor currently owned by a thread: None

heap address: 0x00000000c1c00000, size: 996 MB, Compressed Oops mode: 32-bit
Narrow klass base: 0x0000000000000000, Narrow klass shift: 3
Compressed class space size: 1073741824 Address: 0x0000000100000000

Heap:
 PSYoungGen      total 72704K, used 19274K [0x00000000eb400000, 0x00000000f4200000, 0x0000000100000000)
  eden space 65536K, 29% used [0x00000000eb400000,0x00000000ec6d2878,0x00000000ef400000)
  from space 7168K, 0% used [0x00000000ef400000,0x00000000ef400000,0x00000000efb00000)
  to   space 7168K, 0% used [0x00000000f3b00000,0x00000000f3b00000,0x00000000f4200000)
 ParOldGen       total 30720K, used 5649K [0x00000000c1c00000, 0x00000000c3a00000, 0x00000000eb400000)
  object space 30720K, 18% used [0x00000000c1c00000,0x00000000c2184600,0x00000000c3a00000)
 Metaspace       used 21896K, capacity 22462K, committed 22656K, reserved 1069056K
  class space    used 2757K, capacity 2922K, committed 2944K, reserved 1048576K

Card table byte_map: [0x0000000011af0000,0x0000000011cf0000] byte_map_base: 0x00000000114e2000

Marking Bits: (ParMarkBitMap*) 0x0000000064aa4ce0
 Begin Bits: [0x0000000012240000, 0x00000000131d0000)
 End Bits:   [0x00000000131d0000, 0x0000000014160000)

Polling page: 0x0000000000730000

CodeCache: size=245760Kb used=7479Kb max_used=7481Kb free=238280Kb
 bounds [0x0000000002730000, 0x0000000002e90000, 0x0000000011730000]
 total_blobs=2290 nmethods=1927 adapters=283
 compilation: enabled

Compilation events (10 events):
Event: 36.100 Thread 0x0000000016afb000 1987       1       com.sun.org.apache.xerces.internal.impl.XMLDocumentFragmentScannerImpl::setScannerState (6 bytes)
Event: 36.101 Thread 0x0000000016afb000 nmethod 1987 0x0000000002e7f210 code [0x0000000002e7f360, 0x0000000002e7f470]
Event: 36.103 Thread 0x0000000016afb000 1988       3       com.sun.org.apache.xerces.internal.util.SymbolTable::addSymbol (110 bytes)
Event: 36.105 Thread 0x0000000016afb000 nmethod 1988 0x0000000002e80190 code [0x0000000002e80340, 0x0000000002e807f8]
Event: 36.119 Thread 0x0000000014d37000 1989       4       com.sun.org.apache.xerces.internal.utils.XMLSecurityManager::isOverLimit (111 bytes)
Event: 36.135 Thread 0x0000000014d37000 nmethod 1989 0x0000000002e7eb10 code [0x0000000002e7ec80, 0x0000000002e7ef78]
Event: 36.325 Thread 0x0000000016afb000 1990       3       org.springframework.core.annotation.AnnotationUtils::adaptValue (182 bytes)
Event: 36.330 Thread 0x0000000016afb000 nmethod 1990 0x0000000002e81a90 code [0x0000000002e81d20, 0x0000000002e83358]
Event: 36.442 Thread 0x0000000016afb000 1991       3       org.springframework.util.StringUtils::hasText (24 bytes)
Event: 36.444 Thread 0x0000000016afb000 nmethod 1991 0x0000000002e81490 code [0x0000000002e81600, 0x0000000002e81988]

GC Heap History (10 events):
Event: 21.007 GC heap before
{Heap before GC invocations=4 (full 0):
 PSYoungGen      total 18944K, used 18899K [0x00000000eb400000, 0x00000000ed900000, 0x0000000100000000)
  eden space 16384K, 99% used [0x00000000eb400000,0x00000000ec3f8438,0x00000000ec400000)
  from space 2560K, 99% used [0x00000000ec400000,0x00000000ec67c818,0x00000000ec680000)
  to   space 2560K, 0% used [0x00000000ed680000,0x00000000ed680000,0x00000000ed900000)
 ParOldGen       total 44032K, used 3994K [0x00000000c1c00000, 0x00000000c4700000, 0x00000000eb400000)
  object space 44032K, 9% used [0x00000000c1c00000,0x00000000c1fe6a20,0x00000000c4700000)
 Metaspace       used 14443K, capacity 14846K, committed 15104K, reserved 1062912K
  class space    used 1891K, capacity 2028K, committed 2048K, reserved 1048576K
Event: 21.104 GC heap after
Heap after GC invocations=4 (full 0):
 PSYoungGen      total 35328K, used 2543K [0x00000000eb400000, 0x00000000ed900000, 0x0000000100000000)
  eden space 32768K, 0% used [0x00000000eb400000,0x00000000eb400000,0x00000000ed400000)
  from space 2560K, 99% used [0x00000000ed680000,0x00000000ed8fbfd8,0x00000000ed900000)
  to   space 2560K, 0% used [0x00000000ed400000,0x00000000ed400000,0x00000000ed680000)
 ParOldGen       total 44032K, used 6033K [0x00000000c1c00000, 0x00000000c4700000, 0x00000000eb400000)
  object space 44032K, 13% used [0x00000000c1c00000,0x00000000c21e4498,0x00000000c4700000)
 Metaspace       used 14443K, capacity 14846K, committed 15104K, reserved 1062912K
  class space    used 1891K, capacity 2028K, committed 2048K, reserved 1048576K
}
Event: 24.615 GC heap before
{Heap before GC invocations=5 (full 0):
 PSYoungGen      total 35328K, used 35299K [0x00000000eb400000, 0x00000000ed900000, 0x0000000100000000)
  eden space 32768K, 99% used [0x00000000eb400000,0x00000000ed3fccf0,0x00000000ed400000)
  from space 2560K, 99% used [0x00000000ed680000,0x00000000ed8fbfd8,0x00000000ed900000)
  to   space 2560K, 0% used [0x00000000ed400000,0x00000000ed400000,0x00000000ed680000)
 ParOldGen       total 44032K, used 6033K [0x00000000c1c00000, 0x00000000c4700000, 0x00000000eb400000)
  object space 44032K, 13% used [0x00000000c1c00000,0x00000000c21e4498,0x00000000c4700000)
 Metaspace       used 19200K, capacity 19732K, committed 20096K, reserved 1067008K
  class space    used 2433K, capacity 2585K, committed 2688K, reserved 1048576K
Event: 24.843 GC heap after
Heap after GC invocations=5 (full 0):
 PSYoungGen      total 35328K, used 2544K [0x00000000eb400000, 0x00000000f0200000, 0x0000000100000000)
  eden space 32768K, 0% used [0x00000000eb400000,0x00000000eb400000,0x00000000ed400000)
  from space 2560K, 99% used [0x00000000ed400000,0x00000000ed67c010,0x00000000ed680000)
  to   space 7168K, 0% used [0x00000000efb00000,0x00000000efb00000,0x00000000f0200000)
 ParOldGen       total 44032K, used 10368K [0x00000000c1c00000, 0x00000000c4700000, 0x00000000eb400000)
  object space 44032K, 23% used [0x00000000c1c00000,0x00000000c26202f8,0x00000000c4700000)
 Metaspace       used 19200K, capacity 19732K, committed 20096K, reserved 1067008K
  class space    used 2433K, capacity 2585K, committed 2688K, reserved 1048576K
}
Event: 26.305 GC heap before
{Heap before GC invocations=6 (full 0):
 PSYoungGen      total 35328K, used 35312K [0x00000000eb400000, 0x00000000f0200000, 0x0000000100000000)
  eden space 32768K, 100% used [0x00000000eb400000,0x00000000ed400000,0x00000000ed400000)
  from space 2560K, 99% used [0x00000000ed400000,0x00000000ed67c010,0x00000000ed680000)
  to   space 7168K, 0% used [0x00000000efb00000,0x00000000efb00000,0x00000000f0200000)
 ParOldGen       total 44032K, used 10368K [0x00000000c1c00000, 0x00000000c4700000, 0x00000000eb400000)
  object space 44032K, 23% used [0x00000000c1c00000,0x00000000c26202f8,0x00000000c4700000)
 Metaspace       used 19886K, capacity 20340K, committed 20608K, reserved 1067008K
  class space    used 2533K, capacity 2681K, committed 2688K, reserved 1048576K
Event: 26.362 GC heap after
Heap after GC invocations=6 (full 0):
 PSYoungGen      total 72704K, used 3731K [0x00000000eb400000, 0x00000000f0200000, 0x0000000100000000)
  eden space 65536K, 0% used [0x00000000eb400000,0x00000000eb400000,0x00000000ef400000)
  from space 7168K, 52% used [0x00000000efb00000,0x00000000efea4e40,0x00000000f0200000)
  to   space 7168K, 0% used [0x00000000ef400000,0x00000000ef400000,0x00000000efb00000)
 ParOldGen       total 44032K, used 10368K [0x00000000c1c00000, 0x00000000c4700000, 0x00000000eb400000)
  object space 44032K, 23% used [0x00000000c1c00000,0x00000000c26202f8,0x00000000c4700000)
 Metaspace       used 19886K, capacity 20340K, committed 20608K, reserved 1067008K
  class space    used 2533K, capacity 2681K, committed 2688K, reserved 1048576K
}
Event: 28.449 GC heap before
{Heap before GC invocations=7 (full 0):
 PSYoungGen      total 72704K, used 12597K [0x00000000eb400000, 0x00000000f0200000, 0x0000000100000000)
  eden space 65536K, 13% used [0x00000000eb400000,0x00000000ebca8760,0x00000000ef400000)
  from space 7168K, 52% used [0x00000000efb00000,0x00000000efea4e40,0x00000000f0200000)
  to   space 7168K, 0% used [0x00000000ef400000,0x00000000ef400000,0x00000000efb00000)
 ParOldGen       total 44032K, used 10368K [0x00000000c1c00000, 0x00000000c4700000, 0x00000000eb400000)
  object space 44032K, 23% used [0x00000000c1c00000,0x00000000c26202f8,0x00000000c4700000)
 Metaspace       used 20650K, capacity 21154K, committed 21248K, reserved 1067008K
  class space    used 2639K, capacity 2806K, committed 2816K, reserved 1048576K
Event: 28.733 GC heap after
Heap after GC invocations=7 (full 0):
 PSYoungGen      total 72704K, used 3005K [0x00000000eb400000, 0x00000000f4200000, 0x0000000100000000)
  eden space 65536K, 0% used [0x00000000eb400000,0x00000000eb400000,0x00000000ef400000)
  from space 7168K, 41% used [0x00000000ef400000,0x00000000ef6ef700,0x00000000efb00000)
  to   space 7168K, 0% used [0x00000000f3b00000,0x00000000f3b00000,0x00000000f4200000)
 ParOldGen       total 44032K, used 11492K [0x00000000c1c00000, 0x00000000c4700000, 0x00000000eb400000)
  object space 44032K, 26% used [0x00000000c1c00000,0x00000000c2739368,0x00000000c4700000)
 Metaspace       used 20650K, capacity 21154K, committed 21248K, reserved 1067008K
  class space    used 2639K, capacity 2806K, committed 2816K, reserved 1048576K
}
Event: 28.733 GC heap before
{Heap before GC invocations=8 (full 1):
 PSYoungGen      total 72704K, used 3005K [0x00000000eb400000, 0x00000000f4200000, 0x0000000100000000)
  eden space 65536K, 0% used [0x00000000eb400000,0x00000000eb400000,0x00000000ef400000)
  from space 7168K, 41% used [0x00000000ef400000,0x00000000ef6ef700,0x00000000efb00000)
  to   space 7168K, 0% used [0x00000000f3b00000,0x00000000f3b00000,0x00000000f4200000)
 ParOldGen       total 44032K, used 11492K [0x00000000c1c00000, 0x00000000c4700000, 0x00000000eb400000)
  object space 44032K, 26% used [0x00000000c1c00000,0x00000000c2739368,0x00000000c4700000)
 Metaspace       used 20650K, capacity 21154K, committed 21248K, reserved 1067008K
  class space    used 2639K, capacity 2806K, committed 2816K, reserved 1048576K
Event: 29.303 GC heap after
Heap after GC invocations=8 (full 1):
 PSYoungGen      total 72704K, used 0K [0x00000000eb400000, 0x00000000f4200000, 0x0000000100000000)
  eden space 65536K, 0% used [0x00000000eb400000,0x00000000eb400000,0x00000000ef400000)
  from space 7168K, 0% used [0x00000000ef400000,0x00000000ef400000,0x00000000efb00000)
  to   space 7168K, 0% used [0x00000000f3b00000,0x00000000f3b00000,0x00000000f4200000)
 ParOldGen       total 30720K, used 5649K [0x00000000c1c00000, 0x00000000c3a00000, 0x00000000eb400000)
  object space 30720K, 18% used [0x00000000c1c00000,0x00000000c2184600,0x00000000c3a00000)
 Metaspace       used 20649K, capacity 21148K, committed 21248K, reserved 1067008K
  class space    used 2638K, capacity 2805K, committed 2816K, reserved 1048576K
}

Deoptimization events (10 events):
Event: 22.005 Thread 0x00000000177c7800 Uncommon trap: reason=unstable_if action=reinterpret pc=0x0000000002b26674 method=java.util.jar.Manifest$FastInputStream.readLine([BII)I @ 87
Event: 26.375 Thread 0x0000000002637000 Uncommon trap: reason=unstable_if action=reinterpret pc=0x0000000002bb81f4 method=org.springframework.asm.ClassReader.readUTF8(I[C)Ljava/lang/String; @ 7
Event: 26.769 Thread 0x00000000177c7800 Uncommon trap: reason=unstable_if action=reinterpret pc=0x0000000002c31da8 method=jdk.internal.org.objectweb.asm.Type.getArgumentsAndReturnSizes(Ljava/lang/String;)I @ 47
Event: 32.071 Thread 0x0000000002637000 Uncommon trap: reason=unstable_if action=reinterpret pc=0x0000000002bb9e54 method=org.springframework.asm.ClassReader.readUtf(II[C)Ljava/lang/String; @ 41
Event: 33.010 Thread 0x00000000177c7800 Uncommon trap: reason=unstable_if action=reinterpret pc=0x0000000002d5d2e8 method=com.sun.org.apache.xerces.internal.impl.XMLEntityScanner.scanLiteral(ILcom/sun/org/apache/xerces/internal/xni/XMLString;Z)I @ 570
Event: 33.530 Thread 0x00000000177c7800 Uncommon trap: reason=unstable_if action=reinterpret pc=0x0000000002d6f79c method=com.sun.org.apache.xerces.internal.impl.XMLEntityScanner.checkBeforeLoad(Lcom/sun/xml/internal/stream/Entity$ScannedEntity;II)I @ 18
Event: 34.850 Thread 0x00000000177c7800 Uncommon trap: reason=unstable_if action=reinterpret pc=0x0000000002dba944 method=com.sun.org.apache.xerces.internal.impl.XMLEntityScanner.skipSpaces()Z @ 125
Event: 35.740 Thread 0x00000000177c7800 Uncommon trap: reason=unstable_if action=reinterpret pc=0x0000000002e2d4e0 method=org.apache.tomcat.util.IntrospectionUtils.setProperty(Ljava/lang/Object;Ljava/lang/String;Ljava/lang/String;Z)Z @ 196
Event: 35.793 Thread 0x00000000177c7800 Uncommon trap: reason=unstable_if action=reinterpret pc=0x0000000002e49b4c method=com.sun.org.apache.xerces.internal.util.SymbolTable.addSymbol([CII)Ljava/lang/String; @ 38
Event: 36.101 Thread 0x00000000177c7800 Uncommon trap: reason=unstable_if action=reinterpret pc=0x0000000002e45074 method=com.sun.org.apache.xerces.internal.util.SymbolTable.addSymbol([CII)Ljava/lang/String; @ 38

Classes redefined (0 events):
No events

Internal exceptions (10 events):
Event: 23.090 Thread 0x0000000002637000 Exception <a 'java/lang/ClassNotFoundException': org/springframework/core/PriorityOrderedCustomizer> (0x00000000ec23a630) thrown at [C:\re\workspace\8-2-build-windows-amd64-cygwin\jdk8u201\12322\hotspot\src\share\vm\classfile\systemDictionary.cpp, line 21
Event: 23.094 Thread 0x0000000002637000 Exception <a 'java/lang/ClassNotFoundException': org/springframework/core/OrderedCustomizer> (0x00000000ec2a50a8) thrown at [C:\re\workspace\8-2-build-windows-amd64-cygwin\jdk8u201\12322\hotspot\src\share\vm\classfile\systemDictionary.cpp, line 210]
Event: 23.098 Thread 0x0000000002637000 Exception <a 'java/lang/ClassNotFoundException': org/springframework/context/ResourceLoaderAwareCustomizer> (0x00000000ec2bbed8) thrown at [C:\re\workspace\8-2-build-windows-amd64-cygwin\jdk8u201\12322\hotspot\src\share\vm\classfile\systemDictionary.cpp, 
Event: 23.103 Thread 0x0000000002637000 Exception <a 'java/lang/ClassNotFoundException': org/springframework/beans/factory/AwareCustomizer> (0x00000000ec2d0eb8) thrown at [C:\re\workspace\8-2-build-windows-amd64-cygwin\jdk8u201\12322\hotspot\src\share\vm\classfile\systemDictionary.cpp, line 210
Event: 23.107 Thread 0x0000000002637000 Exception <a 'java/lang/ClassNotFoundException': org/springframework/beans/factory/BeanClassLoaderAwareCustomizer> (0x00000000ec2e91e8) thrown at [C:\re\workspace\8-2-build-windows-amd64-cygwin\jdk8u201\12322\hotspot\src\share\vm\classfile\systemDictionar
Event: 23.111 Thread 0x0000000002637000 Exception <a 'java/lang/ClassNotFoundException': org/springframework/beans/factory/AwareCustomizer> (0x00000000ec357048) thrown at [C:\re\workspace\8-2-build-windows-amd64-cygwin\jdk8u201\12322\hotspot\src\share\vm\classfile\systemDictionary.cpp, line 210
Event: 23.114 Thread 0x0000000002637000 Exception <a 'java/lang/ClassNotFoundException': org/springframework/context/EnvironmentAwareCustomizer> (0x00000000ec36c548) thrown at [C:\re\workspace\8-2-build-windows-amd64-cygwin\jdk8u201\12322\hotspot\src\share\vm\classfile\systemDictionary.cpp, lin
Event: 23.119 Thread 0x0000000002637000 Exception <a 'java/lang/ClassNotFoundException': org/springframework/beans/factory/AwareCustomizer> (0x00000000ec381420) thrown at [C:\re\workspace\8-2-build-windows-amd64-cygwin\jdk8u201\12322\hotspot\src\share\vm\classfile\systemDictionary.cpp, line 210
Event: 23.441 Thread 0x0000000002637000 Exception <a 'java/lang/NoSuchMethodError': java.lang.Object.lambda$comparing$77a9974f$1(Ljava/util/function/Function;Ljava/lang/Object;Ljava/lang/Object;)I> (0x00000000ec6ecb78) thrown at [C:\re\workspace\8-2-build-windows-amd64-cygwin\jdk8u201\12322\hot
Event: 26.919 Thread 0x00000000177c7800 Exception <a 'java/lang/IncompatibleClassChangeError': Found class java.lang.Object, but interface was expected> (0x00000000eb6de9e8) thrown at [C:\re\workspace\8-2-build-windows-amd64-cygwin\jdk8u201\12322\hotspot\src\share\vm\interpreter\linkResolver.cp

Events (10 events):
Event: 36.333 Thread 0x0000000002637000 DEOPT PACKING pc=0x0000000002df6104 sp=0x000000000262e270
Event: 36.333 Thread 0x0000000002637000 DEOPT UNPACKING pc=0x0000000002777890 sp=0x000000000262e0e0 mode 1
Event: 36.337 loading class javax/inject$Named
Event: 36.337 loading class javax/inject$Named done
Event: 36.340 Thread 0x0000000002637000 DEOPT PACKING pc=0x000000000290fc34 sp=0x000000000262d900
Event: 36.341 Thread 0x0000000002637000 DEOPT UNPACKING pc=0x0000000002777890 sp=0x000000000262d678 mode 1
Event: 36.341 Thread 0x0000000002637000 DEOPT PACKING pc=0x000000000290189c sp=0x000000000262d9b0
Event: 36.341 Thread 0x0000000002637000 DEOPT UNPACKING pc=0x0000000002777890 sp=0x000000000262d6f0 mode 1
Event: 36.341 Thread 0x0000000002637000 DEOPT PACKING pc=0x000000000283946c sp=0x000000000262e2e0
Event: 36.341 Thread 0x0000000002637000 DEOPT UNPACKING pc=0x0000000002777890 sp=0x000000000262e058 mode 1


Dynamic libraries:
0x00007ff694150000 - 0x00007ff694187000 	C:\Program Files\Java\jdk1.8.0_201\bin\java.exe
0x00007ffcbc6b0000 - 0x00007ffcbc891000 	C:\WINDOWS\SYSTEM32\ntdll.dll
0x00007ffcbbe70000 - 0x00007ffcbbf21000 	C:\WINDOWS\System32\KERNEL32.DLL
0x00007ffcb8a80000 - 0x00007ffcb8cf3000 	C:\WINDOWS\System32\KERNELBASE.dll
0x00007ffcbbce0000 - 0x00007ffcbbd81000 	C:\WINDOWS\System32\ADVAPI32.dll
0x00007ffcbb500000 - 0x00007ffcbb59e000 	C:\WINDOWS\System32\msvcrt.dll
0x00007ffcbba20000 - 0x00007ffcbba7b000 	C:\WINDOWS\System32\sechost.dll
0x00007ffcbb1d0000 - 0x00007ffcbb2f4000 	C:\WINDOWS\System32\RPCRT4.dll
0x00007ffcbb040000 - 0x00007ffcbb1d0000 	C:\WINDOWS\System32\USER32.dll
0x00007ffcb9240000 - 0x00007ffcb9260000 	C:\WINDOWS\System32\win32u.dll
0x00007ffcbb450000 - 0x00007ffcbb478000 	C:\WINDOWS\System32\GDI32.dll
0x00007ffcb8d00000 - 0x00007ffcb8e92000 	C:\WINDOWS\System32\gdi32full.dll
0x00007ffcb9260000 - 0x00007ffcb92ff000 	C:\WINDOWS\System32\msvcp_win.dll
0x00007ffcb9140000 - 0x00007ffcb9238000 	C:\WINDOWS\System32\ucrtbase.dll
0x00007ffc9e6a0000 - 0x00007ffc9e909000 	C:\WINDOWS\WinSxS\amd64_microsoft.windows.common-controls_6595b64144ccf1df_6.0.17134.765_none_fb42a1a930655896\COMCTL32.dll
0x00007ffcbb6f0000 - 0x00007ffcbba12000 	C:\WINDOWS\System32\combase.dll
0x00007ffcb9ac0000 - 0x00007ffcb9b3a000 	C:\WINDOWS\System32\bcryptPrimitives.dll
0x00007ffcb9b60000 - 0x00007ffcb9b8d000 	C:\WINDOWS\System32\IMM32.DLL
0x0000000064d50000 - 0x0000000064e21000 	C:\Program Files\Java\jdk1.8.0_201\jre\bin\msvcr100.dll
0x0000000064280000 - 0x0000000064b24000 	C:\Program Files\Java\jdk1.8.0_201\jre\bin\server\jvm.dll
0x00007ffcb9bf0000 - 0x00007ffcb9bf8000 	C:\WINDOWS\System32\PSAPI.DLL
0x00007ffcaff40000 - 0x00007ffcaff49000 	C:\WINDOWS\SYSTEM32\WSOCK32.dll
0x00007ffcbb490000 - 0x00007ffcbb4fc000 	C:\WINDOWS\System32\WS2_32.dll
0x00007ffcb4110000 - 0x00007ffcb4133000 	C:\WINDOWS\SYSTEM32\WINMM.dll
0x00007ffcb1970000 - 0x00007ffcb197a000 	C:\WINDOWS\SYSTEM32\VERSION.dll
0x00007ffcb40e0000 - 0x00007ffcb410a000 	C:\WINDOWS\SYSTEM32\WINMMBASE.dll
0x00007ffcb9300000 - 0x00007ffcb9349000 	C:\WINDOWS\System32\cfgmgr32.dll
0x00007ffca3b10000 - 0x00007ffca3b1f000 	C:\Program Files\Java\jdk1.8.0_201\jre\bin\verify.dll
0x00007ffc8f7b0000 - 0x00007ffc8f7d9000 	C:\Program Files\Java\jdk1.8.0_201\jre\bin\java.dll
0x00007ffc9b300000 - 0x00007ffc9b335000 	C:\Program Files\Java\jdk1.8.0_201\jre\bin\jdwp.dll
0x00007ffcaf370000 - 0x00007ffcaf378000 	C:\Program Files\Java\jdk1.8.0_201\jre\bin\npt.dll
0x00007ffca2b60000 - 0x00007ffca2b76000 	C:\Program Files\Java\jdk1.8.0_201\jre\bin\zip.dll
0x00007ffcb9c00000 - 0x00007ffcbb040000 	C:\WINDOWS\System32\SHELL32.dll
0x00007ffcbb300000 - 0x00007ffcbb3a9000 	C:\WINDOWS\System32\shcore.dll
0x00007ffcb9350000 - 0x00007ffcb9a5d000 	C:\WINDOWS\System32\windows.storage.dll
0x00007ffcbb5a0000 - 0x00007ffcbb5f1000 	C:\WINDOWS\System32\shlwapi.dll
0x00007ffcb89e0000 - 0x00007ffcb89f1000 	C:\WINDOWS\System32\kernel.appcore.dll
0x00007ffcb8a60000 - 0x00007ffcb8a7f000 	C:\WINDOWS\System32\profapi.dll
0x00007ffcb8a00000 - 0x00007ffcb8a4c000 	C:\WINDOWS\System32\powrprof.dll
0x00007ffcb8a50000 - 0x00007ffcb8a5a000 	C:\WINDOWS\System32\FLTLIB.DLL
0x00007ffcaf360000 - 0x00007ffcaf369000 	C:\Program Files\Java\jdk1.8.0_201\jre\bin\dt_socket.dll
0x00007ffca0590000 - 0x00007ffca05a6000 	C:\WINDOWS\system32\napinsp.dll
0x00007ffc9d5f0000 - 0x00007ffc9d60a000 	C:\WINDOWS\system32\pnrpnsp.dll
0x00007ffcb5800000 - 0x00007ffcb5819000 	C:\WINDOWS\system32\NLAapi.dll
0x00007ffcb8240000 - 0x00007ffcb82a6000 	C:\WINDOWS\System32\mswsock.dll
0x00007ffcb8000000 - 0x00007ffcb80be000 	C:\WINDOWS\SYSTEM32\DNSAPI.dll
0x00007ffcbbb50000 - 0x00007ffcbbb58000 	C:\WINDOWS\System32\NSI.dll
0x00007ffcb7fc0000 - 0x00007ffcb7ff8000 	C:\WINDOWS\SYSTEM32\IPHLPAPI.DLL
0x00007ffca3910000 - 0x00007ffca391e000 	C:\WINDOWS\System32\winrnr.dll
0x0000000065040000 - 0x0000000065075000 	C:\Program Files\Bonjour\mdnsNSP.dll
0x00007ffcab610000 - 0x00007ffcab682000 	C:\WINDOWS\System32\fwpuclnt.dll
0x00007ffcb8520000 - 0x00007ffcb8545000 	C:\WINDOWS\SYSTEM32\bcrypt.dll
0x00007ffca4d70000 - 0x00007ffca4d7a000 	C:\Windows\System32\rasadhlp.dll
0x00007ffcaf380000 - 0x00007ffcaf38d000 	C:\Program Files\Java\jdk1.8.0_201\jre\bin\management.dll
0x00007ffc9c800000 - 0x00007ffc9c81a000 	C:\Program Files\Java\jdk1.8.0_201\jre\bin\net.dll
0x00007ffca1060000 - 0x00007ffca1228000 	C:\WINDOWS\SYSTEM32\urlmon.dll
0x00007ffca13e0000 - 0x00007ffca1687000 	C:\WINDOWS\SYSTEM32\iertutil.dll
0x00007ffcb8410000 - 0x00007ffcb841b000 	C:\WINDOWS\SYSTEM32\CRYPTBASE.DLL
0x00007ffc97970000 - 0x00007ffc97981000 	C:\Program Files\Java\jdk1.8.0_201\jre\bin\nio.dll

VM Arguments:
jvm_args: -Xdebug -Xnoagent -Djava.compiler=NONE -Xrunjdwp:transport=dt_socket,address=localhost:60377,server=n,suspend=y -Dfile.encoding=UTF-8 
java_command: com.example.demo.DemoApplication
java_class_path (initial): C:\Users\LENOVO\Desktop\SI-Oscar-2019\demo\target\classes;C:\Users\LENOVO\.m2\repository\org\springframework\boot\spring-boot-starter-web\2.1.4.RELEASE\spring-boot-starter-web-2.1.4.RELEASE.jar;C:\Users\LENOVO\.m2\repository\org\springframework\boot\spring-boot-starter\2.1.4.RELEASE\spring-boot-starter-2.1.4.RELEASE.jar;C:\Users\LENOVO\.m2\repository\org\springframework\boot\spring-boot\2.1.4.RELEASE\spring-boot-2.1.4.RELEASE.jar;C:\Users\LENOVO\.m2\repository\org\springframework\boot\spring-boot-autoconfigure\2.1.4.RELEASE\spring-boot-autoconfigure-2.1.4.RELEASE.jar;C:\Users\LENOVO\.m2\repository\org\springframework\boot\spring-boot-starter-logging\2.1.4.RELEASE\spring-boot-starter-logging-2.1.4.RELEASE.jar;C:\Users\LENOVO\.m2\repository\ch\qos\logback\logback-classic\1.2.3\logback-classic-1.2.3.jar;C:\Users\LENOVO\.m2\repository\ch\qos\logback\logback-core\1.2.3\logback-core-1.2.3.jar;C:\Users\LENOVO\.m2\repository\org\apache\logging\log4j\log4j-to-slf4j\2.11.2\log4j-to-slf4j-2.11.2.jar;C:\Users\LENOVO\.m2\repository\org\apache\logging\log4j\log4j-api\2.11.2\log4j-api-2.11.2.jar;C:\Users\LENOVO\.m2\repository\org\slf4j\jul-to-slf4j\1.7.26\jul-to-slf4j-1.7.26.jar;C:\Users\LENOVO\.m2\repository\javax\annotation\javax.annotation-api\1.3.2\javax.annotation-api-1.3.2.jar;C:\Users\LENOVO\.m2\repository\org\yaml\snakeyaml\1.23\snakeyaml-1.23.jar;C:\Users\LENOVO\.m2\repository\org\springframework\boot\spring-boot-starter-json\2.1.4.RELEASE\spring-boot-starter-json-2.1.4.RELEASE.jar;C:\Users\LENOVO\.m2\repository\com\fasterxml\jackson\core\jackson-databind\2.9.8\jackson-databind-2.9.8.jar;C:\Users\LENOVO\.m2\repository\com\fasterxml\jackson\core\jackson-core\2.9.8\jackson-core-2.9.8.jar;C:\Users\LENOVO\.m2\repository\com\fasterxml\jackson\datatype\jackson-datatype-jdk8\2.9.8\jackson-datatype-jdk8-2.9.8.jar;C:\Users\LENOVO\.m2\repository\com\fasterxml\jackson\datatype\jackson-datatype-jsr310\2.9.8\jackson-datatype-jsr310-2.9.8.jar;C:\Users\LENOV
Launcher Type: SUN_STANDARD

Environment Variables:
JAVA_HOME=C:\Program Files\Java\jdk1.8.0_201
PATH=C:\Program Files (x86)\Common Files\Oracle\Java\javapath;C:\WINDOWS\system32;C:\WINDOWS;C:\WINDOWS\System32\Wbem;"C:\WINDOWS\System32\WindowsPowerShell\v1.0\;C:\Users\LENOVO\Desktop\galen\";C:\Program Files\dotnet\;C:\Program Files\Microsoft SQL Server\130\Tools\Binn\;C:\Program Files\MySQL\MySQL Utilities 1.6\;C:\Program Files\MATLAB\R2017b\runtime\win64;C:\Program Files\MATLAB\R2017b\bin;C:\Program Files\Git\cmd;C:\WINDOWS\System32\OpenSSH\;C:\Users\LENOVO\Desktop\galen\;C:\Users\LENOVO\Desktop\driveri\;C:\Program Files\nodejs;C:\Program Files\;C:\Program Files\wkhtmltopdf\bin;C:\Python\Python37;C:\Program Files\Java\jdk1.8.0_201;C:\Program Files\Java\jdk1.8.0_201\bin;C:\Program Files\Java\jre1.8.0_201\bin;C:\Users\LENOVO\AppData\Local\Programs\Python\Python37-32\Scripts\;C:\Users\LENOVO\AppData\Local\Programs\Python\Python37-32\;C:\Users\LENOVO\AppData\Local\Programs\Python\Python36\Scripts\;C:\Users\LENOVO\AppData\Local\Programs\Python\Python36\;C:\Python\Python37\Scripts\;C:\Python\Python37\;C:\Program Files (x86)\Java\jre1.8.0_191\bin;C:\Users\LENOVO\AppData\Roaming\npm;C:\Users\LENOVO\AppData\Local\Programs\Microsoft VS Code\bin;C:\Program Files\JetBrains\IntelliJ IDEA Community Edition 2019.1\bin;
USERNAME=LENOVO
OS=Windows_NT
PROCESSOR_IDENTIFIER=Intel64 Family 6 Model 42 Stepping 7, GenuineIntel



---------------  S Y S T E M  ---------------

OS: Windows 10.0 , 64 bit Build 17134 (10.0.17134.753)

CPU:total 4 (initial active 4) (2 cores per cpu, 2 threads per core) family 6 model 42 stepping 7, cmov, cx8, fxsr, mmx, sse, sse2, sse3, ssse3, sse4.1, sse4.2, popcnt, avx, aes, clmul, ht, tsc, tscinvbit

Memory: 4k page, physical 4078828k(584408k free), swap 4605008k(3052k free)

vm_info: Java HotSpot(TM) 64-Bit Server VM (25.201-b09) for windows-amd64 JRE (1.8.0_201-b09), built on Dec 15 2018 18:36:39 by "java_re" with MS VC++ 10.0 (VS2010)

time: Wed Jun 12 19:19:18 2019
timezone: Central European Daylight Time
elapsed time: 36 seconds (0d 0h 0m 36s)

