#
# There is insufficient memory for the Java Runtime Environment to continue.
# Native memory allocation (malloc) failed to allocate 170256 bytes for Chunk::new
# Possible reasons:
#   The system is out of physical RAM or swap space
#   The process is running with CompressedOops enabled, and the Java Heap may be blocking the growth of the native heap
# Possible solutions:
#   Reduce memory load on the system
#   Increase physical memory or swap space
#   Check if swap backing store is full
#   Decrease Java heap size (-Xmx/-Xms)
#   Decrease number of Java threads
#   Decrease Java thread stack sizes (-Xss)
#   Set larger code cache with -XX:ReservedCodeCacheSize=
#   JVM is running with Unscaled Compressed Oops mode in which the Java heap is
#     placed in the first 4GB address space. The Java Heap base address is the
#     maximum limit for the native heap growth. Please use -XX:HeapBaseMinAddress
#     to set the Java Heap base and to place the Java Heap above 4GB virtual address.
# This output file may be truncated or incomplete.
#
#  Out of Memory Error (allocation.cpp:390), pid=9748, tid=0x00000000000025e0
#
# JRE version: Java(TM) SE Runtime Environment (8.0_201-b09) (build 1.8.0_201-b09)
# Java VM: Java HotSpot(TM) 64-Bit Server VM (25.201-b09 mixed mode windows-amd64 compressed oops)
# Failed to write core dump. Minidumps are not enabled by default on client versions of Windows
#

---------------  T H R E A D  ---------------

Current thread (0x0000000015499000):  JavaThread "C2 CompilerThread1" daemon [_thread_in_native, id=9696, stack(0x0000000017270000,0x0000000017370000)]

Stack: [0x0000000017270000,0x0000000017370000]
[error occurred during error reporting (printing stack bounds), id 0xc0000005]

Native frames: (J=compiled Java code, j=interpreted, Vv=VM code, C=native code)


Current CompileTask:
C2:  35973 1928       4       sun.reflect.ClassFileAssembler::emitConstantPoolUTF8 (50 bytes)


---------------  P R O C E S S  ---------------

Java Threads: ( => current thread )
  0x00000000188d7800 JavaThread "background-preinit" [_thread_in_Java, id=2348, stack(0x00000000194e0000,0x00000000195e0000)]
  0x00000000173a9000 JavaThread "Service Thread" daemon [_thread_blocked, id=6212, stack(0x0000000017870000,0x0000000017970000)]
  0x00000000173a8800 JavaThread "C1 CompilerThread2" daemon [_thread_in_native, id=11092, stack(0x0000000017770000,0x0000000017870000)]
=>0x0000000015499000 JavaThread "C2 CompilerThread1" daemon [_thread_in_native, id=9696, stack(0x0000000017270000,0x0000000017370000)]
  0x0000000015497000 JavaThread "C2 CompilerThread0" daemon [_thread_in_native, id=6088, stack(0x0000000017170000,0x0000000017270000)]
  0x000000001548c000 JavaThread "JDWP Command Reader" daemon [_thread_in_native, id=8796, stack(0x0000000017070000,0x0000000017170000)]
  0x0000000015488800 JavaThread "JDWP Event Helper Thread" daemon [_thread_blocked, id=8504, stack(0x0000000016f70000,0x0000000017070000)]
  0x0000000015477800 JavaThread "JDWP Transport Listener: dt_socket" daemon [_thread_blocked, id=8588, stack(0x0000000016ac0000,0x0000000016bc0000)]
  0x000000001546e000 JavaThread "Attach Listener" daemon [_thread_blocked, id=10820, stack(0x00000000169a0000,0x0000000016aa0000)]
  0x000000001546d000 JavaThread "Signal Dispatcher" daemon [_thread_blocked, id=8376, stack(0x00000000168a0000,0x00000000169a0000)]
  0x0000000002e8c000 JavaThread "Finalizer" daemon [_thread_blocked, id=6652, stack(0x00000000166b0000,0x00000000167b0000)]
  0x000000001544a000 JavaThread "Reference Handler" daemon [_thread_blocked, id=5304, stack(0x00000000165b0000,0x00000000166b0000)]
  0x0000000002d97000 JavaThread "main" [_thread_in_Java, id=3280, stack(0x0000000002c20000,0x0000000002d20000)]

Other Threads:
  0x0000000015427800 VMThread [stack: 0x00000000164b0000,0x00000000165b0000] [id=11568]
  0x000000001740d000 WatcherThread [stack: 0x0000000017970000,0x0000000017a70000] [id=11132]

VM state:not at safepoint (normal execution)

VM Mutex/Monitor currently owned by a thread: None

heap address: 0x00000000c1c00000, size: 996 MB, Compressed Oops mode: 32-bit
Narrow klass base: 0x0000000000000000, Narrow klass shift: 3
Compressed class space size: 1073741824 Address: 0x0000000100000000

Heap:
 PSYoungGen      total 72192K, used 15037K [0x00000000eb400000, 0x00000000f4100000, 0x0000000100000000)
  eden space 65536K, 22% used [0x00000000eb400000,0x00000000ec2af658,0x00000000ef400000)
  from space 6656K, 0% used [0x00000000ef400000,0x00000000ef400000,0x00000000efa80000)
  to   space 6656K, 0% used [0x00000000f3a80000,0x00000000f3a80000,0x00000000f4100000)
 ParOldGen       total 33280K, used 6060K [0x00000000c1c00000, 0x00000000c3c80000, 0x00000000eb400000)
  object space 33280K, 18% used [0x00000000c1c00000,0x00000000c21eb2c0,0x00000000c3c80000)
 Metaspace       used 21892K, capacity 22424K, committed 22656K, reserved 1069056K
  class space    used 2758K, capacity 2919K, committed 2944K, reserved 1048576K

Card table byte_map: [0x0000000012250000,0x0000000012450000] byte_map_base: 0x0000000011c42000

Marking Bits: (ParMarkBitMap*) 0x0000000064aa4ce0
 Begin Bits: [0x00000000129a0000, 0x0000000013930000)
 End Bits:   [0x0000000013930000, 0x00000000148c0000)

Polling page: 0x0000000002bf0000

CodeCache: size=245760Kb used=7116Kb max_used=7116Kb free=238643Kb
 bounds [0x0000000002e90000, 0x0000000003590000, 0x0000000011e90000]
 total_blobs=2224 nmethods=1861 adapters=283
 compilation: enabled

Compilation events (10 events):
Event: 35.923 Thread 0x00000000173a8800 nmethod 1922 0x00000000035544d0 code [0x0000000003554620, 0x0000000003554770]
Event: 35.931 Thread 0x00000000173a8800 1930   !   3       sun.reflect.GeneratedMethodAccessor2::invoke (66 bytes)
Event: 35.935 Thread 0x00000000173a8800 nmethod 1930 0x00000000035719d0 code [0x0000000003571be0, 0x00000000035723f8]
Event: 35.935 Thread 0x00000000173a8800 1931   !   3       sun.reflect.GeneratedMethodAccessor3::invoke (66 bytes)
Event: 35.938 Thread 0x00000000173a8800 nmethod 1931 0x0000000003582810 code [0x0000000003582a20, 0x0000000003583238]
Event: 35.944 Thread 0x00000000173a8800 1933       3       org.springframework.util.AntPathMatcher::tokenizePath (14 bytes)
Event: 35.945 Thread 0x00000000173a8800 nmethod 1933 0x0000000003571610 code [0x0000000003571780, 0x0000000003571928]
Event: 35.947 Thread 0x00000000173a8800 1934       3       org.springframework.util.AntPathMatcher::match (9 bytes)
Event: 35.948 Thread 0x00000000173a8800 nmethod 1934 0x0000000003571190 code [0x0000000003571300, 0x00000000035714c8]
Event: 35.949 Thread 0x00000000173a8800 1935       3       org.springframework.util.AntPathMatcher::tokenizePattern (91 bytes)

GC Heap History (10 events):
Event: 21.341 GC heap before
{Heap before GC invocations=4 (full 0):
 PSYoungGen      total 18944K, used 18939K [0x00000000eb400000, 0x00000000ed900000, 0x0000000100000000)
  eden space 16384K, 100% used [0x00000000eb400000,0x00000000ec400000,0x00000000ec400000)
  from space 2560K, 99% used [0x00000000ec400000,0x00000000ec67eea0,0x00000000ec680000)
  to   space 2560K, 0% used [0x00000000ed680000,0x00000000ed680000,0x00000000ed900000)
 ParOldGen       total 44032K, used 3971K [0x00000000c1c00000, 0x00000000c4700000, 0x00000000eb400000)
  object space 44032K, 9% used [0x00000000c1c00000,0x00000000c1fe0d10,0x00000000c4700000)
 Metaspace       used 14505K, capacity 14952K, committed 15104K, reserved 1062912K
  class space    used 1897K, capacity 2027K, committed 2048K, reserved 1048576K
Event: 21.374 GC heap after
Heap after GC invocations=4 (full 0):
 PSYoungGen      total 35328K, used 2546K [0x00000000eb400000, 0x00000000ed900000, 0x0000000100000000)
  eden space 32768K, 0% used [0x00000000eb400000,0x00000000eb400000,0x00000000ed400000)
  from space 2560K, 99% used [0x00000000ed680000,0x00000000ed8fc838,0x00000000ed900000)
  to   space 2560K, 0% used [0x00000000ed400000,0x00000000ed400000,0x00000000ed680000)
 ParOldGen       total 44032K, used 5925K [0x00000000c1c00000, 0x00000000c4700000, 0x00000000eb400000)
  object space 44032K, 13% used [0x00000000c1c00000,0x00000000c21c97c0,0x00000000c4700000)
 Metaspace       used 14505K, capacity 14952K, committed 15104K, reserved 1062912K
  class space    used 1897K, capacity 2027K, committed 2048K, reserved 1048576K
}
Event: 24.720 GC heap before
{Heap before GC invocations=5 (full 0):
 PSYoungGen      total 35328K, used 35296K [0x00000000eb400000, 0x00000000ed900000, 0x0000000100000000)
  eden space 32768K, 99% used [0x00000000eb400000,0x00000000ed3fba98,0x00000000ed400000)
  from space 2560K, 99% used [0x00000000ed680000,0x00000000ed8fc838,0x00000000ed900000)
  to   space 2560K, 0% used [0x00000000ed400000,0x00000000ed400000,0x00000000ed680000)
 ParOldGen       total 44032K, used 5925K [0x00000000c1c00000, 0x00000000c4700000, 0x00000000eb400000)
  object space 44032K, 13% used [0x00000000c1c00000,0x00000000c21c97c0,0x00000000c4700000)
 Metaspace       used 18764K, capacity 19262K, committed 19456K, reserved 1067008K
  class space    used 2380K, capacity 2520K, committed 2560K, reserved 1048576K
Event: 24.814 GC heap after
Heap after GC invocations=5 (full 0):
 PSYoungGen      total 35328K, used 2543K [0x00000000eb400000, 0x00000000f0100000, 0x0000000100000000)
  eden space 32768K, 0% used [0x00000000eb400000,0x00000000eb400000,0x00000000ed400000)
  from space 2560K, 99% used [0x00000000ed400000,0x00000000ed67bd78,0x00000000ed680000)
  to   space 6656K, 0% used [0x00000000efa80000,0x00000000efa80000,0x00000000f0100000)
 ParOldGen       total 44032K, used 9799K [0x00000000c1c00000, 0x00000000c4700000, 0x00000000eb400000)
  object space 44032K, 22% used [0x00000000c1c00000,0x00000000c2591f80,0x00000000c4700000)
 Metaspace       used 18764K, capacity 19262K, committed 19456K, reserved 1067008K
  class space    used 2380K, capacity 2520K, committed 2560K, reserved 1048576K
}
Event: 26.355 GC heap before
{Heap before GC invocations=6 (full 0):
 PSYoungGen      total 35328K, used 35311K [0x00000000eb400000, 0x00000000f0100000, 0x0000000100000000)
  eden space 32768K, 100% used [0x00000000eb400000,0x00000000ed400000,0x00000000ed400000)
  from space 2560K, 99% used [0x00000000ed400000,0x00000000ed67bd78,0x00000000ed680000)
  to   space 6656K, 0% used [0x00000000efa80000,0x00000000efa80000,0x00000000f0100000)
 ParOldGen       total 44032K, used 9799K [0x00000000c1c00000, 0x00000000c4700000, 0x00000000eb400000)
  object space 44032K, 22% used [0x00000000c1c00000,0x00000000c2591f80,0x00000000c4700000)
 Metaspace       used 19803K, capacity 20286K, committed 20608K, reserved 1067008K
  class space    used 2518K, capacity 2648K, committed 2688K, reserved 1048576K
Event: 26.597 GC heap after
Heap after GC invocations=6 (full 0):
 PSYoungGen      total 72192K, used 4179K [0x00000000eb400000, 0x00000000f0100000, 0x0000000100000000)
  eden space 65536K, 0% used [0x00000000eb400000,0x00000000eb400000,0x00000000ef400000)
  from space 6656K, 62% used [0x00000000efa80000,0x00000000efe94ff8,0x00000000f0100000)
  to   space 6656K, 0% used [0x00000000ef400000,0x00000000ef400000,0x00000000efa80000)
 ParOldGen       total 44032K, used 9807K [0x00000000c1c00000, 0x00000000c4700000, 0x00000000eb400000)
  object space 44032K, 22% used [0x00000000c1c00000,0x00000000c2593f80,0x00000000c4700000)
 Metaspace       used 19803K, capacity 20286K, committed 20608K, reserved 1067008K
  class space    used 2518K, capacity 2648K, committed 2688K, reserved 1048576K
}
Event: 29.306 GC heap before
{Heap before GC invocations=7 (full 0):
 PSYoungGen      total 72192K, used 15763K [0x00000000eb400000, 0x00000000f0100000, 0x0000000100000000)
  eden space 65536K, 17% used [0x00000000eb400000,0x00000000ebf4fe98,0x00000000ef400000)
  from space 6656K, 62% used [0x00000000efa80000,0x00000000efe94ff8,0x00000000f0100000)
  to   space 6656K, 0% used [0x00000000ef400000,0x00000000ef400000,0x00000000efa80000)
 ParOldGen       total 44032K, used 9807K [0x00000000c1c00000, 0x00000000c4700000, 0x00000000eb400000)
  object space 44032K, 22% used [0x00000000c1c00000,0x00000000c2593f80,0x00000000c4700000)
 Metaspace       used 20647K, capacity 21132K, committed 21248K, reserved 1067008K
  class space    used 2634K, capacity 2805K, committed 2816K, reserved 1048576K
Event: 29.496 GC heap after
Heap after GC invocations=7 (full 0):
 PSYoungGen      total 72192K, used 3181K [0x00000000eb400000, 0x00000000f4100000, 0x0000000100000000)
  eden space 65536K, 0% used [0x00000000eb400000,0x00000000eb400000,0x00000000ef400000)
  from space 6656K, 47% used [0x00000000ef400000,0x00000000ef71b4c0,0x00000000efa80000)
  to   space 6656K, 0% used [0x00000000f3a80000,0x00000000f3a80000,0x00000000f4100000)
 ParOldGen       total 44032K, used 11108K [0x00000000c1c00000, 0x00000000c4700000, 0x00000000eb400000)
  object space 44032K, 25% used [0x00000000c1c00000,0x00000000c26d9230,0x00000000c4700000)
 Metaspace       used 20647K, capacity 21132K, committed 21248K, reserved 1067008K
  class space    used 2634K, capacity 2805K, committed 2816K, reserved 1048576K
}
Event: 29.497 GC heap before
{Heap before GC invocations=8 (full 1):
 PSYoungGen      total 72192K, used 3181K [0x00000000eb400000, 0x00000000f4100000, 0x0000000100000000)
  eden space 65536K, 0% used [0x00000000eb400000,0x00000000eb400000,0x00000000ef400000)
  from space 6656K, 47% used [0x00000000ef400000,0x00000000ef71b4c0,0x00000000efa80000)
  to   space 6656K, 0% used [0x00000000f3a80000,0x00000000f3a80000,0x00000000f4100000)
 ParOldGen       total 44032K, used 11108K [0x00000000c1c00000, 0x00000000c4700000, 0x00000000eb400000)
  object space 44032K, 25% used [0x00000000c1c00000,0x00000000c26d9230,0x00000000c4700000)
 Metaspace       used 20647K, capacity 21132K, committed 21248K, reserved 1067008K
  class space    used 2634K, capacity 2805K, committed 2816K, reserved 1048576K
Event: 30.438 GC heap after
Heap after GC invocations=8 (full 1):
 PSYoungGen      total 72192K, used 0K [0x00000000eb400000, 0x00000000f4100000, 0x0000000100000000)
  eden space 65536K, 0% used [0x00000000eb400000,0x00000000eb400000,0x00000000ef400000)
  from space 6656K, 0% used [0x00000000ef400000,0x00000000ef400000,0x00000000efa80000)
  to   space 6656K, 0% used [0x00000000f3a80000,0x00000000f3a80000,0x00000000f4100000)
 ParOldGen       total 33280K, used 6060K [0x00000000c1c00000, 0x00000000c3c80000, 0x00000000eb400000)
  object space 33280K, 18% used [0x00000000c1c00000,0x00000000c21eb2c0,0x00000000c3c80000)
 Metaspace       used 20647K, capacity 21132K, committed 21248K, reserved 1067008K
  class space    used 2634K, capacity 2805K, committed 2816K, reserved 1048576K
}

Deoptimization events (10 events):
Event: 21.473 Thread 0x0000000002d97000 Uncommon trap: reason=bimorphic action=maybe_recompile pc=0x0000000003260b18 method=java.util.HashMap.putVal(ILjava/lang/Object;Ljava/lang/Object;ZZ)Ljava/lang/Object; @ 253
Event: 21.473 Thread 0x0000000002d97000 Uncommon trap: reason=bimorphic action=maybe_recompile pc=0x0000000003260b18 method=java.util.HashMap.putVal(ILjava/lang/Object;Ljava/lang/Object;ZZ)Ljava/lang/Object; @ 253
Event: 21.473 Thread 0x0000000002d97000 Uncommon trap: reason=bimorphic action=maybe_recompile pc=0x0000000003260b18 method=java.util.HashMap.putVal(ILjava/lang/Object;Ljava/lang/Object;ZZ)Ljava/lang/Object; @ 253
Event: 21.719 Thread 0x00000000188d7800 Uncommon trap: reason=bimorphic action=maybe_recompile pc=0x00000000032d859c method=java.util.HashMap.putVal(ILjava/lang/Object;Ljava/lang/Object;ZZ)Ljava/lang/Object; @ 203
Event: 21.737 Thread 0x00000000188d7800 Uncommon trap: reason=bimorphic action=maybe_recompile pc=0x00000000032d859c method=java.util.HashMap.putVal(ILjava/lang/Object;Ljava/lang/Object;ZZ)Ljava/lang/Object; @ 203
Event: 22.018 Thread 0x00000000188d7800 Uncommon trap: reason=unstable_if action=reinterpret pc=0x0000000003283028 method=java.util.jar.Manifest$FastInputStream.readLine([BII)I @ 87
Event: 25.964 Thread 0x0000000002d97000 Uncommon trap: reason=unstable_if action=reinterpret pc=0x0000000003067834 method=org.springframework.asm.ClassReader.readUTF8(I[C)Ljava/lang/String; @ 11
Event: 27.742 Thread 0x00000000188d7800 Uncommon trap: reason=unstable_if action=reinterpret pc=0x00000000032e6718 method=jdk.internal.org.objectweb.asm.Type.getArgumentsAndReturnSizes(Ljava/lang/String;)I @ 47
Event: 31.556 Thread 0x0000000002d97000 Uncommon trap: reason=unstable_if action=reinterpret pc=0x0000000002fd24e4 method=org.springframework.asm.ClassReader.readUtf(II[C)Ljava/lang/String; @ 41
Event: 35.474 Thread 0x00000000188d7800 Uncommon trap: reason=unstable_if action=reinterpret pc=0x00000000035035a8 method=com.sun.org.apache.xerces.internal.impl.XMLEntityScanner.scanLiteral(ILcom/sun/org/apache/xerces/internal/xni/XMLString;Z)I @ 570

Classes redefined (0 events):
No events

Internal exceptions (10 events):
Event: 22.669 Thread 0x0000000002d97000 Exception <a 'java/lang/ClassNotFoundException': org/springframework/core/PriorityOrderedCustomizer> (0x00000000ebf358a0) thrown at [C:\re\workspace\8-2-build-windows-amd64-cygwin\jdk8u201\12322\hotspot\src\share\vm\classfile\systemDictionary.cpp, line 21
Event: 22.675 Thread 0x0000000002d97000 Exception <a 'java/lang/ClassNotFoundException': org/springframework/core/OrderedCustomizer> (0x00000000ebf47518) thrown at [C:\re\workspace\8-2-build-windows-amd64-cygwin\jdk8u201\12322\hotspot\src\share\vm\classfile\systemDictionary.cpp, line 210]
Event: 22.683 Thread 0x0000000002d97000 Exception <a 'java/lang/ClassNotFoundException': org/springframework/context/ResourceLoaderAwareCustomizer> (0x00000000ec0214e0) thrown at [C:\re\workspace\8-2-build-windows-amd64-cygwin\jdk8u201\12322\hotspot\src\share\vm\classfile\systemDictionary.cpp, 
Event: 22.699 Thread 0x0000000002d97000 Exception <a 'java/lang/ClassNotFoundException': org/springframework/beans/factory/AwareCustomizer> (0x00000000ec0364c0) thrown at [C:\re\workspace\8-2-build-windows-amd64-cygwin\jdk8u201\12322\hotspot\src\share\vm\classfile\systemDictionary.cpp, line 210
Event: 22.704 Thread 0x0000000002d97000 Exception <a 'java/lang/ClassNotFoundException': org/springframework/beans/factory/BeanClassLoaderAwareCustomizer> (0x00000000ec04e7f0) thrown at [C:\re\workspace\8-2-build-windows-amd64-cygwin\jdk8u201\12322\hotspot\src\share\vm\classfile\systemDictionar
Event: 22.708 Thread 0x0000000002d97000 Exception <a 'java/lang/ClassNotFoundException': org/springframework/beans/factory/AwareCustomizer> (0x00000000ec0637e8) thrown at [C:\re\workspace\8-2-build-windows-amd64-cygwin\jdk8u201\12322\hotspot\src\share\vm\classfile\systemDictionary.cpp, line 210
Event: 22.712 Thread 0x0000000002d97000 Exception <a 'java/lang/ClassNotFoundException': org/springframework/context/EnvironmentAwareCustomizer> (0x00000000ec078ce8) thrown at [C:\re\workspace\8-2-build-windows-amd64-cygwin\jdk8u201\12322\hotspot\src\share\vm\classfile\systemDictionary.cpp, lin
Event: 22.716 Thread 0x0000000002d97000 Exception <a 'java/lang/ClassNotFoundException': org/springframework/beans/factory/AwareCustomizer> (0x00000000ec14f248) thrown at [C:\re\workspace\8-2-build-windows-amd64-cygwin\jdk8u201\12322\hotspot\src\share\vm\classfile\systemDictionary.cpp, line 210
Event: 23.064 Thread 0x0000000002d97000 Exception <a 'java/lang/NoSuchMethodError': java.lang.Object.lambda$comparing$77a9974f$1(Ljava/util/function/Function;Ljava/lang/Object;Ljava/lang/Object;)I> (0x00000000ec4eabf0) thrown at [C:\re\workspace\8-2-build-windows-amd64-cygwin\jdk8u201\12322\hot
Event: 27.838 Thread 0x00000000188d7800 Exception <a 'java/lang/IncompatibleClassChangeError': Found class java.lang.Object, but interface was expected> (0x00000000eb98f140) thrown at [C:\re\workspace\8-2-build-windows-amd64-cygwin\jdk8u201\12322\hotspot\src\share\vm\interpreter\linkResolver.cp

Events (10 events):
Event: 35.632 Thread 0x0000000002d97000 DEOPT PACKING pc=0x000000000347f284 sp=0x0000000002d1e080
Event: 35.632 Thread 0x0000000002d97000 DEOPT UNPACKING pc=0x0000000002ed7890 sp=0x0000000002d1def0 mode 1
Event: 35.632 loading class javax/inject$Named
Event: 35.632 loading class javax/inject$Named done
Event: 35.633 Thread 0x0000000002d97000 DEOPT PACKING pc=0x000000000306b774 sp=0x0000000002d1d710
Event: 35.634 Thread 0x0000000002d97000 DEOPT UNPACKING pc=0x0000000002ed7890 sp=0x0000000002d1d488 mode 1
Event: 35.634 Thread 0x0000000002d97000 DEOPT PACKING pc=0x0000000003064e9c sp=0x0000000002d1d7c0
Event: 35.634 Thread 0x0000000002d97000 DEOPT UNPACKING pc=0x0000000002ed7890 sp=0x0000000002d1d500 mode 1
Event: 35.634 Thread 0x0000000002d97000 DEOPT PACKING pc=0x000000000318a06c sp=0x0000000002d1e0f0
Event: 35.634 Thread 0x0000000002d97000 DEOPT UNPACKING pc=0x0000000002ed7890 sp=0x0000000002d1de68 mode 1


Dynamic libraries:
0x00007ff694150000 - 0x00007ff694187000 	C:\Program Files\Java\jdk1.8.0_201\bin\java.exe
0x00007ffcbc6b0000 - 0x00007ffcbc891000 	C:\WINDOWS\SYSTEM32\ntdll.dll
0x00007ffcbbe70000 - 0x00007ffcbbf21000 	C:\WINDOWS\System32\KERNEL32.DLL
0x00007ffcb8a80000 - 0x00007ffcb8cf3000 	C:\WINDOWS\System32\KERNELBASE.dll
0x00007ffcbbce0000 - 0x00007ffcbbd81000 	C:\WINDOWS\System32\ADVAPI32.dll
0x00007ffcbb500000 - 0x00007ffcbb59e000 	C:\WINDOWS\System32\msvcrt.dll
0x00007ffcbba20000 - 0x00007ffcbba7b000 	C:\WINDOWS\System32\sechost.dll
0x00007ffcbb1d0000 - 0x00007ffcbb2f4000 	C:\WINDOWS\System32\RPCRT4.dll
0x00007ffcbb040000 - 0x00007ffcbb1d0000 	C:\WINDOWS\System32\USER32.dll
0x00007ffcb9240000 - 0x00007ffcb9260000 	C:\WINDOWS\System32\win32u.dll
0x00007ffcbb450000 - 0x00007ffcbb478000 	C:\WINDOWS\System32\GDI32.dll
0x00007ffcb8d00000 - 0x00007ffcb8e92000 	C:\WINDOWS\System32\gdi32full.dll
0x00007ffcb9260000 - 0x00007ffcb92ff000 	C:\WINDOWS\System32\msvcp_win.dll
0x00007ffcb9140000 - 0x00007ffcb9238000 	C:\WINDOWS\System32\ucrtbase.dll
0x00007ffc9e6a0000 - 0x00007ffc9e909000 	C:\WINDOWS\WinSxS\amd64_microsoft.windows.common-controls_6595b64144ccf1df_6.0.17134.765_none_fb42a1a930655896\COMCTL32.dll
0x00007ffcbb6f0000 - 0x00007ffcbba12000 	C:\WINDOWS\System32\combase.dll
0x00007ffcb9ac0000 - 0x00007ffcb9b3a000 	C:\WINDOWS\System32\bcryptPrimitives.dll
0x00007ffcb9b60000 - 0x00007ffcb9b8d000 	C:\WINDOWS\System32\IMM32.DLL
0x0000000064d50000 - 0x0000000064e21000 	C:\Program Files\Java\jdk1.8.0_201\jre\bin\msvcr100.dll
0x0000000064280000 - 0x0000000064b24000 	C:\Program Files\Java\jdk1.8.0_201\jre\bin\server\jvm.dll
0x00007ffcb9bf0000 - 0x00007ffcb9bf8000 	C:\WINDOWS\System32\PSAPI.DLL
0x00007ffcaff40000 - 0x00007ffcaff49000 	C:\WINDOWS\SYSTEM32\WSOCK32.dll
0x00007ffcbb490000 - 0x00007ffcbb4fc000 	C:\WINDOWS\System32\WS2_32.dll
0x00007ffcb4110000 - 0x00007ffcb4133000 	C:\WINDOWS\SYSTEM32\WINMM.dll
0x00007ffcb1970000 - 0x00007ffcb197a000 	C:\WINDOWS\SYSTEM32\VERSION.dll
0x00007ffcb40e0000 - 0x00007ffcb410a000 	C:\WINDOWS\SYSTEM32\WINMMBASE.dll
0x00007ffcb9300000 - 0x00007ffcb9349000 	C:\WINDOWS\System32\cfgmgr32.dll
0x00007ffca3b10000 - 0x00007ffca3b1f000 	C:\Program Files\Java\jdk1.8.0_201\jre\bin\verify.dll
0x00007ffc8f7b0000 - 0x00007ffc8f7d9000 	C:\Program Files\Java\jdk1.8.0_201\jre\bin\java.dll
0x00007ffc9b300000 - 0x00007ffc9b335000 	C:\Program Files\Java\jdk1.8.0_201\jre\bin\jdwp.dll
0x00007ffcaf370000 - 0x00007ffcaf378000 	C:\Program Files\Java\jdk1.8.0_201\jre\bin\npt.dll
0x00007ffca2b60000 - 0x00007ffca2b76000 	C:\Program Files\Java\jdk1.8.0_201\jre\bin\zip.dll
0x00007ffcb9c00000 - 0x00007ffcbb040000 	C:\WINDOWS\System32\SHELL32.dll
0x00007ffcbb300000 - 0x00007ffcbb3a9000 	C:\WINDOWS\System32\shcore.dll
0x00007ffcb9350000 - 0x00007ffcb9a5d000 	C:\WINDOWS\System32\windows.storage.dll
0x00007ffcbb5a0000 - 0x00007ffcbb5f1000 	C:\WINDOWS\System32\shlwapi.dll
0x00007ffcb89e0000 - 0x00007ffcb89f1000 	C:\WINDOWS\System32\kernel.appcore.dll
0x00007ffcb8a60000 - 0x00007ffcb8a7f000 	C:\WINDOWS\System32\profapi.dll
0x00007ffcb8a00000 - 0x00007ffcb8a4c000 	C:\WINDOWS\System32\powrprof.dll
0x00007ffcb8a50000 - 0x00007ffcb8a5a000 	C:\WINDOWS\System32\FLTLIB.DLL
0x00007ffcaf360000 - 0x00007ffcaf369000 	C:\Program Files\Java\jdk1.8.0_201\jre\bin\dt_socket.dll
0x00007ffca0590000 - 0x00007ffca05a6000 	C:\WINDOWS\system32\napinsp.dll
0x00007ffc9d5f0000 - 0x00007ffc9d60a000 	C:\WINDOWS\system32\pnrpnsp.dll
0x00007ffcb5800000 - 0x00007ffcb5819000 	C:\WINDOWS\system32\NLAapi.dll
0x00007ffcb8240000 - 0x00007ffcb82a6000 	C:\WINDOWS\System32\mswsock.dll
0x00007ffcb8000000 - 0x00007ffcb80be000 	C:\WINDOWS\SYSTEM32\DNSAPI.dll
0x00007ffcbbb50000 - 0x00007ffcbbb58000 	C:\WINDOWS\System32\NSI.dll
0x00007ffcb7fc0000 - 0x00007ffcb7ff8000 	C:\WINDOWS\SYSTEM32\IPHLPAPI.DLL
0x00007ffca3910000 - 0x00007ffca391e000 	C:\WINDOWS\System32\winrnr.dll
0x0000000065040000 - 0x0000000065075000 	C:\Program Files\Bonjour\mdnsNSP.dll
0x00007ffcab610000 - 0x00007ffcab682000 	C:\WINDOWS\System32\fwpuclnt.dll
0x00007ffcb8520000 - 0x00007ffcb8545000 	C:\WINDOWS\SYSTEM32\bcrypt.dll
0x00007ffca4d70000 - 0x00007ffca4d7a000 	C:\Windows\System32\rasadhlp.dll
0x00007ffcaf380000 - 0x00007ffcaf38d000 	C:\Program Files\Java\jdk1.8.0_201\jre\bin\management.dll
0x00007ffc9c800000 - 0x00007ffc9c81a000 	C:\Program Files\Java\jdk1.8.0_201\jre\bin\net.dll
0x00007ffca1060000 - 0x00007ffca1228000 	C:\WINDOWS\SYSTEM32\urlmon.dll
0x00007ffca13e0000 - 0x00007ffca1687000 	C:\WINDOWS\SYSTEM32\iertutil.dll
0x00007ffcb8410000 - 0x00007ffcb841b000 	C:\WINDOWS\SYSTEM32\CRYPTBASE.DLL
0x00007ffc97970000 - 0x00007ffc97981000 	C:\Program Files\Java\jdk1.8.0_201\jre\bin\nio.dll

VM Arguments:
jvm_args: -Xdebug -Xnoagent -Djava.compiler=NONE -Xrunjdwp:transport=dt_socket,address=localhost:60378,server=n,suspend=y -Dfile.encoding=UTF-8 
java_command: com.example.demo.DemoApplication
java_class_path (initial): C:\Users\LENOVO\Desktop\SI-Oscar-2019\demo\target\classes;C:\Users\LENOVO\.m2\repository\org\springframework\boot\spring-boot-starter-web\2.1.4.RELEASE\spring-boot-starter-web-2.1.4.RELEASE.jar;C:\Users\LENOVO\.m2\repository\org\springframework\boot\spring-boot-starter\2.1.4.RELEASE\spring-boot-starter-2.1.4.RELEASE.jar;C:\Users\LENOVO\.m2\repository\org\springframework\boot\spring-boot\2.1.4.RELEASE\spring-boot-2.1.4.RELEASE.jar;C:\Users\LENOVO\.m2\repository\org\springframework\boot\spring-boot-autoconfigure\2.1.4.RELEASE\spring-boot-autoconfigure-2.1.4.RELEASE.jar;C:\Users\LENOVO\.m2\repository\org\springframework\boot\spring-boot-starter-logging\2.1.4.RELEASE\spring-boot-starter-logging-2.1.4.RELEASE.jar;C:\Users\LENOVO\.m2\repository\ch\qos\logback\logback-classic\1.2.3\logback-classic-1.2.3.jar;C:\Users\LENOVO\.m2\repository\ch\qos\logback\logback-core\1.2.3\logback-core-1.2.3.jar;C:\Users\LENOVO\.m2\repository\org\apache\logging\log4j\log4j-to-slf4j\2.11.2\log4j-to-slf4j-2.11.2.jar;C:\Users\LENOVO\.m2\repository\org\apache\logging\log4j\log4j-api\2.11.2\log4j-api-2.11.2.jar;C:\Users\LENOVO\.m2\repository\org\slf4j\jul-to-slf4j\1.7.26\jul-to-slf4j-1.7.26.jar;C:\Users\LENOVO\.m2\repository\javax\annotation\javax.annotation-api\1.3.2\javax.annotation-api-1.3.2.jar;C:\Users\LENOVO\.m2\repository\org\yaml\snakeyaml\1.23\snakeyaml-1.23.jar;C:\Users\LENOVO\.m2\repository\org\springframework\boot\spring-boot-starter-json\2.1.4.RELEASE\spring-boot-starter-json-2.1.4.RELEASE.jar;C:\Users\LENOVO\.m2\repository\com\fasterxml\jackson\core\jackson-databind\2.9.8\jackson-databind-2.9.8.jar;C:\Users\LENOVO\.m2\repository\com\fasterxml\jackson\core\jackson-core\2.9.8\jackson-core-2.9.8.jar;C:\Users\LENOVO\.m2\repository\com\fasterxml\jackson\datatype\jackson-datatype-jdk8\2.9.8\jackson-datatype-jdk8-2.9.8.jar;C:\Users\LENOVO\.m2\repository\com\fasterxml\jackson\datatype\jackson-datatype-jsr310\2.9.8\jackson-datatype-jsr310-2.9.8.jar;C:\Users\LENOV
Launcher Type: SUN_STANDARD

Environment Variables:
JAVA_HOME=C:\Program Files\Java\jdk1.8.0_201
PATH=C:\Program Files (x86)\Common Files\Oracle\Java\javapath;C:\WINDOWS\system32;C:\WINDOWS;C:\WINDOWS\System32\Wbem;"C:\WINDOWS\System32\WindowsPowerShell\v1.0\;C:\Users\LENOVO\Desktop\galen\";C:\Program Files\dotnet\;C:\Program Files\Microsoft SQL Server\130\Tools\Binn\;C:\Program Files\MySQL\MySQL Utilities 1.6\;C:\Program Files\MATLAB\R2017b\runtime\win64;C:\Program Files\MATLAB\R2017b\bin;C:\Program Files\Git\cmd;C:\WINDOWS\System32\OpenSSH\;C:\Users\LENOVO\Desktop\galen\;C:\Users\LENOVO\Desktop\driveri\;C:\Program Files\nodejs;C:\Program Files\;C:\Program Files\wkhtmltopdf\bin;C:\Python\Python37;C:\Program Files\Java\jdk1.8.0_201;C:\Program Files\Java\jdk1.8.0_201\bin;C:\Program Files\Java\jre1.8.0_201\bin;C:\Users\LENOVO\AppData\Local\Programs\Python\Python37-32\Scripts\;C:\Users\LENOVO\AppData\Local\Programs\Python\Python37-32\;C:\Users\LENOVO\AppData\Local\Programs\Python\Python36\Scripts\;C:\Users\LENOVO\AppData\Local\Programs\Python\Python36\;C:\Python\Python37\Scripts\;C:\Python\Python37\;C:\Program Files (x86)\Java\jre1.8.0_191\bin;C:\Users\LENOVO\AppData\Roaming\npm;C:\Users\LENOVO\AppData\Local\Programs\Microsoft VS Code\bin;C:\Program Files\JetBrains\IntelliJ IDEA Community Edition 2019.1\bin;
USERNAME=LENOVO
OS=Windows_NT
PROCESSOR_IDENTIFIER=Intel64 Family 6 Model 42 Stepping 7, GenuineIntel



---------------  S Y S T E M  ---------------

OS: Windows 10.0 , 64 bit Build 17134 (10.0.17134.753)

CPU:total 4 (initial active 4) (2 cores per cpu, 2 threads per core) family 6 model 42 stepping 7, cmov, cx8, fxsr, mmx, sse, sse2, sse3, ssse3, sse4.1, sse4.2, popcnt, avx, aes, clmul, ht, tsc, tscinvbit

Memory: 4k page, physical 4078828k(584396k free), swap 4605008k(3052k free)

vm_info: Java HotSpot(TM) 64-Bit Server VM (25.201-b09) for windows-amd64 JRE (1.8.0_201-b09), built on Dec 15 2018 18:36:39 by "java_re" with MS VC++ 10.0 (VS2010)

time: Wed Jun 12 19:19:18 2019
timezone: Central European Daylight Time
elapsed time: 36 seconds (0d 0h 0m 36s)

