#
# There is insufficient memory for the Java Runtime Environment to continue.
# Native memory allocation (malloc) failed to allocate 1497456 bytes for Chunk::new
# Possible reasons:
#   The system is out of physical RAM or swap space
#   The process is running with CompressedOops enabled, and the Java Heap may be blocking the growth of the native heap
# Possible solutions:
#   Reduce memory load on the system
#   Increase physical memory or swap space
#   Check if swap backing store is full
#   Decrease Java heap size (-Xmx/-Xms)
#   Decrease number of Java threads
#   Decrease Java thread stack sizes (-Xss)
#   Set larger code cache with -XX:ReservedCodeCacheSize=
#   JVM is running with Unscaled Compressed Oops mode in which the Java heap is
#     placed in the first 4GB address space. The Java Heap base address is the
#     maximum limit for the native heap growth. Please use -XX:HeapBaseMinAddress
#     to set the Java Heap base and to place the Java Heap above 4GB virtual address.
# This output file may be truncated or incomplete.
#
#  Out of Memory Error (allocation.cpp:390), pid=9940, tid=0x0000000000002f20
#
# JRE version: Java(TM) SE Runtime Environment (8.0_201-b09) (build 1.8.0_201-b09)
# Java VM: Java HotSpot(TM) 64-Bit Server VM (25.201-b09 mixed mode windows-amd64 compressed oops)
# Failed to write core dump. Minidumps are not enabled by default on client versions of Windows
#

---------------  T H R E A D  ---------------

Current thread (0x0000000015969000):  JavaThread "C2 CompilerThread1" daemon [_thread_in_native, id=12064, stack(0x0000000017720000,0x0000000017820000)]

Stack: [0x0000000017720000,0x0000000017820000]
[error occurred during error reporting (printing stack bounds), id 0xc0000005]

Native frames: (J=compiled Java code, j=interpreted, Vv=VM code, C=native code)


Current CompileTask:
C2:   3159 1459 %     4       java.io.WinNTFileSystem::normalize @ 22 (143 bytes)


---------------  P R O C E S S  ---------------

Java Threads: ( => current thread )
  0x0000000018562000 JavaThread "background-preinit" [_thread_in_vm, id=11376, stack(0x0000000019830000,0x0000000019930000)]
  0x0000000017866800 JavaThread "Service Thread" daemon [_thread_blocked, id=6688, stack(0x0000000017d20000,0x0000000017e20000)]
  0x0000000017838800 JavaThread "C1 CompilerThread2" daemon [_thread_blocked, id=9976, stack(0x0000000017c20000,0x0000000017d20000)]
=>0x0000000015969000 JavaThread "C2 CompilerThread1" daemon [_thread_in_native, id=12064, stack(0x0000000017720000,0x0000000017820000)]
  0x0000000015967800 JavaThread "C2 CompilerThread0" daemon [_thread_blocked, id=11652, stack(0x0000000017620000,0x0000000017720000)]
  0x000000001595c000 JavaThread "JDWP Command Reader" daemon [_thread_in_native, id=3592, stack(0x0000000017520000,0x0000000017620000)]
  0x0000000015959000 JavaThread "JDWP Event Helper Thread" daemon [_thread_blocked, id=1760, stack(0x0000000017420000,0x0000000017520000)]
  0x000000001594b800 JavaThread "JDWP Transport Listener: dt_socket" daemon [_thread_blocked, id=10796, stack(0x0000000016f80000,0x0000000017080000)]
  0x000000001593e800 JavaThread "Attach Listener" daemon [_thread_blocked, id=7160, stack(0x0000000016e80000,0x0000000016f80000)]
  0x000000001593d800 JavaThread "Signal Dispatcher" daemon [_thread_blocked, id=11352, stack(0x0000000016d80000,0x0000000016e80000)]
  0x0000000015920800 JavaThread "Finalizer" daemon [_thread_blocked, id=8820, stack(0x0000000016b90000,0x0000000016c90000)]
  0x000000001591a000 JavaThread "Reference Handler" daemon [_thread_blocked, id=7396, stack(0x0000000016a90000,0x0000000016b90000)]
  0x0000000003267000 JavaThread "main" [_thread_in_native, id=12244, stack(0x0000000003160000,0x0000000003260000)]

Other Threads:
  0x00000000158f7800 VMThread [stack: 0x0000000016990000,0x0000000016a90000] [id=10580]
  0x00000000178c3800 WatcherThread [stack: 0x0000000017e20000,0x0000000017f20000] [id=8196]

VM state:not at safepoint (normal execution)

VM Mutex/Monitor currently owned by a thread: None

heap address: 0x00000000c1c00000, size: 996 MB, Compressed Oops mode: 32-bit
Narrow klass base: 0x0000000000000000, Narrow klass shift: 3
Compressed class space size: 1073741824 Address: 0x0000000100000000

Heap:
 PSYoungGen      total 72192K, used 10231K [0x00000000eb400000, 0x00000000f0100000, 0x0000000100000000)
  eden space 65536K, 9% used [0x00000000eb400000,0x00000000eb9fb008,0x00000000ef400000)
  from space 6656K, 61% used [0x00000000efa80000,0x00000000efe82f00,0x00000000f0100000)
  to   space 6656K, 0% used [0x00000000ef400000,0x00000000ef400000,0x00000000efa80000)
 ParOldGen       total 44032K, used 10002K [0x00000000c1c00000, 0x00000000c4700000, 0x00000000eb400000)
  object space 44032K, 22% used [0x00000000c1c00000,0x00000000c25c4828,0x00000000c4700000)
 Metaspace       used 20158K, capacity 20604K, committed 20992K, reserved 1067008K
  class space    used 2575K, capacity 2733K, committed 2816K, reserved 1048576K

Card table byte_map: [0x0000000012720000,0x0000000012920000] byte_map_base: 0x0000000012112000

Marking Bits: (ParMarkBitMap*) 0x0000000071f04ce0
 Begin Bits: [0x0000000012e70000, 0x0000000013e00000)
 End Bits:   [0x0000000013e00000, 0x0000000014d90000)

Polling page: 0x0000000002f40000

CodeCache: size=245760Kb used=5354Kb max_used=5366Kb free=240405Kb
 bounds [0x0000000003360000, 0x00000000038b0000, 0x0000000012360000]
 total_blobs=1911 nmethods=1556 adapters=275
 compilation: enabled

Compilation events (10 events):
Event: 3.151 Thread 0x0000000017838800 nmethod 1554 0x000000000388ac50 code [0x000000000388adc0, 0x000000000388b058]
Event: 3.151 Thread 0x0000000017838800 1555       3       java.lang.invoke.DirectMethodHandle::<init> (132 bytes)
Event: 3.153 Thread 0x0000000015967800 nmethod 1497 0x0000000003886e10 code [0x0000000003886f60, 0x0000000003887608]
Event: 3.153 Thread 0x0000000015967800 1534       4       java.util.AbstractCollection::<init> (5 bytes)
Event: 3.153 Thread 0x0000000017838800 nmethod 1555 0x00000000038887d0 code [0x0000000003888a80, 0x000000000388a298]
Event: 3.153 Thread 0x0000000017838800 1556       3       org.springframework.util.StringUtils::toStringArray (25 bytes)
Event: 3.154 Thread 0x0000000015967800 nmethod 1534 0x0000000003886c10 code [0x0000000003886d40, 0x0000000003886d98]
Event: 3.154 Thread 0x0000000015967800 1500       4       org.springframework.asm.ClassReader::readInt (52 bytes)
Event: 3.154 Thread 0x0000000017838800 nmethod 1556 0x0000000003888110 code [0x0000000003888280, 0x00000000038886c8]
Event: 3.154 Thread 0x0000000017838800 1557       3       java.lang.Character::isLetter (5 bytes)

GC Heap History (10 events):
Event: 1.746 GC heap before
{Heap before GC invocations=2 (full 0):
 PSYoungGen      total 18944K, used 18937K [0x00000000eb400000, 0x00000000ec900000, 0x0000000100000000)
  eden space 16384K, 100% used [0x00000000eb400000,0x00000000ec400000,0x00000000ec400000)
  from space 2560K, 99% used [0x00000000ec400000,0x00000000ec67e6c8,0x00000000ec680000)
  to   space 2560K, 0% used [0x00000000ec680000,0x00000000ec680000,0x00000000ec900000)
 ParOldGen       total 44032K, used 781K [0x00000000c1c00000, 0x00000000c4700000, 0x00000000eb400000)
  object space 44032K, 1% used [0x00000000c1c00000,0x00000000c1cc3460,0x00000000c4700000)
 Metaspace       used 10723K, capacity 11010K, committed 11136K, reserved 1058816K
  class space    used 1270K, capacity 1347K, committed 1408K, reserved 1048576K
Event: 1.753 GC heap after
Heap after GC invocations=2 (full 0):
 PSYoungGen      total 18944K, used 2560K [0x00000000eb400000, 0x00000000ed900000, 0x0000000100000000)
  eden space 16384K, 0% used [0x00000000eb400000,0x00000000eb400000,0x00000000ec400000)
  from space 2560K, 100% used [0x00000000ec680000,0x00000000ec900000,0x00000000ec900000)
  to   space 2560K, 0% used [0x00000000ec400000,0x00000000ec400000,0x00000000ec680000)
 ParOldGen       total 44032K, used 2133K [0x00000000c1c00000, 0x00000000c4700000, 0x00000000eb400000)
  object space 44032K, 4% used [0x00000000c1c00000,0x00000000c1e15790,0x00000000c4700000)
 Metaspace       used 10723K, capacity 11010K, committed 11136K, reserved 1058816K
  class space    used 1270K, capacity 1347K, committed 1408K, reserved 1048576K
}
Event: 1.972 GC heap before
{Heap before GC invocations=3 (full 0):
 PSYoungGen      total 18944K, used 18944K [0x00000000eb400000, 0x00000000ed900000, 0x0000000100000000)
  eden space 16384K, 100% used [0x00000000eb400000,0x00000000ec400000,0x00000000ec400000)
  from space 2560K, 100% used [0x00000000ec680000,0x00000000ec900000,0x00000000ec900000)
  to   space 2560K, 0% used [0x00000000ec400000,0x00000000ec400000,0x00000000ec680000)
 ParOldGen       total 44032K, used 2133K [0x00000000c1c00000, 0x00000000c4700000, 0x00000000eb400000)
  object space 44032K, 4% used [0x00000000c1c00000,0x00000000c1e15790,0x00000000c4700000)
 Metaspace       used 12963K, capacity 13344K, committed 13568K, reserved 1060864K
  class space    used 1643K, capacity 1763K, committed 1792K, reserved 1048576K
Event: 1.982 GC heap after
Heap after GC invocations=3 (full 0):
 PSYoungGen      total 18944K, used 2560K [0x00000000eb400000, 0x00000000ed900000, 0x0000000100000000)
  eden space 16384K, 0% used [0x00000000eb400000,0x00000000eb400000,0x00000000ec400000)
  from space 2560K, 100% used [0x00000000ec400000,0x00000000ec680000,0x00000000ec680000)
  to   space 2560K, 0% used [0x00000000ed680000,0x00000000ed680000,0x00000000ed900000)
 ParOldGen       total 44032K, used 4046K [0x00000000c1c00000, 0x00000000c4700000, 0x00000000eb400000)
  object space 44032K, 9% used [0x00000000c1c00000,0x00000000c1ff38e8,0x00000000c4700000)
 Metaspace       used 12963K, capacity 13344K, committed 13568K, reserved 1060864K
  class space    used 1643K, capacity 1763K, committed 1792K, reserved 1048576K
}
Event: 2.223 GC heap before
{Heap before GC invocations=4 (full 0):
 PSYoungGen      total 18944K, used 18944K [0x00000000eb400000, 0x00000000ed900000, 0x0000000100000000)
  eden space 16384K, 100% used [0x00000000eb400000,0x00000000ec400000,0x00000000ec400000)
  from space 2560K, 100% used [0x00000000ec400000,0x00000000ec680000,0x00000000ec680000)
  to   space 2560K, 0% used [0x00000000ed680000,0x00000000ed680000,0x00000000ed900000)
 ParOldGen       total 44032K, used 4046K [0x00000000c1c00000, 0x00000000c4700000, 0x00000000eb400000)
  object space 44032K, 9% used [0x00000000c1c00000,0x00000000c1ff38e8,0x00000000c4700000)
 Metaspace       used 14494K, capacity 14910K, committed 15104K, reserved 1062912K
  class space    used 1893K, capacity 2028K, committed 2048K, reserved 1048576K
Event: 2.239 GC heap after
Heap after GC invocations=4 (full 0):
 PSYoungGen      total 35328K, used 2538K [0x00000000eb400000, 0x00000000ed900000, 0x0000000100000000)
  eden space 32768K, 0% used [0x00000000eb400000,0x00000000eb400000,0x00000000ed400000)
  from space 2560K, 99% used [0x00000000ed680000,0x00000000ed8faba8,0x00000000ed900000)
  to   space 2560K, 0% used [0x00000000ed400000,0x00000000ed400000,0x00000000ed680000)
 ParOldGen       total 44032K, used 6083K [0x00000000c1c00000, 0x00000000c4700000, 0x00000000eb400000)
  object space 44032K, 13% used [0x00000000c1c00000,0x00000000c21f0e10,0x00000000c4700000)
 Metaspace       used 14494K, capacity 14910K, committed 15104K, reserved 1062912K
  class space    used 1893K, capacity 2028K, committed 2048K, reserved 1048576K
}
Event: 2.770 GC heap before
{Heap before GC invocations=5 (full 0):
 PSYoungGen      total 35328K, used 35305K [0x00000000eb400000, 0x00000000ed900000, 0x0000000100000000)
  eden space 32768K, 99% used [0x00000000eb400000,0x00000000ed3ffa68,0x00000000ed400000)
  from space 2560K, 99% used [0x00000000ed680000,0x00000000ed8faba8,0x00000000ed900000)
  to   space 2560K, 0% used [0x00000000ed400000,0x00000000ed400000,0x00000000ed680000)
 ParOldGen       total 44032K, used 6083K [0x00000000c1c00000, 0x00000000c4700000, 0x00000000eb400000)
  object space 44032K, 13% used [0x00000000c1c00000,0x00000000c21f0e10,0x00000000c4700000)
 Metaspace       used 18817K, capacity 19284K, committed 19456K, reserved 1067008K
  class space    used 2386K, capacity 2521K, committed 2560K, reserved 1048576K
Event: 2.783 GC heap after
Heap after GC invocations=5 (full 0):
 PSYoungGen      total 35328K, used 2539K [0x00000000eb400000, 0x00000000f0100000, 0x0000000100000000)
  eden space 32768K, 0% used [0x00000000eb400000,0x00000000eb400000,0x00000000ed400000)
  from space 2560K, 99% used [0x00000000ed400000,0x00000000ed67aed8,0x00000000ed680000)
  to   space 6656K, 0% used [0x00000000efa80000,0x00000000efa80000,0x00000000f0100000)
 ParOldGen       total 44032K, used 9994K [0x00000000c1c00000, 0x00000000c4700000, 0x00000000eb400000)
  object space 44032K, 22% used [0x00000000c1c00000,0x00000000c25c2828,0x00000000c4700000)
 Metaspace       used 18817K, capacity 19284K, committed 19456K, reserved 1067008K
  class space    used 2386K, capacity 2521K, committed 2560K, reserved 1048576K
}
Event: 2.933 GC heap before
{Heap before GC invocations=6 (full 0):
 PSYoungGen      total 35328K, used 35307K [0x00000000eb400000, 0x00000000f0100000, 0x0000000100000000)
  eden space 32768K, 100% used [0x00000000eb400000,0x00000000ed400000,0x00000000ed400000)
  from space 2560K, 99% used [0x00000000ed400000,0x00000000ed67aed8,0x00000000ed680000)
  to   space 6656K, 0% used [0x00000000efa80000,0x00000000efa80000,0x00000000f0100000)
 ParOldGen       total 44032K, used 9994K [0x00000000c1c00000, 0x00000000c4700000, 0x00000000eb400000)
  object space 44032K, 22% used [0x00000000c1c00000,0x00000000c25c2828,0x00000000c4700000)
 Metaspace       used 19767K, capacity 20244K, committed 20352K, reserved 1067008K
  class space    used 2515K, capacity 2649K, committed 2688K, reserved 1048576K
Event: 2.946 GC heap after
Heap after GC invocations=6 (full 0):
 PSYoungGen      total 72192K, used 4107K [0x00000000eb400000, 0x00000000f0100000, 0x0000000100000000)
  eden space 65536K, 0% used [0x00000000eb400000,0x00000000eb400000,0x00000000ef400000)
  from space 6656K, 61% used [0x00000000efa80000,0x00000000efe82f00,0x00000000f0100000)
  to   space 6656K, 0% used [0x00000000ef400000,0x00000000ef400000,0x00000000efa80000)
 ParOldGen       total 44032K, used 10002K [0x00000000c1c00000, 0x00000000c4700000, 0x00000000eb400000)
  object space 44032K, 22% used [0x00000000c1c00000,0x00000000c25c4828,0x00000000c4700000)
 Metaspace       used 19767K, capacity 20244K, committed 20352K, reserved 1067008K
  class space    used 2515K, capacity 2649K, committed 2688K, reserved 1048576K
}

Deoptimization events (10 events):
Event: 2.138 Thread 0x0000000003267000 Uncommon trap: reason=unstable_if action=reinterpret pc=0x000000000368e324 method=java.io.WinNTFileSystem.normalize(Ljava/lang/String;II)Ljava/lang/String; @ 90
Event: 2.334 Thread 0x0000000003267000 Uncommon trap: reason=bimorphic action=maybe_recompile pc=0x000000000372966c method=java.util.HashMap.putVal(ILjava/lang/Object;Ljava/lang/Object;ZZ)Ljava/lang/Object; @ 253
Event: 2.334 Thread 0x0000000003267000 Uncommon trap: reason=bimorphic action=maybe_recompile pc=0x000000000372966c method=java.util.HashMap.putVal(ILjava/lang/Object;Ljava/lang/Object;ZZ)Ljava/lang/Object; @ 253
Event: 2.334 Thread 0x0000000003267000 Uncommon trap: reason=bimorphic action=maybe_recompile pc=0x000000000372966c method=java.util.HashMap.putVal(ILjava/lang/Object;Ljava/lang/Object;ZZ)Ljava/lang/Object; @ 253
Event: 2.334 Thread 0x0000000003267000 Uncommon trap: reason=bimorphic action=maybe_recompile pc=0x000000000372966c method=java.util.HashMap.putVal(ILjava/lang/Object;Ljava/lang/Object;ZZ)Ljava/lang/Object; @ 253
Event: 2.381 Thread 0x0000000018562000 Uncommon trap: reason=bimorphic action=maybe_recompile pc=0x00000000037acc48 method=java.util.HashMap.putVal(ILjava/lang/Object;Ljava/lang/Object;ZZ)Ljava/lang/Object; @ 203
Event: 2.389 Thread 0x0000000018562000 Uncommon trap: reason=bimorphic action=maybe_recompile pc=0x00000000037acc48 method=java.util.HashMap.putVal(ILjava/lang/Object;Ljava/lang/Object;ZZ)Ljava/lang/Object; @ 203
Event: 2.433 Thread 0x0000000018562000 Uncommon trap: reason=unstable_if action=reinterpret pc=0x00000000037568b4 method=java.util.jar.Manifest$FastInputStream.readLine([BII)I @ 87
Event: 2.915 Thread 0x0000000003267000 Uncommon trap: reason=unstable_if action=reinterpret pc=0x00000000038177e4 method=org.springframework.asm.ClassReader.readUTF8(I[C)Ljava/lang/String; @ 7
Event: 2.915 Thread 0x0000000003267000 Uncommon trap: reason=unstable_if action=reinterpret pc=0x0000000003812f94 method=org.springframework.asm.ClassReader.readUTF8(I[C)Ljava/lang/String; @ 11

Classes redefined (0 events):
No events

Internal exceptions (10 events):
Event: 2.565 Thread 0x0000000003267000 Exception <a 'java/lang/ClassNotFoundException': org/springframework/beans/factory/config/BeanFactoryPostProcessorCustomizer> (0x00000000ec038448) thrown at [C:\re\workspace\8-2-build-windows-amd64-cygwin\jdk8u201\12322\hotspot\src\share\vm\classfile\syst
Event: 2.567 Thread 0x0000000003267000 Exception <a 'java/lang/ClassNotFoundException': org/springframework/core/PriorityOrderedCustomizer> (0x00000000ec04d198) thrown at [C:\re\workspace\8-2-build-windows-amd64-cygwin\jdk8u201\12322\hotspot\src\share\vm\classfile\systemDictionary.cpp, line 21
Event: 2.568 Thread 0x0000000003267000 Exception <a 'java/lang/ClassNotFoundException': org/springframework/core/OrderedCustomizer> (0x00000000ec05ee10) thrown at [C:\re\workspace\8-2-build-windows-amd64-cygwin\jdk8u201\12322\hotspot\src\share\vm\classfile\systemDictionary.cpp, line 210]
Event: 2.570 Thread 0x0000000003267000 Exception <a 'java/lang/ClassNotFoundException': org/springframework/context/ResourceLoaderAwareCustomizer> (0x00000000ec075c40) thrown at [C:\re\workspace\8-2-build-windows-amd64-cygwin\jdk8u201\12322\hotspot\src\share\vm\classfile\systemDictionary.cpp, 
Event: 2.571 Thread 0x0000000003267000 Exception <a 'java/lang/ClassNotFoundException': org/springframework/beans/factory/AwareCustomizer> (0x00000000ec08acd8) thrown at [C:\re\workspace\8-2-build-windows-amd64-cygwin\jdk8u201\12322\hotspot\src\share\vm\classfile\systemDictionary.cpp, line 210
Event: 2.573 Thread 0x0000000003267000 Exception <a 'java/lang/ClassNotFoundException': org/springframework/beans/factory/BeanClassLoaderAwareCustomizer> (0x00000000ec0a3008) thrown at [C:\re\workspace\8-2-build-windows-amd64-cygwin\jdk8u201\12322\hotspot\src\share\vm\classfile\systemDictionar
Event: 2.575 Thread 0x0000000003267000 Exception <a 'java/lang/ClassNotFoundException': org/springframework/beans/factory/AwareCustomizer> (0x00000000ec0b8000) thrown at [C:\re\workspace\8-2-build-windows-amd64-cygwin\jdk8u201\12322\hotspot\src\share\vm\classfile\systemDictionary.cpp, line 210
Event: 2.578 Thread 0x0000000003267000 Exception <a 'java/lang/ClassNotFoundException': org/springframework/context/EnvironmentAwareCustomizer> (0x00000000ec0cd500) thrown at [C:\re\workspace\8-2-build-windows-amd64-cygwin\jdk8u201\12322\hotspot\src\share\vm\classfile\systemDictionary.cpp, lin
Event: 2.580 Thread 0x0000000003267000 Exception <a 'java/lang/ClassNotFoundException': org/springframework/beans/factory/AwareCustomizer> (0x00000000ec0e2430) thrown at [C:\re\workspace\8-2-build-windows-amd64-cygwin\jdk8u201\12322\hotspot\src\share\vm\classfile\systemDictionary.cpp, line 210
Event: 2.657 Thread 0x0000000003267000 Exception <a 'java/lang/NoSuchMethodError': java.lang.Object.lambda$comparing$77a9974f$1(Ljava/util/function/Function;Ljava/lang/Object;Ljava/lang/Object;)I> (0x00000000ec54e0a0) thrown at [C:\re\workspace\8-2-build-windows-amd64-cygwin\jdk8u201\12322\hot

Events (10 events):
Event: 3.136 Thread 0x0000000018562000 DEOPT PACKING pc=0x00000000035a6241 sp=0x000000001992a8f0
Event: 3.136 Thread 0x0000000018562000 DEOPT UNPACKING pc=0x00000000033a7890 sp=0x000000001992a640 mode 1
Event: 3.136 Thread 0x0000000018562000 DEOPT PACKING pc=0x00000000034e307c sp=0x000000001992a970
Event: 3.136 Thread 0x0000000018562000 DEOPT UNPACKING pc=0x00000000033a7890 sp=0x000000001992a790 mode 1
Event: 3.136 Thread 0x0000000018562000 DEOPT PACKING pc=0x00000000034e2e14 sp=0x000000001992ab00
Event: 3.136 Thread 0x0000000018562000 DEOPT UNPACKING pc=0x00000000033a7890 sp=0x000000001992a920 mode 1
Event: 3.144 loading class java/util/function/ToLongFunction
Event: 3.144 loading class java/util/function/ToLongFunction done
Event: 3.146 loading class java/util/function/ToIntFunction
Event: 3.146 loading class java/util/function/ToIntFunction done


Dynamic libraries:
0x00007ff626170000 - 0x00007ff6261a7000 	C:\Program Files\Java\jdk1.8.0_201\bin\java.exe
0x00007ffc63e90000 - 0x00007ffc64071000 	C:\WINDOWS\SYSTEM32\ntdll.dll
0x00007ffc61590000 - 0x00007ffc61641000 	C:\WINDOWS\System32\KERNEL32.DLL
0x00007ffc60580000 - 0x00007ffc607f3000 	C:\WINDOWS\System32\KERNELBASE.dll
0x00007ffc63ce0000 - 0x00007ffc63d81000 	C:\WINDOWS\System32\ADVAPI32.dll
0x00007ffc637f0000 - 0x00007ffc6388e000 	C:\WINDOWS\System32\msvcrt.dll
0x00007ffc61530000 - 0x00007ffc6158b000 	C:\WINDOWS\System32\sechost.dll
0x00007ffc61860000 - 0x00007ffc61984000 	C:\WINDOWS\System32\RPCRT4.dll
0x00007ffc61990000 - 0x00007ffc61b20000 	C:\WINDOWS\System32\USER32.dll
0x00007ffc60560000 - 0x00007ffc60580000 	C:\WINDOWS\System32\win32u.dll
0x00007ffc61650000 - 0x00007ffc61678000 	C:\WINDOWS\System32\GDI32.dll
0x00007ffc610b0000 - 0x00007ffc61242000 	C:\WINDOWS\System32\gdi32full.dll
0x00007ffc60f10000 - 0x00007ffc60faf000 	C:\WINDOWS\System32\msvcp_win.dll
0x00007ffc60fb0000 - 0x00007ffc610a8000 	C:\WINDOWS\System32\ucrtbase.dll
0x00007ffc45a20000 - 0x00007ffc45c89000 	C:\WINDOWS\WinSxS\amd64_microsoft.windows.common-controls_6595b64144ccf1df_6.0.17134.765_none_fb42a1a930655896\COMCTL32.dll
0x00007ffc61c70000 - 0x00007ffc61f92000 	C:\WINDOWS\System32\combase.dll
0x00007ffc612a0000 - 0x00007ffc6131a000 	C:\WINDOWS\System32\bcryptPrimitives.dll
0x00007ffc63760000 - 0x00007ffc6378d000 	C:\WINDOWS\System32\IMM32.DLL
0x0000000071f90000 - 0x0000000072061000 	C:\Program Files\Java\jdk1.8.0_201\jre\bin\msvcr100.dll
0x00000000716e0000 - 0x0000000071f84000 	C:\Program Files\Java\jdk1.8.0_201\jre\bin\server\jvm.dll
0x00007ffc61700000 - 0x00007ffc61708000 	C:\WINDOWS\System32\PSAPI.DLL
0x00007ffc2b840000 - 0x00007ffc2b849000 	C:\WINDOWS\SYSTEM32\WSOCK32.dll
0x00007ffc5a470000 - 0x00007ffc5a493000 	C:\WINDOWS\SYSTEM32\WINMM.dll
0x00007ffc61480000 - 0x00007ffc614ec000 	C:\WINDOWS\System32\WS2_32.dll
0x00007ffc5a440000 - 0x00007ffc5a46a000 	C:\WINDOWS\SYSTEM32\WINMMBASE.dll
0x00007ffc59cb0000 - 0x00007ffc59cba000 	C:\WINDOWS\SYSTEM32\VERSION.dll
0x00007ffc61250000 - 0x00007ffc61299000 	C:\WINDOWS\System32\cfgmgr32.dll
0x00007ffc5b2c0000 - 0x00007ffc5b2cf000 	C:\Program Files\Java\jdk1.8.0_201\jre\bin\verify.dll
0x00007ffc58f30000 - 0x00007ffc58f59000 	C:\Program Files\Java\jdk1.8.0_201\jre\bin\java.dll
0x00007ffc5e080000 - 0x00007ffc5e0b5000 	C:\Program Files\Java\jdk1.8.0_201\jre\bin\jdwp.dll
0x00007ffc5e320000 - 0x00007ffc5e328000 	C:\Program Files\Java\jdk1.8.0_201\jre\bin\npt.dll
0x00007ffc528f0000 - 0x00007ffc52906000 	C:\Program Files\Java\jdk1.8.0_201\jre\bin\zip.dll
0x00007ffc62320000 - 0x00007ffc63760000 	C:\WINDOWS\System32\SHELL32.dll
0x00007ffc617b0000 - 0x00007ffc61859000 	C:\WINDOWS\System32\shcore.dll
0x00007ffc60800000 - 0x00007ffc60f0d000 	C:\WINDOWS\System32\windows.storage.dll
0x00007ffc61fa0000 - 0x00007ffc61ff1000 	C:\WINDOWS\System32\shlwapi.dll
0x00007ffc60220000 - 0x00007ffc60231000 	C:\WINDOWS\System32\kernel.appcore.dll
0x00007ffc60240000 - 0x00007ffc6025f000 	C:\WINDOWS\System32\profapi.dll
0x00007ffc601c0000 - 0x00007ffc6020c000 	C:\WINDOWS\System32\powrprof.dll
0x00007ffc60210000 - 0x00007ffc6021a000 	C:\WINDOWS\System32\FLTLIB.DLL
0x00007ffc5e070000 - 0x00007ffc5e079000 	C:\Program Files\Java\jdk1.8.0_201\jre\bin\dt_socket.dll
0x00007ffc42bd0000 - 0x00007ffc42be6000 	C:\WINDOWS\system32\napinsp.dll
0x00007ffc42bb0000 - 0x00007ffc42bca000 	C:\WINDOWS\system32\pnrpnsp.dll
0x00007ffc5cfe0000 - 0x00007ffc5cff9000 	C:\WINDOWS\system32\NLAapi.dll
0x00007ffc5fa20000 - 0x00007ffc5fa86000 	C:\WINDOWS\System32\mswsock.dll
0x00007ffc5f7e0000 - 0x00007ffc5f89e000 	C:\WINDOWS\SYSTEM32\DNSAPI.dll
0x00007ffc61500000 - 0x00007ffc61508000 	C:\WINDOWS\System32\NSI.dll
0x00007ffc5f7a0000 - 0x00007ffc5f7d8000 	C:\WINDOWS\SYSTEM32\IPHLPAPI.DLL
0x00007ffc42ba0000 - 0x00007ffc42bae000 	C:\WINDOWS\System32\winrnr.dll
0x0000000072d40000 - 0x0000000072d75000 	C:\Program Files\Bonjour\mdnsNSP.dll
0x00007ffc53080000 - 0x00007ffc530f2000 	C:\WINDOWS\System32\fwpuclnt.dll
0x00007ffc5fd00000 - 0x00007ffc5fd25000 	C:\WINDOWS\SYSTEM32\bcrypt.dll
0x00007ffc53010000 - 0x00007ffc5301a000 	C:\Windows\System32\rasadhlp.dll
0x00007ffc5e060000 - 0x00007ffc5e06d000 	C:\Program Files\Java\jdk1.8.0_201\jre\bin\management.dll
0x00007ffc528d0000 - 0x00007ffc528ea000 	C:\Program Files\Java\jdk1.8.0_201\jre\bin\net.dll
0x00007ffc55610000 - 0x00007ffc557d8000 	C:\WINDOWS\SYSTEM32\urlmon.dll
0x00007ffc55990000 - 0x00007ffc55c37000 	C:\WINDOWS\SYSTEM32\iertutil.dll
0x00007ffc5fbf0000 - 0x00007ffc5fbfb000 	C:\WINDOWS\SYSTEM32\CRYPTBASE.DLL
0x00007ffc48170000 - 0x00007ffc48181000 	C:\Program Files\Java\jdk1.8.0_201\jre\bin\nio.dll

VM Arguments:
jvm_args: -Xdebug -Xnoagent -Djava.compiler=NONE -Xrunjdwp:transport=dt_socket,address=localhost:50950,server=n,suspend=y -Dfile.encoding=UTF-8 
java_command: com.example.demo.DemoApplication
java_class_path (initial): C:\Users\LENOVO\Desktop\SI-Oscar-2019\demo\target\classes;C:\Users\LENOVO\.m2\repository\org\springframework\boot\spring-boot-starter-web\2.1.4.RELEASE\spring-boot-starter-web-2.1.4.RELEASE.jar;C:\Users\LENOVO\.m2\repository\org\springframework\boot\spring-boot-starter\2.1.4.RELEASE\spring-boot-starter-2.1.4.RELEASE.jar;C:\Users\LENOVO\.m2\repository\org\springframework\boot\spring-boot\2.1.4.RELEASE\spring-boot-2.1.4.RELEASE.jar;C:\Users\LENOVO\.m2\repository\org\springframework\boot\spring-boot-autoconfigure\2.1.4.RELEASE\spring-boot-autoconfigure-2.1.4.RELEASE.jar;C:\Users\LENOVO\.m2\repository\org\springframework\boot\spring-boot-starter-logging\2.1.4.RELEASE\spring-boot-starter-logging-2.1.4.RELEASE.jar;C:\Users\LENOVO\.m2\repository\ch\qos\logback\logback-classic\1.2.3\logback-classic-1.2.3.jar;C:\Users\LENOVO\.m2\repository\ch\qos\logback\logback-core\1.2.3\logback-core-1.2.3.jar;C:\Users\LENOVO\.m2\repository\org\apache\logging\log4j\log4j-to-slf4j\2.11.2\log4j-to-slf4j-2.11.2.jar;C:\Users\LENOVO\.m2\repository\org\apache\logging\log4j\log4j-api\2.11.2\log4j-api-2.11.2.jar;C:\Users\LENOVO\.m2\repository\org\slf4j\jul-to-slf4j\1.7.26\jul-to-slf4j-1.7.26.jar;C:\Users\LENOVO\.m2\repository\javax\annotation\javax.annotation-api\1.3.2\javax.annotation-api-1.3.2.jar;C:\Users\LENOVO\.m2\repository\org\yaml\snakeyaml\1.23\snakeyaml-1.23.jar;C:\Users\LENOVO\.m2\repository\org\springframework\boot\spring-boot-starter-json\2.1.4.RELEASE\spring-boot-starter-json-2.1.4.RELEASE.jar;C:\Users\LENOVO\.m2\repository\com\fasterxml\jackson\core\jackson-databind\2.9.8\jackson-databind-2.9.8.jar;C:\Users\LENOVO\.m2\repository\com\fasterxml\jackson\core\jackson-core\2.9.8\jackson-core-2.9.8.jar;C:\Users\LENOVO\.m2\repository\com\fasterxml\jackson\datatype\jackson-datatype-jdk8\2.9.8\jackson-datatype-jdk8-2.9.8.jar;C:\Users\LENOVO\.m2\repository\com\fasterxml\jackson\datatype\jackson-datatype-jsr310\2.9.8\jackson-datatype-jsr310-2.9.8.jar;C:\Users\LENOV
Launcher Type: SUN_STANDARD

Environment Variables:
JAVA_HOME=C:\Program Files\Java\jdk1.8.0_201
PATH=C:\Program Files (x86)\Common Files\Oracle\Java\javapath;C:\WINDOWS\system32;C:\WINDOWS;C:\WINDOWS\System32\Wbem;"C:\WINDOWS\System32\WindowsPowerShell\v1.0\;C:\Users\LENOVO\Desktop\galen\";C:\Program Files\dotnet\;C:\Program Files\Microsoft SQL Server\130\Tools\Binn\;C:\Program Files\MySQL\MySQL Utilities 1.6\;C:\Program Files\MATLAB\R2017b\runtime\win64;C:\Program Files\MATLAB\R2017b\bin;C:\Program Files\Git\cmd;C:\WINDOWS\System32\OpenSSH\;C:\Users\LENOVO\Desktop\galen\;C:\Users\LENOVO\Desktop\driveri\;C:\Program Files\nodejs;C:\Program Files\;C:\Program Files\wkhtmltopdf\bin;C:\Python\Python37;C:\Program Files\Java\jdk1.8.0_201;C:\Program Files\Java\jdk1.8.0_201\bin;C:\Program Files\Java\jre1.8.0_201\bin;C:\Users\LENOVO\AppData\Local\Programs\Python\Python37-32\Scripts\;C:\Users\LENOVO\AppData\Local\Programs\Python\Python37-32\;C:\Users\LENOVO\AppData\Local\Programs\Python\Python36\Scripts\;C:\Users\LENOVO\AppData\Local\Programs\Python\Python36\;C:\Python\Python37\Scripts\;C:\Python\Python37\;C:\Program Files (x86)\Java\jre1.8.0_191\bin;C:\Users\LENOVO\AppData\Roaming\npm;C:\Users\LENOVO\AppData\Local\Programs\Microsoft VS Code\bin;C:\Program Files\JetBrains\IntelliJ IDEA Community Edition 2019.1\bin;
USERNAME=LENOVO
OS=Windows_NT
PROCESSOR_IDENTIFIER=Intel64 Family 6 Model 42 Stepping 7, GenuineIntel



---------------  S Y S T E M  ---------------

OS: Windows 10.0 , 64 bit Build 17134 (10.0.17134.753)

CPU:total 4 (initial active 4) (2 cores per cpu, 2 threads per core) family 6 model 42 stepping 7, cmov, cx8, fxsr, mmx, sse, sse2, sse3, ssse3, sse4.1, sse4.2, popcnt, avx, aes, clmul, ht, tsc, tscinvbit

Memory: 4k page, physical 4078828k(720332k free), swap 5028332k(6064k free)

vm_info: Java HotSpot(TM) 64-Bit Server VM (25.201-b09) for windows-amd64 JRE (1.8.0_201-b09), built on Dec 15 2018 18:36:39 by "java_re" with MS VC++ 10.0 (VS2010)

time: Wed Jun 12 03:57:24 2019
timezone: Central European Daylight Time
elapsed time: 3 seconds (0d 0h 0m 3s)

