#
# There is insufficient memory for the Java Runtime Environment to continue.
# Native memory allocation (malloc) failed to allocate 32744 bytes for ChunkPool::allocate
# Possible reasons:
#   The system is out of physical RAM or swap space
#   The process is running with CompressedOops enabled, and the Java Heap may be blocking the growth of the native heap
# Possible solutions:
#   Reduce memory load on the system
#   Increase physical memory or swap space
#   Check if swap backing store is full
#   Decrease Java heap size (-Xmx/-Xms)
#   Decrease number of Java threads
#   Decrease Java thread stack sizes (-Xss)
#   Set larger code cache with -XX:ReservedCodeCacheSize=
#   JVM is running with Unscaled Compressed Oops mode in which the Java heap is
#     placed in the first 4GB address space. The Java Heap base address is the
#     maximum limit for the native heap growth. Please use -XX:HeapBaseMinAddress
#     to set the Java Heap base and to place the Java Heap above 4GB virtual address.
# This output file may be truncated or incomplete.
#
#  Out of Memory Error (allocation.cpp:273), pid=3280, tid=0x0000000000001938
#
# JRE version: Java(TM) SE Runtime Environment (8.0_201-b09) (build 1.8.0_201-b09)
# Java VM: Java HotSpot(TM) 64-Bit Server VM (25.201-b09 mixed mode windows-amd64 compressed oops)
# Failed to write core dump. Minidumps are not enabled by default on client versions of Windows
#

---------------  T H R E A D  ---------------

Current thread (0x0000000016f28800):  JavaThread "C1 CompilerThread2" daemon [_thread_in_vm, id=6456, stack(0x0000000017300000,0x0000000017400000)]

Stack: [0x0000000017300000,0x0000000017400000]
[error occurred during error reporting (printing stack bounds), id 0xc0000005]

Native frames: (J=compiled Java code, j=interpreted, Vv=VM code, C=native code)


Current CompileTask:
C1:  13801 2312       3       com.sun.org.apache.xerces.internal.parsers.XML11Configuration::getPropertyState (23 bytes)


---------------  P R O C E S S  ---------------

Java Threads: ( => current thread )
  0x0000000017b0f800 JavaThread "background-preinit" [_thread_in_Java, id=8524, stack(0x0000000019610000,0x0000000019710000)]
  0x0000000016f2a000 JavaThread "Service Thread" daemon [_thread_blocked, id=11432, stack(0x0000000017400000,0x0000000017500000)]
=>0x0000000016f28800 JavaThread "C1 CompilerThread2" daemon [_thread_in_vm, id=6456, stack(0x0000000017300000,0x0000000017400000)]
  0x00000000153e4000 JavaThread "C2 CompilerThread1" daemon [_thread_in_native, id=11020, stack(0x0000000016e00000,0x0000000016f00000)]
  0x00000000153e1800 JavaThread "C2 CompilerThread0" daemon [_thread_in_native, id=12144, stack(0x0000000016d00000,0x0000000016e00000)]
  0x00000000153d3800 JavaThread "JDWP Command Reader" daemon [_thread_in_native, id=10100, stack(0x0000000016c00000,0x0000000016d00000)]
  0x00000000153cd000 JavaThread "JDWP Event Helper Thread" daemon [_thread_blocked, id=11956, stack(0x0000000016b00000,0x0000000016c00000)]
  0x00000000153bf800 JavaThread "JDWP Transport Listener: dt_socket" daemon [_thread_blocked, id=3992, stack(0x0000000016a00000,0x0000000016b00000)]
  0x00000000153b8000 JavaThread "Attach Listener" daemon [_thread_blocked, id=8104, stack(0x0000000016900000,0x0000000016a00000)]
  0x00000000153b6800 JavaThread "Signal Dispatcher" daemon [_thread_blocked, id=10204, stack(0x0000000016800000,0x0000000016900000)]
  0x000000001539a000 JavaThread "Finalizer" daemon [_thread_blocked, id=5860, stack(0x0000000016610000,0x0000000016710000)]
  0x0000000002dd3000 JavaThread "Reference Handler" daemon [_thread_blocked, id=4196, stack(0x0000000016510000,0x0000000016610000)]
  0x0000000002ce3800 JavaThread "main" [_thread_blocked, id=9080, stack(0x0000000002b20000,0x0000000002c20000)]

Other Threads:
  0x0000000015377800 VMThread [stack: 0x0000000016410000,0x0000000016510000] [id=10496]
  0x0000000016f31800 WatcherThread [stack: 0x0000000017500000,0x0000000017600000] [id=6584]

VM state:not at safepoint (normal execution)

VM Mutex/Monitor currently owned by a thread: None

heap address: 0x00000000c1c00000, size: 996 MB, Compressed Oops mode: 32-bit
Narrow klass base: 0x0000000000000000, Narrow klass shift: 3
Compressed class space size: 1073741824 Address: 0x0000000100000000

Heap:
 PSYoungGen      total 70656K, used 25122K [0x00000000eb400000, 0x00000000f0200000, 0x0000000100000000)
  eden space 64512K, 30% used [0x00000000eb400000,0x00000000ec761840,0x00000000ef300000)
  from space 6144K, 85% used [0x00000000efa00000,0x00000000eff27140,0x00000000f0000000)
  to   space 7168K, 0% used [0x00000000ef300000,0x00000000ef300000,0x00000000efa00000)
 ParOldGen       total 27648K, used 5868K [0x00000000c1c00000, 0x00000000c3700000, 0x00000000eb400000)
  object space 27648K, 21% used [0x00000000c1c00000,0x00000000c21bb068,0x00000000c3700000)
 Metaspace       used 26785K, capacity 27772K, committed 28032K, reserved 1073152K
  class space    used 3433K, capacity 3671K, committed 3712K, reserved 1048576K

Card table byte_map: [0x00000000121a0000,0x00000000123a0000] byte_map_base: 0x0000000011b92000

Marking Bits: (ParMarkBitMap*) 0x0000000071884ce0
 Begin Bits: [0x00000000128f0000, 0x0000000013880000)
 End Bits:   [0x0000000013880000, 0x0000000014810000)

Polling page: 0x0000000002a60000

CodeCache: size=245760Kb used=7694Kb max_used=7694Kb free=238065Kb
 bounds [0x0000000002de0000, 0x0000000003570000, 0x0000000011de0000]
 total_blobs=2514 nmethods=2130 adapters=303
 compilation: enabled

Compilation events (10 events):
Event: 13.746 Thread 0x0000000016f28800 nmethod 2295 0x0000000003566310 code [0x0000000003566460, 0x0000000003566570]
Event: 13.746 Thread 0x0000000016f28800 2294       1       java.util.concurrent.locks.ReentrantReadWriteLock::readLock (5 bytes)
Event: 13.746 Thread 0x0000000016f28800 nmethod 2294 0x00000000035665d0 code [0x0000000003566720, 0x0000000003566830]
Event: 13.749 Thread 0x0000000016f28800 2309   !   3       sun.reflect.GeneratedMethodAccessor9::invoke (66 bytes)
Event: 13.750 Thread 0x0000000016f28800 nmethod 2309 0x0000000003566890 code [0x0000000003566aa0, 0x0000000003567308]
Event: 13.793 Thread 0x0000000016f28800 2310       3       com.sun.org.apache.xerces.internal.util.FeatureState::isExceptional (8 bytes)
Event: 13.793 Thread 0x0000000016f28800 nmethod 2310 0x00000000035677d0 code [0x0000000003567920, 0x0000000003567b10]
Event: 13.793 Thread 0x0000000016f28800 2311       3       com.sun.org.apache.xerces.internal.util.FeatureState::<init> (15 bytes)
Event: 13.793 Thread 0x0000000016f28800 nmethod 2311 0x0000000003567bd0 code [0x0000000003567d20, 0x0000000003567ef0]
Event: 13.793 Thread 0x0000000016f28800 2312       3       com.sun.org.apache.xerces.internal.parsers.XML11Configuration::getPropertyState (23 bytes)

GC Heap History (10 events):
Event: 10.549 GC heap before
{Heap before GC invocations=5 (full 0):
 PSYoungGen      total 35328K, used 35305K [0x00000000eb400000, 0x00000000ed900000, 0x0000000100000000)
  eden space 32768K, 100% used [0x00000000eb400000,0x00000000ed400000,0x00000000ed400000)
  from space 2560K, 99% used [0x00000000ed680000,0x00000000ed8fa6b8,0x00000000ed900000)
  to   space 2560K, 0% used [0x00000000ed400000,0x00000000ed400000,0x00000000ed680000)
 ParOldGen       total 44032K, used 4671K [0x00000000c1c00000, 0x00000000c4700000, 0x00000000eb400000)
  object space 44032K, 10% used [0x00000000c1c00000,0x00000000c208ff78,0x00000000c4700000)
 Metaspace       used 17555K, capacity 18054K, committed 18304K, reserved 1064960K
  class space    used 2242K, capacity 2374K, committed 2432K, reserved 1048576K
Event: 10.569 GC heap after
Heap after GC invocations=5 (full 0):
 PSYoungGen      total 35328K, used 2551K [0x00000000eb400000, 0x00000000f0000000, 0x0000000100000000)
  eden space 32768K, 0% used [0x00000000eb400000,0x00000000eb400000,0x00000000ed400000)
  from space 2560K, 99% used [0x00000000ed400000,0x00000000ed67ddb8,0x00000000ed680000)
  to   space 6144K, 0% used [0x00000000efa00000,0x00000000efa00000,0x00000000f0000000)
 ParOldGen       total 44032K, used 7960K [0x00000000c1c00000, 0x00000000c4700000, 0x00000000eb400000)
  object space 44032K, 18% used [0x00000000c1c00000,0x00000000c23c6338,0x00000000c4700000)
 Metaspace       used 17555K, capacity 18054K, committed 18304K, reserved 1064960K
  class space    used 2242K, capacity 2374K, committed 2432K, reserved 1048576K
}
Event: 11.396 GC heap before
{Heap before GC invocations=6 (full 0):
 PSYoungGen      total 35328K, used 35319K [0x00000000eb400000, 0x00000000f0000000, 0x0000000100000000)
  eden space 32768K, 100% used [0x00000000eb400000,0x00000000ed400000,0x00000000ed400000)
  from space 2560K, 99% used [0x00000000ed400000,0x00000000ed67ddb8,0x00000000ed680000)
  to   space 6144K, 0% used [0x00000000efa00000,0x00000000efa00000,0x00000000f0000000)
 ParOldGen       total 44032K, used 7960K [0x00000000c1c00000, 0x00000000c4700000, 0x00000000eb400000)
  object space 44032K, 18% used [0x00000000c1c00000,0x00000000c23c6338,0x00000000c4700000)
 Metaspace       used 20354K, capacity 20894K, committed 20992K, reserved 1067008K
  class space    used 2641K, capacity 2774K, committed 2816K, reserved 1048576K
Event: 11.413 GC heap after
Heap after GC invocations=6 (full 0):
 PSYoungGen      total 70656K, used 6125K [0x00000000eb400000, 0x00000000f0200000, 0x0000000100000000)
  eden space 64512K, 0% used [0x00000000eb400000,0x00000000eb400000,0x00000000ef300000)
  from space 6144K, 99% used [0x00000000efa00000,0x00000000efffb760,0x00000000f0000000)
  to   space 7168K, 0% used [0x00000000ef300000,0x00000000ef300000,0x00000000efa00000)
 ParOldGen       total 44032K, used 8022K [0x00000000c1c00000, 0x00000000c4700000, 0x00000000eb400000)
  object space 44032K, 18% used [0x00000000c1c00000,0x00000000c23d5a60,0x00000000c4700000)
 Metaspace       used 20354K, capacity 20894K, committed 20992K, reserved 1067008K
  class space    used 2641K, capacity 2774K, committed 2816K, reserved 1048576K
}
Event: 11.451 GC heap before
{Heap before GC invocations=7 (full 0):
 PSYoungGen      total 70656K, used 9401K [0x00000000eb400000, 0x00000000f0200000, 0x0000000100000000)
  eden space 64512K, 5% used [0x00000000eb400000,0x00000000eb733068,0x00000000ef300000)
  from space 6144K, 99% used [0x00000000efa00000,0x00000000efffb760,0x00000000f0000000)
  to   space 7168K, 0% used [0x00000000ef300000,0x00000000ef300000,0x00000000efa00000)
 ParOldGen       total 44032K, used 8022K [0x00000000c1c00000, 0x00000000c4700000, 0x00000000eb400000)
  object space 44032K, 18% used [0x00000000c1c00000,0x00000000c23d5a60,0x00000000c4700000)
 Metaspace       used 20662K, capacity 21190K, committed 21248K, reserved 1067008K
  class space    used 2676K, capacity 2808K, committed 2816K, reserved 1048576K
Event: 11.463 GC heap after
Heap after GC invocations=7 (full 0):
 PSYoungGen      total 71680K, used 3146K [0x00000000eb400000, 0x00000000f0200000, 0x0000000100000000)
  eden space 64512K, 0% used [0x00000000eb400000,0x00000000eb400000,0x00000000ef300000)
  from space 7168K, 43% used [0x00000000ef300000,0x00000000ef612888,0x00000000efa00000)
  to   space 6144K, 0% used [0x00000000efa00000,0x00000000efa00000,0x00000000f0000000)
 ParOldGen       total 44032K, used 9227K [0x00000000c1c00000, 0x00000000c4700000, 0x00000000eb400000)
  object space 44032K, 20% used [0x00000000c1c00000,0x00000000c2502e18,0x00000000c4700000)
 Metaspace       used 20662K, capacity 21190K, committed 21248K, reserved 1067008K
  class space    used 2676K, capacity 2808K, committed 2816K, reserved 1048576K
}
Event: 11.463 GC heap before
{Heap before GC invocations=8 (full 1):
 PSYoungGen      total 71680K, used 3146K [0x00000000eb400000, 0x00000000f0200000, 0x0000000100000000)
  eden space 64512K, 0% used [0x00000000eb400000,0x00000000eb400000,0x00000000ef300000)
  from space 7168K, 43% used [0x00000000ef300000,0x00000000ef612888,0x00000000efa00000)
  to   space 6144K, 0% used [0x00000000efa00000,0x00000000efa00000,0x00000000f0000000)
 ParOldGen       total 44032K, used 9227K [0x00000000c1c00000, 0x00000000c4700000, 0x00000000eb400000)
  object space 44032K, 20% used [0x00000000c1c00000,0x00000000c2502e18,0x00000000c4700000)
 Metaspace       used 20662K, capacity 21190K, committed 21248K, reserved 1067008K
  class space    used 2676K, capacity 2808K, committed 2816K, reserved 1048576K
Event: 11.562 GC heap after
Heap after GC invocations=8 (full 1):
 PSYoungGen      total 71680K, used 0K [0x00000000eb400000, 0x00000000f0200000, 0x0000000100000000)
  eden space 64512K, 0% used [0x00000000eb400000,0x00000000eb400000,0x00000000ef300000)
  from space 7168K, 0% used [0x00000000ef300000,0x00000000ef300000,0x00000000efa00000)
  to   space 6144K, 0% used [0x00000000efa00000,0x00000000efa00000,0x00000000f0000000)
 ParOldGen       total 27648K, used 5860K [0x00000000c1c00000, 0x00000000c3700000, 0x00000000eb400000)
  object space 27648K, 21% used [0x00000000c1c00000,0x00000000c21b9068,0x00000000c3700000)
 Metaspace       used 20662K, capacity 21190K, committed 21248K, reserved 1067008K
  class space    used 2676K, capacity 2808K, committed 2816K, reserved 1048576K
}
Event: 12.805 GC heap before
{Heap before GC invocations=9 (full 1):
 PSYoungGen      total 71680K, used 64512K [0x00000000eb400000, 0x00000000f0200000, 0x0000000100000000)
  eden space 64512K, 100% used [0x00000000eb400000,0x00000000ef300000,0x00000000ef300000)
  from space 7168K, 0% used [0x00000000ef300000,0x00000000ef300000,0x00000000efa00000)
  to   space 6144K, 0% used [0x00000000efa00000,0x00000000efa00000,0x00000000f0000000)
 ParOldGen       total 27648K, used 5860K [0x00000000c1c00000, 0x00000000c3700000, 0x00000000eb400000)
  object space 27648K, 21% used [0x00000000c1c00000,0x00000000c21b9068,0x00000000c3700000)
 Metaspace       used 24129K, capacity 24810K, committed 25088K, reserved 1071104K
  class space    used 3095K, capacity 3268K, committed 3328K, reserved 1048576K
Event: 12.814 GC heap after
Heap after GC invocations=9 (full 1):
 PSYoungGen      total 70656K, used 5276K [0x00000000eb400000, 0x00000000f0200000, 0x0000000100000000)
  eden space 64512K, 0% used [0x00000000eb400000,0x00000000eb400000,0x00000000ef300000)
  from space 6144K, 85% used [0x00000000efa00000,0x00000000eff27140,0x00000000f0000000)
  to   space 7168K, 0% used [0x00000000ef300000,0x00000000ef300000,0x00000000efa00000)
 ParOldGen       total 27648K, used 5868K [0x00000000c1c00000, 0x00000000c3700000, 0x00000000eb400000)
  object space 27648K, 21% used [0x00000000c1c00000,0x00000000c21bb068,0x00000000c3700000)
 Metaspace       used 24129K, capacity 24810K, committed 25088K, reserved 1071104K
  class space    used 3095K, capacity 3268K, committed 3328K, reserved 1048576K
}

Deoptimization events (10 events):
Event: 11.199 Thread 0x0000000002ce3800 Uncommon trap: reason=bimorphic action=maybe_recompile pc=0x0000000002efb2c4 method=java.util.HashMap.putVal(ILjava/lang/Object;Ljava/lang/Object;ZZ)Ljava/lang/Object; @ 253
Event: 11.203 Thread 0x0000000002ce3800 Uncommon trap: reason=bimorphic action=maybe_recompile pc=0x0000000002efb2c4 method=java.util.HashMap.putVal(ILjava/lang/Object;Ljava/lang/Object;ZZ)Ljava/lang/Object; @ 253
Event: 11.287 Thread 0x0000000017b0f800 Uncommon trap: reason=unstable_if action=reinterpret pc=0x0000000003176c74 method=java.util.jar.Manifest$FastInputStream.readLine([BII)I @ 87
Event: 12.119 Thread 0x0000000002ce3800 Uncommon trap: reason=class_check action=maybe_recompile pc=0x00000000031256dc method=java.util.HashMap.putVal(ILjava/lang/Object;Ljava/lang/Object;ZZ)Ljava/lang/Object; @ 203
Event: 12.922 Thread 0x0000000017b0f800 Uncommon trap: reason=unstable_if action=reinterpret pc=0x00000000032a2890 method=jdk.internal.org.objectweb.asm.Type.getArgumentsAndReturnSizes(Ljava/lang/String;)I @ 47
Event: 13.064 Thread 0x0000000017b0f800 Uncommon trap: reason=unstable_if action=reinterpret pc=0x00000000033946e0 method=java.util.Properties$LineReader.readLine()I @ 252
Event: 13.078 Thread 0x0000000017b0f800 Uncommon trap: reason=unstable_if action=reinterpret pc=0x0000000003397cb0 method=java.util.Properties$LineReader.readLine()I @ 252
Event: 13.082 Thread 0x0000000017b0f800 Uncommon trap: reason=unstable_if action=reinterpret pc=0x0000000003443c28 method=java.util.LinkedHashMap.get(Ljava/lang/Object;)Ljava/lang/Object; @ 20
Event: 13.603 Thread 0x0000000017b0f800 Uncommon trap: reason=unstable_if action=reinterpret pc=0x00000000034dd268 method=com.sun.org.apache.xerces.internal.impl.XMLEntityScanner.scanLiteral(ILcom/sun/org/apache/xerces/internal/xni/XMLString;Z)I @ 570
Event: 13.716 Thread 0x0000000017b0f800 Uncommon trap: reason=unstable_if action=reinterpret pc=0x00000000034de39c method=com.sun.org.apache.xerces.internal.impl.XMLEntityScanner.checkBeforeLoad(Lcom/sun/xml/internal/stream/Entity$ScannedEntity;II)I @ 18

Classes redefined (0 events):
No events

Internal exceptions (10 events):
Event: 11.032 Thread 0x0000000002ce3800 Exception <a 'java/lang/ClassNotFoundException': org/springframework/core/OrderedCustomizer> (0x00000000ec6388c8) thrown at [C:\re\workspace\8-2-build-windows-amd64-cygwin\jdk8u201\12322\hotspot\src\share\vm\classfile\systemDictionary.cpp, line 210]
Event: 11.038 Thread 0x0000000002ce3800 Exception <a 'java/lang/ClassNotFoundException': org/springframework/context/ResourceLoaderAwareCustomizer> (0x00000000ec659e18) thrown at [C:\re\workspace\8-2-build-windows-amd64-cygwin\jdk8u201\12322\hotspot\src\share\vm\classfile\systemDictionary.cpp, 
Event: 11.041 Thread 0x0000000002ce3800 Exception <a 'java/lang/ClassNotFoundException': org/springframework/beans/factory/AwareCustomizer> (0x00000000ec678a60) thrown at [C:\re\workspace\8-2-build-windows-amd64-cygwin\jdk8u201\12322\hotspot\src\share\vm\classfile\systemDictionary.cpp, line 210
Event: 11.043 Thread 0x0000000002ce3800 Exception <a 'java/lang/ClassNotFoundException': org/springframework/beans/factory/BeanClassLoaderAwareCustomizer> (0x00000000ec716118) thrown at [C:\re\workspace\8-2-build-windows-amd64-cygwin\jdk8u201\12322\hotspot\src\share\vm\classfile\systemDictionar
Event: 11.046 Thread 0x0000000002ce3800 Exception <a 'java/lang/ClassNotFoundException': org/springframework/beans/factory/AwareCustomizer> (0x00000000ec734d78) thrown at [C:\re\workspace\8-2-build-windows-amd64-cygwin\jdk8u201\12322\hotspot\src\share\vm\classfile\systemDictionary.cpp, line 210
Event: 11.051 Thread 0x0000000002ce3800 Exception <a 'java/lang/ClassNotFoundException': org/springframework/context/EnvironmentAwareCustomizer> (0x00000000ec7544d8) thrown at [C:\re\workspace\8-2-build-windows-amd64-cygwin\jdk8u201\12322\hotspot\src\share\vm\classfile\systemDictionary.cpp, lin
Event: 11.055 Thread 0x0000000002ce3800 Exception <a 'java/lang/ClassNotFoundException': org/springframework/beans/factory/AwareCustomizer> (0x00000000ec773018) thrown at [C:\re\workspace\8-2-build-windows-amd64-cygwin\jdk8u201\12322\hotspot\src\share\vm\classfile\systemDictionary.cpp, line 210
Event: 11.581 Thread 0x0000000002ce3800 Exception <a 'java/lang/IncompatibleClassChangeError': Found class java.lang.Object, but interface was expected> (0x00000000eb44d920) thrown at [C:\re\workspace\8-2-build-windows-amd64-cygwin\jdk8u201\12322\hotspot\src\share\vm\interpreter\linkResolver.cp
Event: 12.947 Thread 0x0000000017b0f800 Exception <a 'java/lang/IncompatibleClassChangeError': Found class java.lang.Object, but interface was expected> (0x00000000eb5c2b70) thrown at [C:\re\workspace\8-2-build-windows-amd64-cygwin\jdk8u201\12322\hotspot\src\share\vm\interpreter\linkResolver.cp
Event: 13.447 Thread 0x0000000002ce3800 Exception <a 'java/lang/NoSuchMethodError': java.lang.Object.lambda$andThen$1(Ljava/util/function/Function;Ljava/lang/Object;)Ljava/lang/Object;> (0x00000000ec32dc18) thrown at [C:\re\workspace\8-2-build-windows-amd64-cygwin\jdk8u201\12322\hotspot\src\sha

Events (10 events):
Event: 13.731 Thread 0x0000000017b0f800 DEOPT PACKING pc=0x0000000003529fd4 sp=0x000000001970dbc0
Event: 13.731 Thread 0x0000000017b0f800 DEOPT UNPACKING pc=0x0000000002e27890 sp=0x000000001970d8e8 mode 1
Event: 13.739 Thread 0x0000000017b0f800 DEOPT PACKING pc=0x0000000003529fd4 sp=0x000000001970dbc0
Event: 13.739 Thread 0x0000000017b0f800 DEOPT UNPACKING pc=0x0000000002e27890 sp=0x000000001970d8e8 mode 1
Event: 13.744 Thread 0x0000000017b0f800 DEOPT PACKING pc=0x0000000003529fd4 sp=0x000000001970dbc0
Event: 13.744 Thread 0x0000000017b0f800 DEOPT UNPACKING pc=0x0000000002e27890 sp=0x000000001970d8e8 mode 1
Event: 13.749 Thread 0x0000000017b0f800 DEOPT PACKING pc=0x0000000003529fd4 sp=0x000000001970dbc0
Event: 13.750 Thread 0x0000000017b0f800 DEOPT UNPACKING pc=0x0000000002e27890 sp=0x000000001970d8e8 mode 1
Event: 13.754 loading class org/springframework/aop/config/AopConfigUtils
Event: 13.754 loading class org/springframework/aop/config/AopConfigUtils done


Dynamic libraries:
0x00007ff7659d0000 - 0x00007ff765a07000 	C:\Program Files\Java\jdk1.8.0_201\bin\java.exe
0x00007fff40ce0000 - 0x00007fff40ec1000 	C:\WINDOWS\SYSTEM32\ntdll.dll
0x00007fff409c0000 - 0x00007fff40a71000 	C:\WINDOWS\System32\KERNEL32.DLL
0x00007fff3ded0000 - 0x00007fff3e143000 	C:\WINDOWS\System32\KERNELBASE.dll
0x00007fff3e240000 - 0x00007fff3e2e1000 	C:\WINDOWS\System32\ADVAPI32.dll
0x00007fff40b00000 - 0x00007fff40b9e000 	C:\WINDOWS\System32\msvcrt.dll
0x00007fff3fc40000 - 0x00007fff3fc9b000 	C:\WINDOWS\System32\sechost.dll
0x00007fff3fcb0000 - 0x00007fff3fdd4000 	C:\WINDOWS\System32\RPCRT4.dll
0x00007fff40230000 - 0x00007fff403c0000 	C:\WINDOWS\System32\USER32.dll
0x00007fff3e150000 - 0x00007fff3e170000 	C:\WINDOWS\System32\win32u.dll
0x00007fff3fa70000 - 0x00007fff3fa98000 	C:\WINDOWS\System32\GDI32.dll
0x00007fff3d0b0000 - 0x00007fff3d242000 	C:\WINDOWS\System32\gdi32full.dll
0x00007fff3d5a0000 - 0x00007fff3d63f000 	C:\WINDOWS\System32\msvcp_win.dll
0x00007fff3d640000 - 0x00007fff3d738000 	C:\WINDOWS\System32\ucrtbase.dll
0x00007fff251a0000 - 0x00007fff25409000 	C:\WINDOWS\WinSxS\amd64_microsoft.windows.common-controls_6595b64144ccf1df_6.0.17134.765_none_fb42a1a930655896\COMCTL32.dll
0x00007fff3e2f0000 - 0x00007fff3e612000 	C:\WINDOWS\System32\combase.dll
0x00007fff3d740000 - 0x00007fff3d7ba000 	C:\WINDOWS\System32\bcryptPrimitives.dll
0x00007fff403c0000 - 0x00007fff403ed000 	C:\WINDOWS\System32\IMM32.DLL
0x0000000071910000 - 0x00000000719e1000 	C:\Program Files\Java\jdk1.8.0_201\jre\bin\msvcr100.dll
0x0000000071060000 - 0x0000000071904000 	C:\Program Files\Java\jdk1.8.0_201\jre\bin\server\jvm.dll
0x00007fff3fa60000 - 0x00007fff3fa68000 	C:\WINDOWS\System32\PSAPI.DLL
0x00007fff11690000 - 0x00007fff11699000 	C:\WINDOWS\SYSTEM32\WSOCK32.dll
0x00007fff3e1d0000 - 0x00007fff3e23c000 	C:\WINDOWS\System32\WS2_32.dll
0x00007fff37ee0000 - 0x00007fff37f03000 	C:\WINDOWS\SYSTEM32\WINMM.dll
0x00007fff38e80000 - 0x00007fff38e8a000 	C:\WINDOWS\SYSTEM32\VERSION.dll
0x00007fff37eb0000 - 0x00007fff37eda000 	C:\WINDOWS\SYSTEM32\WINMMBASE.dll
0x00007fff3d250000 - 0x00007fff3d299000 	C:\WINDOWS\System32\cfgmgr32.dll
0x00007fff38320000 - 0x00007fff3832f000 	C:\Program Files\Java\jdk1.8.0_201\jre\bin\verify.dll
0x00007fff16d20000 - 0x00007fff16d49000 	C:\Program Files\Java\jdk1.8.0_201\jre\bin\java.dll
0x00007fff10d90000 - 0x00007fff10dc5000 	C:\Program Files\Java\jdk1.8.0_201\jre\bin\jdwp.dll
0x00007fff241c0000 - 0x00007fff241c8000 	C:\Program Files\Java\jdk1.8.0_201\jre\bin\npt.dll
0x00007fff1bf00000 - 0x00007fff1bf16000 	C:\Program Files\Java\jdk1.8.0_201\jre\bin\zip.dll
0x00007fff3e620000 - 0x00007fff3fa60000 	C:\WINDOWS\System32\SHELL32.dll
0x00007fff40750000 - 0x00007fff407f9000 	C:\WINDOWS\System32\shcore.dll
0x00007fff3d7c0000 - 0x00007fff3decd000 	C:\WINDOWS\System32\windows.storage.dll
0x00007fff40960000 - 0x00007fff409b1000 	C:\WINDOWS\System32\shlwapi.dll
0x00007fff3d040000 - 0x00007fff3d051000 	C:\WINDOWS\System32\kernel.appcore.dll
0x00007fff3d020000 - 0x00007fff3d03f000 	C:\WINDOWS\System32\profapi.dll
0x00007fff3d060000 - 0x00007fff3d0ac000 	C:\WINDOWS\System32\powrprof.dll
0x00007fff3d010000 - 0x00007fff3d01a000 	C:\WINDOWS\System32\FLTLIB.DLL
0x00007fff23bf0000 - 0x00007fff23bf9000 	C:\Program Files\Java\jdk1.8.0_201\jre\bin\dt_socket.dll
0x00007fff3c870000 - 0x00007fff3c8d6000 	C:\WINDOWS\system32\mswsock.dll
0x00007fff16a10000 - 0x00007fff16a2a000 	C:\Program Files\Java\jdk1.8.0_201\jre\bin\net.dll
0x00007fff374a0000 - 0x00007fff37668000 	C:\WINDOWS\SYSTEM32\urlmon.dll
0x00007fff37140000 - 0x00007fff373e7000 	C:\WINDOWS\SYSTEM32\iertutil.dll
0x00007fff3ca40000 - 0x00007fff3ca4b000 	C:\WINDOWS\SYSTEM32\CRYPTBASE.DLL
0x00007fff169f0000 - 0x00007fff16a01000 	C:\Program Files\Java\jdk1.8.0_201\jre\bin\nio.dll
0x00007fff26520000 - 0x00007fff2652d000 	C:\Program Files\Java\jdk1.8.0_201\jre\bin\management.dll
0x00007fff1e660000 - 0x00007fff1e676000 	C:\WINDOWS\system32\napinsp.dll
0x00007fff1e640000 - 0x00007fff1e65a000 	C:\WINDOWS\system32\pnrpnsp.dll
0x00007fff39e30000 - 0x00007fff39e49000 	C:\WINDOWS\system32\NLAapi.dll
0x00007fff3c640000 - 0x00007fff3c6fe000 	C:\WINDOWS\SYSTEM32\DNSAPI.dll
0x00007fff40c40000 - 0x00007fff40c48000 	C:\WINDOWS\System32\NSI.dll
0x00007fff3c5f0000 - 0x00007fff3c628000 	C:\WINDOWS\SYSTEM32\IPHLPAPI.DLL
0x00007fff1e630000 - 0x00007fff1e63e000 	C:\WINDOWS\System32\winrnr.dll
0x0000000072710000 - 0x0000000072745000 	C:\Program Files\Bonjour\mdnsNSP.dll
0x00007fff271e0000 - 0x00007fff271ea000 	C:\Windows\System32\rasadhlp.dll
0x00007fff271f0000 - 0x00007fff27262000 	C:\WINDOWS\System32\fwpuclnt.dll
0x00007fff3cb50000 - 0x00007fff3cb75000 	C:\WINDOWS\SYSTEM32\bcrypt.dll

VM Arguments:
jvm_args: -Xdebug -Xrunjdwp:transport=dt_socket,server=y,suspend=y,address=59133 -Dfile.encoding=utf8 
java_command: com.microsoft.java.test.runner.Launcher junit com.example.demo.PrivilegijaTest#testPostojiPrivilegijaZaPromjenuIzbornogPredmeta
java_class_path (initial): c:\Users\LENOVO\AppData\Roaming\Code\User\workspaceStorage\6a867627f1557f5df26278ebc3182d8c\vscjava.vscode-java-test\1559442363277\path.jar
Launcher Type: SUN_STANDARD

Environment Variables:
JAVA_HOME=C:\Program Files\Java\jdk1.8.0_201
PATH=C:\Program Files (x86)\Common Files\Oracle\Java\javapath;C:\WINDOWS\system32;C:\WINDOWS;C:\WINDOWS\System32\Wbem;"C:\WINDOWS\System32\WindowsPowerShell\v1.0\;C:\Users\LENOVO\Desktop\galen\";C:\Program Files\dotnet\;C:\Program Files\Microsoft SQL Server\130\Tools\Binn\;C:\Program Files\MySQL\MySQL Utilities 1.6\;C:\Program Files\MATLAB\R2017b\runtime\win64;C:\Program Files\MATLAB\R2017b\bin;C:\Program Files\Git\cmd;C:\WINDOWS\System32\OpenSSH\;C:\Users\LENOVO\Desktop\galen\;C:\Users\LENOVO\Desktop\driveri\;C:\Program Files\nodejs;C:\Program Files\;C:\Program Files\wkhtmltopdf\bin;C:\Python\Python37;C:\Program Files\Java\jdk1.8.0_201;C:\Program Files\Java\jdk1.8.0_201\bin;C:\Program Files\Java\jre1.8.0_201\bin;C:\Users\LENOVO\AppData\Local\Programs\Python\Python37-32\Scripts\;C:\Users\LENOVO\AppData\Local\Programs\Python\Python37-32\;C:\Users\LENOVO\AppData\Local\Programs\Python\Python36\Scripts\;C:\Users\LENOVO\AppData\Local\Programs\Python\Python36\;C:\Python\Python37\Scripts\;C:\Python\Python37\;C:\Program Files (x86)\Java\jre1.8.0_191\bin;C:\Users\LENOVO\AppData\Roaming\npm;C:\Users\LENOVO\AppData\Local\Programs\Microsoft VS Code\bin;C:\Program Files\JetBrains\IntelliJ IDEA Community Edition 2019.1\bin;
USERNAME=LENOVO
OS=Windows_NT
PROCESSOR_IDENTIFIER=Intel64 Family 6 Model 42 Stepping 7, GenuineIntel



---------------  S Y S T E M  ---------------

OS: Windows 10.0 , 64 bit Build 17134 (10.0.17134.753)

CPU:total 4 (initial active 4) (2 cores per cpu, 2 threads per core) family 6 model 42 stepping 7, cmov, cx8, fxsr, mmx, sse, sse2, sse3, ssse3, sse4.1, sse4.2, popcnt, avx, aes, clmul, ht, tsc, tscinvbit

Memory: 4k page, physical 4078828k(592256k free), swap 5993952k(4088k free)

vm_info: Java HotSpot(TM) 64-Bit Server VM (25.201-b09) for windows-amd64 JRE (1.8.0_201-b09), built on Dec 15 2018 18:36:39 by "java_re" with MS VC++ 10.0 (VS2010)

time: Sun Jun 02 04:26:18 2019
timezone: Central European Daylight Time
elapsed time: 13 seconds (0d 0h 0m 13s)

