#
# There is insufficient memory for the Java Runtime Environment to continue.
# Native memory allocation (malloc) failed to allocate 32744 bytes for ChunkPool::allocate
# Possible reasons:
#   The system is out of physical RAM or swap space
#   The process is running with CompressedOops enabled, and the Java Heap may be blocking the growth of the native heap
# Possible solutions:
#   Reduce memory load on the system
#   Increase physical memory or swap space
#   Check if swap backing store is full
#   Decrease Java heap size (-Xmx/-Xms)
#   Decrease number of Java threads
#   Decrease Java thread stack sizes (-Xss)
#   Set larger code cache with -XX:ReservedCodeCacheSize=
#   JVM is running with Unscaled Compressed Oops mode in which the Java heap is
#     placed in the first 4GB address space. The Java Heap base address is the
#     maximum limit for the native heap growth. Please use -XX:HeapBaseMinAddress
#     to set the Java Heap base and to place the Java Heap above 4GB virtual address.
# This output file may be truncated or incomplete.
#
#  Out of Memory Error (allocation.cpp:273), pid=2120, tid=0x00000000000033b4
#
# JRE version: Java(TM) SE Runtime Environment (8.0_201-b09) (build 1.8.0_201-b09)
# Java VM: Java HotSpot(TM) 64-Bit Server VM (25.201-b09 mixed mode windows-amd64 compressed oops)
# Failed to write core dump. Minidumps are not enabled by default on client versions of Windows
#

---------------  T H R E A D  ---------------

Current thread (0x00000000154ba000):  JavaThread "C2 CompilerThread1" daemon [_thread_in_native, id=13236, stack(0x0000000017440000,0x0000000017540000)]

Stack: [0x0000000017440000,0x0000000017540000]
[error occurred during error reporting (printing stack bounds), id 0xc0000005]

Native frames: (J=compiled Java code, j=interpreted, Vv=VM code, C=native code)


Current CompileTask:
C2: 101191 5434       4       org.springframework.transaction.interceptor.AbstractFallbackTransactionAttributeSource::getTransactionAttribute (173 bytes)


---------------  P R O C E S S  ---------------

Java Threads: ( => current thread )
  0x000000001f9d9800 JavaThread "RMI TCP Accept-0" daemon [_thread_in_native, id=8792, stack(0x0000000023070000,0x0000000023170000)]
  0x000000001f9dd000 JavaThread "HikariPool-1 housekeeper" daemon [_thread_blocked, id=13024, stack(0x0000000021f70000,0x0000000022070000)]
  0x000000001f9dc000 JavaThread "container-0" [_thread_blocked, id=9264, stack(0x0000000021d70000,0x0000000021e70000)]
  0x000000001f9db800 JavaThread "Catalina-utility-2" [_thread_blocked, id=11032, stack(0x0000000021c70000,0x0000000021d70000)]
  0x000000001f9da800 JavaThread "Catalina-utility-1" [_thread_blocked, id=12720, stack(0x0000000021b70000,0x0000000021c70000)]
  0x000000001a274800 JavaThread "mysql-cj-abandoned-connection-cleanup" daemon [_thread_blocked, id=9944, stack(0x000000001f380000,0x000000001f480000)]
  0x00000000154de800 JavaThread "Service Thread" daemon [_thread_blocked, id=2880, stack(0x0000000017a40000,0x0000000017b40000)]
  0x0000000017578800 JavaThread "C1 CompilerThread2" daemon [_thread_blocked, id=11672, stack(0x0000000017940000,0x0000000017a40000)]
=>0x00000000154ba000 JavaThread "C2 CompilerThread1" daemon [_thread_in_native, id=13236, stack(0x0000000017440000,0x0000000017540000)]
  0x00000000154b7000 JavaThread "C2 CompilerThread0" daemon [_thread_in_native, id=11724, stack(0x0000000017340000,0x0000000017440000)]
  0x00000000154ac000 JavaThread "JDWP Command Reader" daemon [_thread_in_native, id=2896, stack(0x0000000017240000,0x0000000017340000)]
  0x00000000154a9000 JavaThread "JDWP Event Helper Thread" daemon [_thread_blocked, id=5904, stack(0x0000000017140000,0x0000000017240000)]
  0x000000001549b000 JavaThread "JDWP Transport Listener: dt_socket" daemon [_thread_blocked, id=4336, stack(0x0000000017040000,0x0000000017140000)]
  0x000000001548e000 JavaThread "Attach Listener" daemon [_thread_blocked, id=6032, stack(0x00000000169f0000,0x0000000016af0000)]
  0x000000001548d000 JavaThread "Signal Dispatcher" daemon [_thread_blocked, id=2808, stack(0x00000000168f0000,0x00000000169f0000)]
  0x0000000002eac000 JavaThread "Finalizer" daemon [_thread_blocked, id=9368, stack(0x0000000016700000,0x0000000016800000)]
  0x000000001546a000 JavaThread "Reference Handler" daemon [_thread_blocked, id=11284, stack(0x0000000016600000,0x0000000016700000)]
  0x0000000002db7000 JavaThread "main" [_thread_in_vm, id=8396, stack(0x0000000002aa0000,0x0000000002ba0000)]

Other Threads:
  0x0000000015447800 VMThread [stack: 0x0000000016500000,0x0000000016600000] [id=9344]
  0x00000000175ae000 WatcherThread [stack: 0x0000000017b40000,0x0000000017c40000] [id=11540]

VM state:not at safepoint (normal execution)

VM Mutex/Monitor currently owned by a thread: None

heap address: 0x00000000c1c00000, size: 996 MB, Compressed Oops mode: 32-bit
Narrow klass base: 0x0000000000000000, Narrow klass shift: 3
Compressed class space size: 1073741824 Address: 0x0000000100000000

Heap:
 PSYoungGen      total 161280K, used 24648K [0x00000000eb400000, 0x00000000f5f80000, 0x0000000100000000)
  eden space 147456K, 16% used [0x00000000eb400000,0x00000000ecc12348,0x00000000f4400000)
  from space 13824K, 0% used [0x00000000f5180000,0x00000000f5180000,0x00000000f5f00000)
  to   space 13824K, 0% used [0x00000000f4400000,0x00000000f4400000,0x00000000f5180000)
 ParOldGen       total 77312K, used 32269K [0x00000000c1c00000, 0x00000000c6780000, 0x00000000eb400000)
  object space 77312K, 41% used [0x00000000c1c00000,0x00000000c3b83550,0x00000000c6780000)
 Metaspace       used 58409K, capacity 60934K, committed 61272K, reserved 1101824K
  class space    used 7987K, capacity 8468K, committed 8576K, reserved 1048576K

Card table byte_map: [0x0000000012270000,0x0000000012470000] byte_map_base: 0x0000000011c62000

Marking Bits: (ParMarkBitMap*) 0x0000000062804ce0
 Begin Bits: [0x00000000129c0000, 0x0000000013950000)
 End Bits:   [0x0000000013950000, 0x00000000148e0000)

Polling page: 0x00000000012e0000

CodeCache: size=245760Kb used=17333Kb max_used=17333Kb free=228426Kb
 bounds [0x0000000002eb0000, 0x0000000003fb0000, 0x0000000011eb0000]
 total_blobs=5142 nmethods=4621 adapters=440
 compilation: enabled

Compilation events (10 events):
Event: 100.741 Thread 0x0000000017578800 5463       3       org.springframework.beans.factory.config.BeanExpressionContext::equals (49 bytes)
Event: 100.741 Thread 0x0000000017578800 nmethod 5463 0x0000000003fad4d0 code [0x0000000003fad640, 0x0000000003fadab0]
Event: 100.748 Thread 0x0000000017578800 5464       3       org.springframework.beans.TypeConverterSupport::<init> (5 bytes)
Event: 100.749 Thread 0x0000000017578800 nmethod 5464 0x0000000003fadb90 code [0x0000000003fadd00, 0x0000000003fadf10]
Event: 100.749 Thread 0x0000000017578800 5465       3       org.springframework.beans.PropertyEditorRegistrySupport::<init> (15 bytes)
Event: 100.749 Thread 0x0000000017578800 nmethod 5465 0x0000000003fae010 code [0x0000000003fae160, 0x0000000003fae310]
Event: 100.749 Thread 0x0000000017578800 5466       3       org.springframework.beans.PropertyEditorRegistrySupport::registerDefaultEditors (6 bytes)
Event: 100.749 Thread 0x0000000017578800 nmethod 5466 0x0000000003fae3d0 code [0x0000000003fae520, 0x0000000003fae670]
Event: 100.754 Thread 0x0000000017578800 5467       3       org.springframework.beans.factory.support.AbstractAutowireCapableBeanFactory::determineConstructorsFromBeanPostProcessors (80 bytes)
Event: 100.755 Thread 0x0000000017578800 nmethod 5467 0x0000000003fae710 code [0x0000000003fae8e0, 0x0000000003faf358]

GC Heap History (10 events):
Event: 64.979 GC heap before
{Heap before GC invocations=13 (full 2):
 PSYoungGen      total 86016K, used 7656K [0x00000000eb400000, 0x00000000f3400000, 0x0000000100000000)
  eden space 78336K, 0% used [0x00000000eb400000,0x00000000eb400000,0x00000000f0080000)
  from space 7680K, 99% used [0x00000000f0080000,0x00000000f07fa3d0,0x00000000f0800000)
  to   space 11776K, 0% used [0x00000000f2880000,0x00000000f2880000,0x00000000f3400000)
 ParOldGen       total 30208K, used 19819K [0x00000000c1c00000, 0x00000000c3980000, 0x00000000eb400000)
  object space 30208K, 65% used [0x00000000c1c00000,0x00000000c2f5ac58,0x00000000c3980000)
 Metaspace       used 33853K, capacity 35316K, committed 35416K, reserved 1079296K
  class space    used 4396K, capacity 4685K, committed 4736K, reserved 1048576K
Event: 65.235 GC heap after
Heap after GC invocations=13 (full 2):
 PSYoungGen      total 86016K, used 0K [0x00000000eb400000, 0x00000000f3400000, 0x0000000100000000)
  eden space 78336K, 0% used [0x00000000eb400000,0x00000000eb400000,0x00000000f0080000)
  from space 7680K, 0% used [0x00000000f0080000,0x00000000f0080000,0x00000000f0800000)
  to   space 11776K, 0% used [0x00000000f2880000,0x00000000f2880000,0x00000000f3400000)
 ParOldGen       total 56320K, used 21651K [0x00000000c1c00000, 0x00000000c5300000, 0x00000000eb400000)
  object space 56320K, 38% used [0x00000000c1c00000,0x00000000c3124ee0,0x00000000c5300000)
 Metaspace       used 33853K, capacity 35316K, committed 35416K, reserved 1079296K
  class space    used 4396K, capacity 4685K, committed 4736K, reserved 1048576K
}
Event: 72.622 GC heap before
{Heap before GC invocations=14 (full 2):
 PSYoungGen      total 86016K, used 78336K [0x00000000eb400000, 0x00000000f3400000, 0x0000000100000000)
  eden space 78336K, 100% used [0x00000000eb400000,0x00000000f0080000,0x00000000f0080000)
  from space 7680K, 0% used [0x00000000f0080000,0x00000000f0080000,0x00000000f0800000)
  to   space 11776K, 0% used [0x00000000f2880000,0x00000000f2880000,0x00000000f3400000)
 ParOldGen       total 56320K, used 21651K [0x00000000c1c00000, 0x00000000c5300000, 0x00000000eb400000)
  object space 56320K, 38% used [0x00000000c1c00000,0x00000000c3124ee0,0x00000000c5300000)
 Metaspace       used 37095K, capacity 38778K, committed 39000K, reserved 1083392K
  class space    used 4815K, capacity 5160K, committed 5248K, reserved 1048576K
Event: 72.649 GC heap after
Heap after GC invocations=14 (full 2):
 PSYoungGen      total 116224K, used 4323K [0x00000000eb400000, 0x00000000f3200000, 0x0000000100000000)
  eden space 106496K, 0% used [0x00000000eb400000,0x00000000eb400000,0x00000000f1c00000)
  from space 9728K, 44% used [0x00000000f2880000,0x00000000f2cb8f60,0x00000000f3200000)
  to   space 11264K, 0% used [0x00000000f1c00000,0x00000000f1c00000,0x00000000f2700000)
 ParOldGen       total 56320K, used 21659K [0x00000000c1c00000, 0x00000000c5300000, 0x00000000eb400000)
  object space 56320K, 38% used [0x00000000c1c00000,0x00000000c3126ee0,0x00000000c5300000)
 Metaspace       used 37095K, capacity 38778K, committed 39000K, reserved 1083392K
  class space    used 4815K, capacity 5160K, committed 5248K, reserved 1048576K
}
Event: 83.915 GC heap before
{Heap before GC invocations=15 (full 2):
 PSYoungGen      total 116224K, used 110819K [0x00000000eb400000, 0x00000000f3200000, 0x0000000100000000)
  eden space 106496K, 100% used [0x00000000eb400000,0x00000000f1c00000,0x00000000f1c00000)
  from space 9728K, 44% used [0x00000000f2880000,0x00000000f2cb8f60,0x00000000f3200000)
  to   space 11264K, 0% used [0x00000000f1c00000,0x00000000f1c00000,0x00000000f2700000)
 ParOldGen       total 56320K, used 21659K [0x00000000c1c00000, 0x00000000c5300000, 0x00000000eb400000)
  object space 56320K, 38% used [0x00000000c1c00000,0x00000000c3126ee0,0x00000000c5300000)
 Metaspace       used 48100K, capacity 49986K, committed 50392K, reserved 1093632K
  class space    used 6443K, capacity 6794K, committed 6912K, reserved 1048576K
Event: 84.107 GC heap after
Heap after GC invocations=15 (full 2):
 PSYoungGen      total 117760K, used 11254K [0x00000000eb400000, 0x00000000f5f00000, 0x0000000100000000)
  eden space 106496K, 0% used [0x00000000eb400000,0x00000000eb400000,0x00000000f1c00000)
  from space 11264K, 99% used [0x00000000f1c00000,0x00000000f26fd8e0,0x00000000f2700000)
  to   space 13824K, 0% used [0x00000000f5180000,0x00000000f5180000,0x00000000f5f00000)
 ParOldGen       total 56320K, used 24569K [0x00000000c1c00000, 0x00000000c5300000, 0x00000000eb400000)
  object space 56320K, 43% used [0x00000000c1c00000,0x00000000c33fe460,0x00000000c5300000)
 Metaspace       used 48100K, capacity 49986K, committed 50392K, reserved 1093632K
  class space    used 6443K, capacity 6794K, committed 6912K, reserved 1048576K
}
Event: 94.770 GC heap before
{Heap before GC invocations=16 (full 2):
 PSYoungGen      total 117760K, used 110609K [0x00000000eb400000, 0x00000000f5f00000, 0x0000000100000000)
  eden space 106496K, 93% used [0x00000000eb400000,0x00000000f1506ea0,0x00000000f1c00000)
  from space 11264K, 99% used [0x00000000f1c00000,0x00000000f26fd8e0,0x00000000f2700000)
  to   space 13824K, 0% used [0x00000000f5180000,0x00000000f5180000,0x00000000f5f00000)
 ParOldGen       total 56320K, used 24569K [0x00000000c1c00000, 0x00000000c5300000, 0x00000000eb400000)
  object space 56320K, 43% used [0x00000000c1c00000,0x00000000c33fe460,0x00000000c5300000)
 Metaspace       used 56722K, capacity 59002K, committed 59028K, reserved 1099776K
  class space    used 7733K, capacity 8170K, committed 8192K, reserved 1048576K
Event: 94.903 GC heap after
Heap after GC invocations=16 (full 2):
 PSYoungGen      total 161280K, used 8885K [0x00000000eb400000, 0x00000000f5f80000, 0x0000000100000000)
  eden space 147456K, 0% used [0x00000000eb400000,0x00000000eb400000,0x00000000f4400000)
  from space 13824K, 64% used [0x00000000f5180000,0x00000000f5a2d678,0x00000000f5f00000)
  to   space 13824K, 0% used [0x00000000f4400000,0x00000000f4400000,0x00000000f5180000)
 ParOldGen       total 56320K, used 28201K [0x00000000c1c00000, 0x00000000c5300000, 0x00000000eb400000)
  object space 56320K, 50% used [0x00000000c1c00000,0x00000000c378a630,0x00000000c5300000)
 Metaspace       used 56722K, capacity 59002K, committed 59028K, reserved 1099776K
  class space    used 7733K, capacity 8170K, committed 8192K, reserved 1048576K
}
Event: 94.903 GC heap before
{Heap before GC invocations=17 (full 3):
 PSYoungGen      total 161280K, used 8885K [0x00000000eb400000, 0x00000000f5f80000, 0x0000000100000000)
  eden space 147456K, 0% used [0x00000000eb400000,0x00000000eb400000,0x00000000f4400000)
  from space 13824K, 64% used [0x00000000f5180000,0x00000000f5a2d678,0x00000000f5f00000)
  to   space 13824K, 0% used [0x00000000f4400000,0x00000000f4400000,0x00000000f5180000)
 ParOldGen       total 56320K, used 28201K [0x00000000c1c00000, 0x00000000c5300000, 0x00000000eb400000)
  object space 56320K, 50% used [0x00000000c1c00000,0x00000000c378a630,0x00000000c5300000)
 Metaspace       used 56722K, capacity 59002K, committed 59028K, reserved 1099776K
  class space    used 7733K, capacity 8170K, committed 8192K, reserved 1048576K
Event: 96.070 GC heap after
Heap after GC invocations=17 (full 3):
 PSYoungGen      total 161280K, used 0K [0x00000000eb400000, 0x00000000f5f80000, 0x0000000100000000)
  eden space 147456K, 0% used [0x00000000eb400000,0x00000000eb400000,0x00000000f4400000)
  from space 13824K, 0% used [0x00000000f5180000,0x00000000f5180000,0x00000000f5f00000)
  to   space 13824K, 0% used [0x00000000f4400000,0x00000000f4400000,0x00000000f5180000)
 ParOldGen       total 77312K, used 32269K [0x00000000c1c00000, 0x00000000c6780000, 0x00000000eb400000)
  object space 77312K, 41% used [0x00000000c1c00000,0x00000000c3b83550,0x00000000c6780000)
 Metaspace       used 56722K, capacity 59002K, committed 59028K, reserved 1099776K
  class space    used 7733K, capacity 8170K, committed 8192K, reserved 1048576K
}

Deoptimization events (10 events):
Event: 94.137 Thread 0x0000000002db7000 Uncommon trap: reason=class_check action=maybe_recompile pc=0x00000000030098ac method=org.springframework.core.annotation.AnnotationUtils.hasPlainJavaAnnotationsOnly(Ljava/lang/Object;)Z @ 16
Event: 94.148 Thread 0x0000000002db7000 Uncommon trap: reason=class_check action=maybe_recompile pc=0x0000000003f2db2c method=org.springframework.core.annotation.AnnotatedElementUtils.searchWithFindSemantics(Ljava/lang/reflect/AnnotatedElement;Ljava/util/Set;Ljava/lang/String;Ljava/lang/Class;L
Event: 94.149 Thread 0x0000000002db7000 Uncommon trap: reason=class_check action=maybe_recompile pc=0x0000000003f2db2c method=org.springframework.core.annotation.AnnotatedElementUtils.searchWithFindSemantics(Ljava/lang/reflect/AnnotatedElement;Ljava/util/Set;Ljava/lang/String;Ljava/lang/Class;L
Event: 94.178 Thread 0x0000000002db7000 Uncommon trap: reason=class_check action=maybe_recompile pc=0x00000000039310bc method=java.util.HashMap.computeIfAbsent(Ljava/lang/Object;Ljava/util/function/Function;)Ljava/lang/Object; @ 263
Event: 94.190 Thread 0x0000000002db7000 Uncommon trap: reason=class_check action=maybe_recompile pc=0x00000000039310bc method=java.util.HashMap.computeIfAbsent(Ljava/lang/Object;Ljava/util/function/Function;)Ljava/lang/Object; @ 263
Event: 94.218 Thread 0x0000000002db7000 Uncommon trap: reason=class_check action=maybe_recompile pc=0x00000000039310bc method=java.util.HashMap.computeIfAbsent(Ljava/lang/Object;Ljava/util/function/Function;)Ljava/lang/Object; @ 263
Event: 94.221 Thread 0x0000000002db7000 Uncommon trap: reason=class_check action=maybe_recompile pc=0x00000000039310bc method=java.util.HashMap.computeIfAbsent(Ljava/lang/Object;Ljava/util/function/Function;)Ljava/lang/Object; @ 263
Event: 96.256 Thread 0x0000000002db7000 Uncommon trap: reason=class_check action=maybe_recompile pc=0x0000000003566ba0 method=org.springframework.util.ConcurrentReferenceHashMap$Segment.findInChain(Lorg/springframework/util/ConcurrentReferenceHashMap$Reference;Ljava/lang/Object;I)Lorg/springfra
Event: 96.941 Thread 0x0000000002db7000 Uncommon trap: reason=class_check action=maybe_recompile pc=0x000000000343f114 method=org.springframework.beans.factory.support.AbstractBeanFactory.isTypeMatch(Ljava/lang/String;Lorg/springframework/core/ResolvableType;)Z @ 47
Event: 97.182 Thread 0x0000000002db7000 Uncommon trap: reason=unstable_if action=reinterpret pc=0x0000000003752688 method=org.springframework.util.ClassUtils.isAssignable(Ljava/lang/Class;Ljava/lang/Class;)Z @ 66

Classes redefined (0 events):
No events

Internal exceptions (10 events):
Event: 96.277 Thread 0x0000000002db7000 Exception <a 'java/lang/NoSuchMethodError': java.lang.Object.lambda$and$0(Lorg/springframework/data/repository/core/support/MethodLookup;)Ljava/util/List;> (0x00000000eb7356a0) thrown at [C:\re\workspace\8-2-build-windows-amd64-cygwin\jdk8u201\12322\hotsp
Event: 96.329 Thread 0x0000000002db7000 Exception <a 'java/lang/IncompatibleClassChangeError': Found class java.lang.Object, but interface was expected> (0x00000000eb7d6900) thrown at [C:\re\workspace\8-2-build-windows-amd64-cygwin\jdk8u201\12322\hotspot\src\share\vm\interpreter\linkResolver.cp
Event: 96.653 Thread 0x0000000002db7000 Exception <a 'java/lang/NoSuchMethodError': java.lang.Object.lambda$map$1(Ljava/util/function/Function;)Ljava/util/stream/Stream;> (0x00000000ebb55b68) thrown at [C:\re\workspace\8-2-build-windows-amd64-cygwin\jdk8u201\12322\hotspot\src\share\vm\interpret
Event: 98.239 Thread 0x0000000002db7000 Exception <a 'java/lang/reflect/InvocationTargetException'> (0x00000000ec079d80) thrown at [C:\re\workspace\8-2-build-windows-amd64-cygwin\jdk8u201\12322\hotspot\src\share\vm\runtime\reflection.cpp, line 1092]
Event: 99.323 Thread 0x0000000002db7000 Exception <a 'java/lang/NoSuchMethodError': java.lang.Object.lambda$static$0(Ljavax/persistence/Query;[Ljava/lang/Object;Lorg/springframework/data/jpa/repository/query/QueryParameterSetter$ErrorHandling;)V> (0x00000000ec5d38a0) thrown at [C:\re\workspace\
Event: 99.340 Thread 0x0000000002db7000 Exception <a 'java/lang/reflect/InvocationTargetException'> (0x00000000ec6020d8) thrown at [C:\re\workspace\8-2-build-windows-amd64-cygwin\jdk8u201\12322\hotspot\src\share\vm\runtime\reflection.cpp, line 1092]
Event: 99.639 Thread 0x0000000002db7000 Exception <a 'java/lang/reflect/InvocationTargetException'> (0x00000000ec75be78) thrown at [C:\re\workspace\8-2-build-windows-amd64-cygwin\jdk8u201\12322\hotspot\src\share\vm\runtime\reflection.cpp, line 1092]
Event: 99.691 Thread 0x0000000002db7000 Exception <a 'java/lang/reflect/InvocationTargetException'> (0x00000000ec76bb70) thrown at [C:\re\workspace\8-2-build-windows-amd64-cygwin\jdk8u201\12322\hotspot\src\share\vm\runtime\reflection.cpp, line 1092]
Event: 99.854 Thread 0x0000000002db7000 Exception <a 'java/lang/reflect/InvocationTargetException'> (0x00000000ec87a1d0) thrown at [C:\re\workspace\8-2-build-windows-amd64-cygwin\jdk8u201\12322\hotspot\src\share\vm\runtime\reflection.cpp, line 1092]
Event: 99.864 Thread 0x0000000002db7000 Exception <a 'java/lang/reflect/InvocationTargetException'> (0x00000000ec885920) thrown at [C:\re\workspace\8-2-build-windows-amd64-cygwin\jdk8u201\12322\hotspot\src\share\vm\runtime\reflection.cpp, line 1092]

Events (10 events):
Event: 100.756 Thread 0x0000000002db7000 DEOPT PACKING pc=0x00000000030047bc sp=0x0000000002b9cf30
Event: 100.756 Thread 0x0000000002db7000 DEOPT UNPACKING pc=0x0000000002ef7890 sp=0x0000000002b9cc00 mode 1
Event: 100.760 loading class com/google/common/collect/ImmutableMap
Event: 100.760 loading class com/google/common/collect/ImmutableMap done
Event: 100.761 Thread 0x0000000002db7000 DEOPT PACKING pc=0x00000000030047bc sp=0x0000000002b9c110
Event: 100.761 Thread 0x0000000002db7000 DEOPT UNPACKING pc=0x0000000002ef7890 sp=0x0000000002b9bde0 mode 1
Event: 101.051 loading class com/google/common/collect/RegularImmutableMap
Event: 101.051 loading class com/google/common/collect/RegularImmutableMap done
Event: 101.051 Thread 0x0000000002db7000 DEOPT PACKING pc=0x00000000030047bc sp=0x0000000002b9b3c0
Event: 101.052 Thread 0x0000000002db7000 DEOPT UNPACKING pc=0x0000000002ef7890 sp=0x0000000002b9b090 mode 1


Dynamic libraries:
0x00007ff70e530000 - 0x00007ff70e567000 	C:\Program Files\Java\jdk1.8.0_201\bin\java.exe
0x00007fff7f1f0000 - 0x00007fff7f3d1000 	C:\WINDOWS\SYSTEM32\ntdll.dll
0x00007fff7c680000 - 0x00007fff7c731000 	C:\WINDOWS\System32\KERNEL32.DLL
0x00007fff7bff0000 - 0x00007fff7c263000 	C:\WINDOWS\System32\KERNELBASE.dll
0x00007fff7dc70000 - 0x00007fff7dd11000 	C:\WINDOWS\System32\ADVAPI32.dll
0x00007fff7d3b0000 - 0x00007fff7d44e000 	C:\WINDOWS\System32\msvcrt.dll
0x00007fff7c920000 - 0x00007fff7c97b000 	C:\WINDOWS\System32\sechost.dll
0x00007fff7d450000 - 0x00007fff7d574000 	C:\WINDOWS\System32\RPCRT4.dll
0x00007fff7d220000 - 0x00007fff7d3b0000 	C:\WINDOWS\System32\USER32.dll
0x00007fff7c560000 - 0x00007fff7c580000 	C:\WINDOWS\System32\win32u.dll
0x00007fff7dd20000 - 0x00007fff7dd48000 	C:\WINDOWS\System32\GDI32.dll
0x00007fff7be50000 - 0x00007fff7bfe2000 	C:\WINDOWS\System32\gdi32full.dll
0x00007fff7c580000 - 0x00007fff7c61f000 	C:\WINDOWS\System32\msvcp_win.dll
0x00007fff7c270000 - 0x00007fff7c368000 	C:\WINDOWS\System32\ucrtbase.dll
0x00007fff605c0000 - 0x00007fff60829000 	C:\WINDOWS\WinSxS\amd64_microsoft.windows.common-controls_6595b64144ccf1df_6.0.17134.765_none_fb42a1a930655896\COMCTL32.dll
0x00007fff7cef0000 - 0x00007fff7d212000 	C:\WINDOWS\System32\combase.dll
0x00007fff7b5c0000 - 0x00007fff7b63a000 	C:\WINDOWS\System32\bcryptPrimitives.dll
0x00007fff7dd50000 - 0x00007fff7dd7d000 	C:\WINDOWS\System32\IMM32.DLL
0x0000000062890000 - 0x0000000062961000 	C:\Program Files\Java\jdk1.8.0_201\jre\bin\msvcr100.dll
0x0000000061fe0000 - 0x0000000062884000 	C:\Program Files\Java\jdk1.8.0_201\jre\bin\server\jvm.dll
0x00007fff7c980000 - 0x00007fff7c988000 	C:\WINDOWS\System32\PSAPI.DLL
0x00007fff46690000 - 0x00007fff46699000 	C:\WINDOWS\SYSTEM32\WSOCK32.dll
0x00007fff7cbc0000 - 0x00007fff7cc2c000 	C:\WINDOWS\System32\WS2_32.dll
0x00007fff74130000 - 0x00007fff74153000 	C:\WINDOWS\SYSTEM32\WINMM.dll
0x00007fff75790000 - 0x00007fff7579a000 	C:\WINDOWS\SYSTEM32\VERSION.dll
0x00007fff74100000 - 0x00007fff7412a000 	C:\WINDOWS\SYSTEM32\WINMMBASE.dll
0x00007fff7b6f0000 - 0x00007fff7b739000 	C:\WINDOWS\System32\cfgmgr32.dll
0x00007fff79740000 - 0x00007fff7974f000 	C:\Program Files\Java\jdk1.8.0_201\jre\bin\verify.dll
0x00007fff6b590000 - 0x00007fff6b5b9000 	C:\Program Files\Java\jdk1.8.0_201\jre\bin\java.dll
0x00007fff4d0c0000 - 0x00007fff4d0f5000 	C:\Program Files\Java\jdk1.8.0_201\jre\bin\jdwp.dll
0x00007fff76000000 - 0x00007fff76008000 	C:\Program Files\Java\jdk1.8.0_201\jre\bin\npt.dll
0x00007fff76230000 - 0x00007fff76246000 	C:\Program Files\Java\jdk1.8.0_201\jre\bin\zip.dll
0x00007fff7dd80000 - 0x00007fff7f1c0000 	C:\WINDOWS\System32\SHELL32.dll
0x00007fff7c990000 - 0x00007fff7ca39000 	C:\WINDOWS\System32\shcore.dll
0x00007fff7b740000 - 0x00007fff7be4d000 	C:\WINDOWS\System32\windows.storage.dll
0x00007fff7cdf0000 - 0x00007fff7ce41000 	C:\WINDOWS\System32\shlwapi.dll
0x00007fff7b500000 - 0x00007fff7b511000 	C:\WINDOWS\System32\kernel.appcore.dll
0x00007fff7b5a0000 - 0x00007fff7b5bf000 	C:\WINDOWS\System32\profapi.dll
0x00007fff7b550000 - 0x00007fff7b59c000 	C:\WINDOWS\System32\powrprof.dll
0x00007fff7b540000 - 0x00007fff7b54a000 	C:\WINDOWS\System32\FLTLIB.DLL
0x00007fff75ff0000 - 0x00007fff75ff9000 	C:\Program Files\Java\jdk1.8.0_201\jre\bin\dt_socket.dll
0x00007fff5fac0000 - 0x00007fff5fad6000 	C:\WINDOWS\system32\napinsp.dll
0x00007fff5faa0000 - 0x00007fff5faba000 	C:\WINDOWS\system32\pnrpnsp.dll
0x00007fff75f20000 - 0x00007fff75f39000 	C:\WINDOWS\system32\NLAapi.dll
0x00007fff7ad80000 - 0x00007fff7ade6000 	C:\WINDOWS\System32\mswsock.dll
0x00007fff7ab40000 - 0x00007fff7abfe000 	C:\WINDOWS\SYSTEM32\DNSAPI.dll
0x00007fff7db00000 - 0x00007fff7db08000 	C:\WINDOWS\System32\NSI.dll
0x00007fff7ab00000 - 0x00007fff7ab38000 	C:\WINDOWS\SYSTEM32\IPHLPAPI.DLL
0x00007fff5fa90000 - 0x00007fff5fa9e000 	C:\WINDOWS\System32\winrnr.dll
0x0000000062ff0000 - 0x0000000063025000 	C:\Program Files\Bonjour\mdnsNSP.dll
0x00007fff70f30000 - 0x00007fff70fa2000 	C:\WINDOWS\System32\fwpuclnt.dll
0x00007fff7b060000 - 0x00007fff7b085000 	C:\WINDOWS\SYSTEM32\bcrypt.dll
0x00007fff6f0f0000 - 0x00007fff6f0fa000 	C:\Windows\System32\rasadhlp.dll
0x00007fff6b490000 - 0x00007fff6b49d000 	C:\Program Files\Java\jdk1.8.0_201\jre\bin\management.dll
0x00007fff6a390000 - 0x00007fff6a3aa000 	C:\Program Files\Java\jdk1.8.0_201\jre\bin\net.dll
0x00007fff71600000 - 0x00007fff717c8000 	C:\WINDOWS\SYSTEM32\urlmon.dll
0x00007fff6c3e0000 - 0x00007fff6c687000 	C:\WINDOWS\SYSTEM32\iertutil.dll
0x00007fff7af50000 - 0x00007fff7af5b000 	C:\WINDOWS\SYSTEM32\CRYPTBASE.DLL
0x00007fff5f0d0000 - 0x00007fff5f0e1000 	C:\Program Files\Java\jdk1.8.0_201\jre\bin\nio.dll
0x00007fff7af30000 - 0x00007fff7af47000 	C:\WINDOWS\SYSTEM32\CRYPTSP.dll
0x00007fff7a960000 - 0x00007fff7a993000 	C:\WINDOWS\system32\rsaenh.dll
0x00007fff7b430000 - 0x00007fff7b458000 	C:\WINDOWS\SYSTEM32\USERENV.dll
0x00007fff74fa0000 - 0x00007fff74fb6000 	C:\WINDOWS\SYSTEM32\dhcpcsvc6.DLL
0x00007fff74f80000 - 0x00007fff74f9a000 	C:\WINDOWS\SYSTEM32\dhcpcsvc.DLL

VM Arguments:
jvm_args: -Xdebug -Xnoagent -Djava.compiler=NONE -Xrunjdwp:transport=dt_socket,address=localhost:53513,server=n,suspend=y -Dfile.encoding=UTF-8 
java_command: com.example.demo.DemoApplication
java_class_path (initial): C:\Users\LENOVO\Desktop\lijekovi\SI-Oscar-2019\demo\target\classes;C:\Users\LENOVO\.m2\repository\org\springframework\boot\spring-boot-starter-actuator\2.1.4.RELEASE\spring-boot-starter-actuator-2.1.4.RELEASE.jar;C:\Users\LENOVO\.m2\repository\org\springframework\boot\spring-boot-starter\2.1.4.RELEASE\spring-boot-starter-2.1.4.RELEASE.jar;C:\Users\LENOVO\.m2\repository\org\springframework\boot\spring-boot\2.1.4.RELEASE\spring-boot-2.1.4.RELEASE.jar;C:\Users\LENOVO\.m2\repository\org\springframework\boot\spring-boot-autoconfigure\2.1.4.RELEASE\spring-boot-autoconfigure-2.1.4.RELEASE.jar;C:\Users\LENOVO\.m2\repository\org\springframework\boot\spring-boot-starter-logging\2.1.4.RELEASE\spring-boot-starter-logging-2.1.4.RELEASE.jar;C:\Users\LENOVO\.m2\repository\ch\qos\logback\logback-classic\1.2.3\logback-classic-1.2.3.jar;C:\Users\LENOVO\.m2\repository\ch\qos\logback\logback-core\1.2.3\logback-core-1.2.3.jar;C:\Users\LENOVO\.m2\repository\org\apache\logging\log4j\log4j-to-slf4j\2.11.2\log4j-to-slf4j-2.11.2.jar;C:\Users\LENOVO\.m2\repository\org\apache\logging\log4j\log4j-api\2.11.2\log4j-api-2.11.2.jar;C:\Users\LENOVO\.m2\repository\org\slf4j\jul-to-slf4j\1.7.26\jul-to-slf4j-1.7.26.jar;C:\Users\LENOVO\.m2\repository\javax\annotation\javax.annotation-api\1.3.2\javax.annotation-api-1.3.2.jar;C:\Users\LENOVO\.m2\repository\org\yaml\snakeyaml\1.23\snakeyaml-1.23.jar;C:\Users\LENOVO\.m2\repository\org\springframework\boot\spring-boot-actuator-autoconfigure\2.1.4.RELEASE\spring-boot-actuator-autoconfigure-2.1.4.RELEASE.jar;C:\Users\LENOVO\.m2\repository\org\springframework\boot\spring-boot-actuator\2.1.4.RELEASE\spring-boot-actuator-2.1.4.RELEASE.jar;C:\Users\LENOVO\.m2\repository\com\fasterxml\jackson\core\jackson-databind\2.9.8\jackson-databind-2.9.8.jar;C:\Users\LENOVO\.m2\repository\com\fasterxml\jackson\core\jackson-core\2.9.8\jackson-core-2.9.8.jar;C:\Users\LENOVO\.m2\repository\org\springframework\spring-context\5.1.6.RELEASE\spring-contex
Launcher Type: SUN_STANDARD

Environment Variables:
JAVA_HOME=C:\Program Files\Java\jdk1.8.0_201
PATH=C:\Program Files (x86)\Common Files\Oracle\Java\javapath;C:\WINDOWS\system32;C:\WINDOWS;C:\WINDOWS\System32\Wbem;"C:\WINDOWS\System32\WindowsPowerShell\v1.0\;C:\Users\LENOVO\Desktop\galen\";C:\Program Files\dotnet\;C:\Program Files\Microsoft SQL Server\130\Tools\Binn\;C:\Program Files\MySQL\MySQL Utilities 1.6\;C:\Program Files\MATLAB\R2017b\runtime\win64;C:\Program Files\MATLAB\R2017b\bin;C:\Program Files\Git\cmd;C:\WINDOWS\System32\OpenSSH\;C:\Users\LENOVO\Desktop\galen\;C:\Users\LENOVO\Desktop\driveri\;C:\Program Files\nodejs;C:\Program Files\;C:\Program Files\wkhtmltopdf\bin;C:\Python\Python37;C:\Program Files\Java\jdk1.8.0_201;C:\Program Files\Java\jdk1.8.0_201\bin;C:\Program Files\Java\jre1.8.0_201\bin;C:\Users\LENOVO\AppData\Local\Programs\Python\Python37-32\Scripts\;C:\Users\LENOVO\AppData\Local\Programs\Python\Python37-32\;C:\Users\LENOVO\AppData\Local\Programs\Python\Python36\Scripts\;C:\Users\LENOVO\AppData\Local\Programs\Python\Python36\;C:\Python\Python37\Scripts\;C:\Python\Python37\;C:\Program Files (x86)\Java\jre1.8.0_191\bin;C:\Users\LENOVO\AppData\Roaming\npm;C:\Users\LENOVO\AppData\Local\Programs\Microsoft VS Code\bin;C:\Program Files\JetBrains\IntelliJ IDEA Community Edition 2019.1\bin;
USERNAME=LENOVO
OS=Windows_NT
PROCESSOR_IDENTIFIER=Intel64 Family 6 Model 42 Stepping 7, GenuineIntel



---------------  S Y S T E M  ---------------

OS: Windows 10.0 , 64 bit Build 17134 (10.0.17134.753)

CPU:total 4 (initial active 4) (2 cores per cpu, 2 threads per core) family 6 model 42 stepping 7, cmov, cx8, fxsr, mmx, sse, sse2, sse3, ssse3, sse4.1, sse4.2, popcnt, avx, aes, clmul, ht, tsc, tscinvbit

Memory: 4k page, physical 4078828k(321384k free), swap 6116632k(2896k free)

vm_info: Java HotSpot(TM) 64-Bit Server VM (25.201-b09) for windows-amd64 JRE (1.8.0_201-b09), built on Dec 15 2018 18:36:39 by "java_re" with MS VC++ 10.0 (VS2010)

time: Sun May 26 23:03:20 2019
timezone: Central European Daylight Time
elapsed time: 101 seconds (0d 0h 1m 41s)

