#
# There is insufficient memory for the Java Runtime Environment to continue.
# Native memory allocation (malloc) failed to allocate 2007536 bytes for Chunk::new
# Possible reasons:
#   The system is out of physical RAM or swap space
#   The process is running with CompressedOops enabled, and the Java Heap may be blocking the growth of the native heap
# Possible solutions:
#   Reduce memory load on the system
#   Increase physical memory or swap space
#   Check if swap backing store is full
#   Decrease Java heap size (-Xmx/-Xms)
#   Decrease number of Java threads
#   Decrease Java thread stack sizes (-Xss)
#   Set larger code cache with -XX:ReservedCodeCacheSize=
#   JVM is running with Unscaled Compressed Oops mode in which the Java heap is
#     placed in the first 4GB address space. The Java Heap base address is the
#     maximum limit for the native heap growth. Please use -XX:HeapBaseMinAddress
#     to set the Java Heap base and to place the Java Heap above 4GB virtual address.
# This output file may be truncated or incomplete.
#
#  Out of Memory Error (allocation.cpp:390), pid=3868, tid=0x0000000000000e64
#
# JRE version: Java(TM) SE Runtime Environment (8.0_201-b09) (build 1.8.0_201-b09)
# Java VM: Java HotSpot(TM) 64-Bit Server VM (25.201-b09 mixed mode windows-amd64 compressed oops)
# Failed to write core dump. Minidumps are not enabled by default on client versions of Windows
#

---------------  T H R E A D  ---------------

Current thread (0x0000000015926000):  JavaThread "C2 CompilerThread0" daemon [_thread_in_native, id=3684, stack(0x0000000017630000,0x0000000017730000)]

Stack: [0x0000000017630000,0x0000000017730000]
[error occurred during error reporting (printing stack bounds), id 0xc0000005]

Native frames: (J=compiled Java code, j=interpreted, Vv=VM code, C=native code)


Current CompileTask:
C2: 308721 7037   !   4       java.io.ObjectOutputStream::writeObject0 (619 bytes)


---------------  P R O C E S S  ---------------

Java Threads: ( => current thread )
  0x000000001df2e800 JavaThread "DestroyJavaVM" [_thread_blocked, id=10548, stack(0x0000000003120000,0x0000000003220000)]
  0x000000001df2d000 JavaThread "http-nio-8080-Acceptor-0" daemon [_thread_in_native, id=10884, stack(0x00000000271c0000,0x00000000272c0000)]
  0x000000001df25800 JavaThread "http-nio-8080-ClientPoller-1" daemon [_thread_in_native, id=12920, stack(0x00000000270c0000,0x00000000271c0000)]
  0x000000001df2c000 JavaThread "http-nio-8080-ClientPoller-0" daemon [_thread_in_native, id=6504, stack(0x0000000026fc0000,0x00000000270c0000)]
  0x000000001df24800 JavaThread "http-nio-8080-exec-10" daemon [_thread_blocked, id=8656, stack(0x0000000026ec0000,0x0000000026fc0000)]
  0x000000001df2a000 JavaThread "http-nio-8080-exec-9" daemon [_thread_blocked, id=2548, stack(0x0000000024ab0000,0x0000000024bb0000)]
  0x000000001df29000 JavaThread "http-nio-8080-exec-8" daemon [_thread_blocked, id=11868, stack(0x00000000249b0000,0x0000000024ab0000)]
  0x000000001df27000 JavaThread "http-nio-8080-exec-7" daemon [_thread_blocked, id=11440, stack(0x00000000248b0000,0x00000000249b0000)]
  0x000000001df2b800 JavaThread "http-nio-8080-exec-6" daemon [_thread_blocked, id=11008, stack(0x0000000023720000,0x0000000023820000)]
  0x000000001df2a800 JavaThread "http-nio-8080-exec-5" daemon [_thread_blocked, id=5216, stack(0x0000000023620000,0x0000000023720000)]
  0x000000001df21800 JavaThread "http-nio-8080-exec-4" daemon [_thread_blocked, id=11640, stack(0x0000000023520000,0x0000000023620000)]
  0x000000001df28800 JavaThread "http-nio-8080-exec-3" daemon [_thread_blocked, id=2068, stack(0x0000000023420000,0x0000000023520000)]
  0x000000001df24000 JavaThread "http-nio-8080-exec-2" daemon [_thread_blocked, id=8956, stack(0x0000000023320000,0x0000000023420000)]
  0x000000001df23000 JavaThread "http-nio-8080-exec-1" daemon [_thread_blocked, id=12144, stack(0x0000000023220000,0x0000000023320000)]
  0x000000001df22800 JavaThread "NioBlockingSelector.BlockPoller-1" daemon [_thread_in_native, id=2628, stack(0x0000000023120000,0x0000000023220000)]
  0x000000001df27800 JavaThread "HikariPool-1 housekeeper" daemon [_thread_blocked, id=8792, stack(0x0000000021de0000,0x0000000021ee0000)]
  0x000000001bf0f000 JavaThread "container-0" [_thread_blocked, id=6888, stack(0x00000000219e0000,0x0000000021ae0000)]
  0x000000001bf10000 JavaThread "Catalina-utility-2" [_thread_blocked, id=3728, stack(0x0000000020160000,0x0000000020260000)]
  0x000000001bf0e800 JavaThread "Catalina-utility-1" [_thread_blocked, id=12612, stack(0x000000001fbf0000,0x000000001fcf0000)]
  0x000000001bf13800 JavaThread "mysql-cj-abandoned-connection-cleanup" daemon [_thread_blocked, id=13296, stack(0x000000001faf0000,0x000000001fbf0000)]
  0x000000001bf11800 JavaThread "JMX server connection timeout 19" daemon [_thread_blocked, id=10732, stack(0x000000001f7f0000,0x000000001f8f0000)]
  0x000000001bf14800 JavaThread "RMI Scheduler(0)" daemon [_thread_blocked, id=10616, stack(0x000000001f6f0000,0x000000001f7f0000)]
  0x000000001bf10800 JavaThread "RMI TCP Connection(1)-169.254.163.170" daemon [_thread_in_native, id=4132, stack(0x000000001f5f0000,0x000000001f6f0000)]
  0x000000001bf0d800 JavaThread "RMI TCP Accept-0" daemon [_thread_in_native, id=13212, stack(0x000000001e0c0000,0x000000001e1c0000)]
  0x000000001775e000 JavaThread "Service Thread" daemon [_thread_blocked, id=1948, stack(0x0000000017d30000,0x0000000017e30000)]
  0x000000001594e000 JavaThread "C1 CompilerThread2" daemon [_thread_blocked, id=3820, stack(0x0000000017c30000,0x0000000017d30000)]
  0x000000001594c000 JavaThread "C2 CompilerThread1" daemon [_thread_blocked, id=2640, stack(0x0000000017b30000,0x0000000017c30000)]
=>0x0000000015926000 JavaThread "C2 CompilerThread0" daemon [_thread_in_native, id=3684, stack(0x0000000017630000,0x0000000017730000)]
  0x000000001591b000 JavaThread "JDWP Command Reader" daemon [_thread_in_native, id=6724, stack(0x0000000017530000,0x0000000017630000)]
  0x0000000015918000 JavaThread "JDWP Event Helper Thread" daemon [_thread_blocked, id=10148, stack(0x0000000017430000,0x0000000017530000)]
  0x000000001590c000 JavaThread "JDWP Transport Listener: dt_socket" daemon [_thread_blocked, id=11316, stack(0x0000000017330000,0x0000000017430000)]
  0x00000000158ff000 JavaThread "Attach Listener" daemon [_thread_blocked, id=2324, stack(0x0000000016e30000,0x0000000016f30000)]
  0x00000000158fc000 JavaThread "Signal Dispatcher" daemon [_thread_blocked, id=11844, stack(0x0000000016d30000,0x0000000016e30000)]
  0x000000000331c000 JavaThread "Finalizer" daemon [_thread_blocked, id=9632, stack(0x0000000016b40000,0x0000000016c40000)]
  0x00000000158da000 JavaThread "Reference Handler" daemon [_thread_blocked, id=5272, stack(0x0000000016a40000,0x0000000016b40000)]

Other Threads:
  0x00000000158b7000 VMThread [stack: 0x0000000016940000,0x0000000016a40000] [id=4768]
  0x000000001779d000 WatcherThread [stack: 0x0000000017e30000,0x0000000017f30000] [id=9452]

VM state:not at safepoint (normal execution)

VM Mutex/Monitor currently owned by a thread: None

heap address: 0x00000000c1c00000, size: 996 MB, Compressed Oops mode: 32-bit
Narrow klass base: 0x0000000000000000, Narrow klass shift: 3
Compressed class space size: 1073741824 Address: 0x0000000100000000

Heap:
 PSYoungGen      total 200192K, used 132274K [0x00000000eb400000, 0x00000000f8e80000, 0x0000000100000000)
  eden space 187392K, 63% used [0x00000000eb400000,0x00000000f28d7b78,0x00000000f6b00000)
  from space 12800K, 98% used [0x00000000f8200000,0x00000000f8e54d48,0x00000000f8e80000)
  to   space 17920K, 0% used [0x00000000f6b80000,0x00000000f6b80000,0x00000000f7d00000)
 ParOldGen       total 86528K, used 29950K [0x00000000c1c00000, 0x00000000c7080000, 0x00000000eb400000)
  object space 86528K, 34% used [0x00000000c1c00000,0x00000000c393f8f8,0x00000000c7080000)
 Metaspace       used 69183K, capacity 72419K, committed 72448K, reserved 1112064K
  class space    used 9417K, capacity 9969K, committed 9984K, reserved 1048576K

Card table byte_map: [0x00000000126e0000,0x00000000128e0000] byte_map_base: 0x00000000120d2000

Marking Bits: (ParMarkBitMap*) 0x0000000062804ce0
 Begin Bits: [0x0000000012e30000, 0x0000000013dc0000)
 End Bits:   [0x0000000013dc0000, 0x0000000014d50000)

Polling page: 0x0000000000fe0000

CodeCache: size=245760Kb used=21598Kb max_used=21611Kb free=224162Kb
 bounds [0x0000000003320000, 0x0000000004860000, 0x0000000012320000]
 total_blobs=6665 nmethods=6080 adapters=504
 compilation: enabled

Compilation events (10 events):
Event: 308.282 Thread 0x000000001594e000 nmethod 7026 0x00000000041a92d0 code [0x00000000041a94c0, 0x00000000041a9d38]
Event: 308.282 Thread 0x000000001594e000 7034       3       java.io.ObjectStreamClass::getObjFieldValues (10 bytes)
Event: 308.282 Thread 0x000000001594c000 nmethod 7033 0x00000000041a8fd0 code [0x00000000041a9120, 0x00000000041a91e8]
Event: 308.282 Thread 0x000000001594e000 nmethod 7034 0x000000000484fb50 code [0x000000000484fcc0, 0x000000000484fe68]
Event: 308.282 Thread 0x000000001594e000 7027       3       java.io.ObjectOutputStream::writeNull (10 bytes)
Event: 308.282 Thread 0x000000001594e000 nmethod 7027 0x000000000484f5d0 code [0x000000000484f740, 0x000000000484f9c8]
Event: 308.283 Thread 0x000000001594c000 7036       4       java.io.ObjectOutputStream$BlockDataOutputStream::setBlockDataMode (35 bytes)
Event: 308.290 Thread 0x0000000015926000 nmethod 7030 0x000000000484d450 code [0x000000000484d600, 0x000000000484db30]
Event: 308.290 Thread 0x0000000015926000 7037   !   4       java.io.ObjectOutputStream::writeObject0 (619 bytes)
Event: 308.294 Thread 0x000000001594c000 nmethod 7036 0x0000000004850710 code [0x00000000048508a0, 0x0000000004851318]

GC Heap History (10 events):
Event: 10.670 GC heap before
{Heap before GC invocations=13 (full 2):
 PSYoungGen      total 125952K, used 114176K [0x00000000eb400000, 0x00000000f4700000, 0x0000000100000000)
  eden space 114176K, 100% used [0x00000000eb400000,0x00000000f2380000,0x00000000f2380000)
  from space 11776K, 0% used [0x00000000f2f80000,0x00000000f2f80000,0x00000000f3b00000)
  to   space 12288K, 0% used [0x00000000f2380000,0x00000000f2380000,0x00000000f2f80000)
 ParOldGen       total 56320K, used 15341K [0x00000000c1c00000, 0x00000000c5300000, 0x00000000eb400000)
  object space 56320K, 27% used [0x00000000c1c00000,0x00000000c2afb6e0,0x00000000c5300000)
 Metaspace       used 41510K, capacity 43375K, committed 43648K, reserved 1087488K
  class space    used 5331K, capacity 5673K, committed 5760K, reserved 1048576K
Event: 10.685 GC heap after
Heap after GC invocations=13 (full 2):
 PSYoungGen      total 126464K, used 12257K [0x00000000eb400000, 0x00000000f6500000, 0x0000000100000000)
  eden space 114176K, 0% used [0x00000000eb400000,0x00000000eb400000,0x00000000f2380000)
  from space 12288K, 99% used [0x00000000f2380000,0x00000000f2f785f0,0x00000000f2f80000)
  to   space 13824K, 0% used [0x00000000f5780000,0x00000000f5780000,0x00000000f6500000)
 ParOldGen       total 56320K, used 15378K [0x00000000c1c00000, 0x00000000c5300000, 0x00000000eb400000)
  object space 56320K, 27% used [0x00000000c1c00000,0x00000000c2b04a48,0x00000000c5300000)
 Metaspace       used 41510K, capacity 43375K, committed 43648K, reserved 1087488K
  class space    used 5331K, capacity 5673K, committed 5760K, reserved 1048576K
}
Event: 14.505 GC heap before
{Heap before GC invocations=14 (full 2):
 PSYoungGen      total 126464K, used 126433K [0x00000000eb400000, 0x00000000f6500000, 0x0000000100000000)
  eden space 114176K, 100% used [0x00000000eb400000,0x00000000f2380000,0x00000000f2380000)
  from space 12288K, 99% used [0x00000000f2380000,0x00000000f2f785f0,0x00000000f2f80000)
  to   space 13824K, 0% used [0x00000000f5780000,0x00000000f5780000,0x00000000f6500000)
 ParOldGen       total 56320K, used 15378K [0x00000000c1c00000, 0x00000000c5300000, 0x00000000eb400000)
  object space 56320K, 27% used [0x00000000c1c00000,0x00000000c2b04a48,0x00000000c5300000)
 Metaspace       used 52045K, capacity 53991K, committed 54272K, reserved 1095680K
  class space    used 6970K, capacity 7355K, committed 7424K, reserved 1048576K
Event: 14.528 GC heap after
Heap after GC invocations=14 (full 2):
 PSYoungGen      total 163328K, used 13808K [0x00000000eb400000, 0x00000000f6900000, 0x0000000100000000)
  eden space 149504K, 0% used [0x00000000eb400000,0x00000000eb400000,0x00000000f4600000)
  from space 13824K, 99% used [0x00000000f5780000,0x00000000f64fc278,0x00000000f6500000)
  to   space 17920K, 0% used [0x00000000f4600000,0x00000000f4600000,0x00000000f5780000)
 ParOldGen       total 56320K, used 20419K [0x00000000c1c00000, 0x00000000c5300000, 0x00000000eb400000)
  object space 56320K, 36% used [0x00000000c1c00000,0x00000000c2ff0ce0,0x00000000c5300000)
 Metaspace       used 52045K, capacity 53991K, committed 54272K, reserved 1095680K
  class space    used 6970K, capacity 7355K, committed 7424K, reserved 1048576K
}
Event: 16.237 GC heap before
{Heap before GC invocations=15 (full 2):
 PSYoungGen      total 163328K, used 72804K [0x00000000eb400000, 0x00000000f6900000, 0x0000000100000000)
  eden space 149504K, 39% used [0x00000000eb400000,0x00000000eed9ceb8,0x00000000f4600000)
  from space 13824K, 99% used [0x00000000f5780000,0x00000000f64fc278,0x00000000f6500000)
  to   space 17920K, 0% used [0x00000000f4600000,0x00000000f4600000,0x00000000f5780000)
 ParOldGen       total 56320K, used 20419K [0x00000000c1c00000, 0x00000000c5300000, 0x00000000eb400000)
  object space 56320K, 36% used [0x00000000c1c00000,0x00000000c2ff0ce0,0x00000000c5300000)
 Metaspace       used 56798K, capacity 58825K, committed 59028K, reserved 1099776K
  class space    used 7732K, capacity 8110K, committed 8192K, reserved 1048576K
Event: 16.259 GC heap after
Heap after GC invocations=15 (full 2):
 PSYoungGen      total 167424K, used 5603K [0x00000000eb400000, 0x00000000f9300000, 0x0000000100000000)
  eden space 149504K, 0% used [0x00000000eb400000,0x00000000eb400000,0x00000000f4600000)
  from space 17920K, 31% used [0x00000000f4600000,0x00000000f4b78c60,0x00000000f5780000)
  to   space 17408K, 0% used [0x00000000f8200000,0x00000000f8200000,0x00000000f9300000)
 ParOldGen       total 56320K, used 30748K [0x00000000c1c00000, 0x00000000c5300000, 0x00000000eb400000)
  object space 56320K, 54% used [0x00000000c1c00000,0x00000000c3a07210,0x00000000c5300000)
 Metaspace       used 56798K, capacity 58825K, committed 59028K, reserved 1099776K
  class space    used 7732K, capacity 8110K, committed 8192K, reserved 1048576K
}
Event: 16.259 GC heap before
{Heap before GC invocations=16 (full 3):
 PSYoungGen      total 167424K, used 5603K [0x00000000eb400000, 0x00000000f9300000, 0x0000000100000000)
  eden space 149504K, 0% used [0x00000000eb400000,0x00000000eb400000,0x00000000f4600000)
  from space 17920K, 31% used [0x00000000f4600000,0x00000000f4b78c60,0x00000000f5780000)
  to   space 17408K, 0% used [0x00000000f8200000,0x00000000f8200000,0x00000000f9300000)
 ParOldGen       total 56320K, used 30748K [0x00000000c1c00000, 0x00000000c5300000, 0x00000000eb400000)
  object space 56320K, 54% used [0x00000000c1c00000,0x00000000c3a07210,0x00000000c5300000)
 Metaspace       used 56798K, capacity 58825K, committed 59028K, reserved 1099776K
  class space    used 7732K, capacity 8110K, committed 8192K, reserved 1048576K
Event: 16.605 GC heap after
Heap after GC invocations=16 (full 3):
 PSYoungGen      total 167424K, used 0K [0x00000000eb400000, 0x00000000f9300000, 0x0000000100000000)
  eden space 149504K, 0% used [0x00000000eb400000,0x00000000eb400000,0x00000000f4600000)
  from space 17920K, 0% used [0x00000000f4600000,0x00000000f4600000,0x00000000f5780000)
  to   space 17408K, 0% used [0x00000000f8200000,0x00000000f8200000,0x00000000f9300000)
 ParOldGen       total 86528K, used 29942K [0x00000000c1c00000, 0x00000000c7080000, 0x00000000eb400000)
  object space 86528K, 34% used [0x00000000c1c00000,0x00000000c393d8f8,0x00000000c7080000)
 Metaspace       used 56798K, capacity 58825K, committed 59028K, reserved 1099776K
  class space    used 7732K, capacity 8110K, committed 8192K, reserved 1048576K
}
Event: 22.091 GC heap before
{Heap before GC invocations=17 (full 3):
 PSYoungGen      total 167424K, used 149504K [0x00000000eb400000, 0x00000000f9300000, 0x0000000100000000)
  eden space 149504K, 100% used [0x00000000eb400000,0x00000000f4600000,0x00000000f4600000)
  from space 17920K, 0% used [0x00000000f4600000,0x00000000f4600000,0x00000000f5780000)
  to   space 17408K, 0% used [0x00000000f8200000,0x00000000f8200000,0x00000000f9300000)
 ParOldGen       total 86528K, used 29942K [0x00000000c1c00000, 0x00000000c7080000, 0x00000000eb400000)
  object space 86528K, 34% used [0x00000000c1c00000,0x00000000c393d8f8,0x00000000c7080000)
 Metaspace       used 64506K, capacity 67479K, committed 67584K, reserved 1107968K
  class space    used 8870K, capacity 9391K, committed 9472K, reserved 1048576K
Event: 22.209 GC heap after
Heap after GC invocations=17 (full 3):
 PSYoungGen      total 200192K, used 12627K [0x00000000eb400000, 0x00000000f8e80000, 0x0000000100000000)
  eden space 187392K, 0% used [0x00000000eb400000,0x00000000eb400000,0x00000000f6b00000)
  from space 12800K, 98% used [0x00000000f8200000,0x00000000f8e54d48,0x00000000f8e80000)
  to   space 17920K, 0% used [0x00000000f6b80000,0x00000000f6b80000,0x00000000f7d00000)
 ParOldGen       total 86528K, used 29950K [0x00000000c1c00000, 0x00000000c7080000, 0x00000000eb400000)
  object space 86528K, 34% used [0x00000000c1c00000,0x00000000c393f8f8,0x00000000c7080000)
 Metaspace       used 64506K, capacity 67479K, committed 67584K, reserved 1107968K
  class space    used 8870K, capacity 9391K, committed 9472K, reserved 1048576K
}

Deoptimization events (10 events):
Event: 26.398 Thread 0x0000000003227000 Uncommon trap: reason=unstable_if action=reinterpret pc=0x0000000003606d64 method=java.lang.CharacterDataLatin1.isWhitespace(I)Z @ 14
Event: 32.404 Thread 0x000000001bf10800 Uncommon trap: reason=unstable_if action=reinterpret pc=0x0000000003eb35bc method=java.io.ObjectOutputStream.writeClassDesc(Ljava/io/ObjectStreamClass;Z)V @ 26
Event: 47.679 Thread 0x000000001bf10800 Uncommon trap: reason=class_check action=maybe_recompile pc=0x00000000047efbd8 method=java.util.stream.AbstractPipeline.wrapAndCopyInto(Ljava/util/stream/Sink;Ljava/util/Spliterator;)Ljava/util/stream/Sink; @ 6
Event: 47.679 Thread 0x000000001bf10800 Uncommon trap: reason=class_check action=maybe_recompile pc=0x00000000047efbd8 method=java.util.stream.AbstractPipeline.wrapAndCopyInto(Ljava/util/stream/Sink;Ljava/util/Spliterator;)Ljava/util/stream/Sink; @ 6
Event: 47.679 Thread 0x000000001bf10800 Uncommon trap: reason=class_check action=maybe_recompile pc=0x00000000047efbd8 method=java.util.stream.AbstractPipeline.wrapAndCopyInto(Ljava/util/stream/Sink;Ljava/util/Spliterator;)Ljava/util/stream/Sink; @ 6
Event: 52.728 Thread 0x000000001bf10800 Uncommon trap: reason=class_check action=maybe_recompile pc=0x00000000047efbd8 method=java.util.stream.AbstractPipeline.wrapAndCopyInto(Ljava/util/stream/Sink;Ljava/util/Spliterator;)Ljava/util/stream/Sink; @ 6
Event: 306.176 Thread 0x000000001bf10800 Uncommon trap: reason=unstable_if action=reinterpret pc=0x000000000481bdec method=java.io.ObjectStreamClass$FieldReflector.getObjFieldValues(Ljava/lang/Object;[Ljava/lang/Object;)V @ 23
Event: 306.176 Thread 0x000000001bf10800 Uncommon trap: reason=unstable_if action=reinterpret pc=0x00000000047dc3d0 method=java.io.ObjectOutputStream$BlockDataOutputStream.setBlockDataMode(Z)Z @ 5
Event: 306.177 Thread 0x000000001bf10800 Uncommon trap: reason=unstable_if action=reinterpret pc=0x0000000004815134 method=java.io.ObjectStreamClass$FieldReflector.getObjFieldValues(Ljava/lang/Object;[Ljava/lang/Object;)V @ 23
Event: 306.177 Thread 0x000000001bf10800 Uncommon trap: reason=unstable_if action=reinterpret pc=0x0000000004813080 method=java.io.ObjectOutputStream$BlockDataOutputStream.write([BIIZ)V @ 2

Classes redefined (0 events):
No events

Internal exceptions (10 events):
Event: 21.736 Thread 0x000000001bf10800 Exception <a 'java/lang/ClassNotFoundException': org/springframework/boot/actuate/endpoint/jmx/EndpointMBean> (0x00000000f44b1098) thrown at [C:\re\workspace\8-2-build-windows-amd64-cygwin\jdk8u201\12322\hotspot\src\share\vm\classfile\systemDictionary.cpp
Event: 21.736 Thread 0x000000001bf10800 Exception <a 'java/lang/ClassNotFoundException': org/springframework/boot/actuate/endpoint/jmx/DataEndpointMBean> (0x00000000f44b15f8) thrown at [C:\re\workspace\8-2-build-windows-amd64-cygwin\jdk8u201\12322\hotspot\src\share\vm\classfile\systemDictionary
Event: 21.736 Thread 0x000000001bf10800 Exception <a 'java/lang/ClassNotFoundException': org/springframework/context/support/LiveBeansView> (0x00000000f44b1b40) thrown at [C:\re\workspace\8-2-build-windows-amd64-cygwin\jdk8u201\12322\hotspot\src\share\vm\classfile\systemDictionary.cpp, line 210
Event: 21.736 Thread 0x000000001bf10800 Exception <a 'java/lang/ClassNotFoundException': org/springframework/boot/actuate/endpoint/jmx/EndpointMBean> (0x00000000f44b1e70) thrown at [C:\re\workspace\8-2-build-windows-amd64-cygwin\jdk8u201\12322\hotspot\src\share\vm\classfile\systemDictionary.cpp
Event: 21.736 Thread 0x000000001bf10800 Exception <a 'java/lang/ClassNotFoundException': org/springframework/boot/actuate/endpoint/jmx/DataEndpointMBean> (0x00000000f44b2390) thrown at [C:\re\workspace\8-2-build-windows-amd64-cygwin\jdk8u201\12322\hotspot\src\share\vm\classfile\systemDictionary
Event: 21.737 Thread 0x000000001bf10800 Exception <a 'java/lang/ClassNotFoundException': org/springframework/context/support/LiveBeansView> (0x00000000f44b2898) thrown at [C:\re\workspace\8-2-build-windows-amd64-cygwin\jdk8u201\12322\hotspot\src\share\vm\classfile\systemDictionary.cpp, line 210
Event: 25.577 Thread 0x0000000003227000 Exception <a 'java/lang/NoSuchMethodError': java.lang.Object.lambda$mapIfAllPresent$6(Ljava/util/Optional;Ljava/util/function/BiFunction;Ljava/lang/Object;)Ljava/util/Optional;> (0x00000000ed796db0) thrown at [C:\re\workspace\8-2-build-windows-amd64-cygwi
Event: 25.577 Thread 0x0000000003227000 Exception <a 'java/lang/NoSuchMethodError': java.lang.Object.lambda$null$5(Ljava/util/function/BiFunction;Ljava/lang/Object;Ljava/lang/Object;)Ljava/lang/Object;> (0x00000000ed79b300) thrown at [C:\re\workspace\8-2-build-windows-amd64-cygwin\jdk8u201\1232
Event: 26.266 Thread 0x0000000003227000 Exception <a 'java/lang/ClassNotFoundException': java/lang/ObjectCustomizer> (0x00000000eda30d20) thrown at [C:\re\workspace\8-2-build-windows-amd64-cygwin\jdk8u201\12322\hotspot\src\share\vm\classfile\systemDictionary.cpp, line 210]
Event: 26.266 Thread 0x0000000003227000 Exception <a 'java/lang/ClassNotFoundException': com/example/demo/PrivilegijaCustomizer> (0x00000000eda46a48) thrown at [C:\re\workspace\8-2-build-windows-amd64-cygwin\jdk8u201\12322\hotspot\src\share\vm\classfile\systemDictionary.cpp, line 210]

Events (10 events):
Event: 306.176 Thread 0x000000001bf10800 DEOPT UNPACKING pc=0x000000000336583b sp=0x000000001f6ed4e8 mode 2
Event: 306.176 Thread 0x000000001bf10800 Uncommon trap: trap_request=0xffffff65 fr.pc=0x00000000047dc3d0
Event: 306.176 Thread 0x000000001bf10800 DEOPT PACKING pc=0x00000000047dc3d0 sp=0x000000001f6ed4b0
Event: 306.176 Thread 0x000000001bf10800 DEOPT UNPACKING pc=0x000000000336583b sp=0x000000001f6ed4b0 mode 2
Event: 306.177 Thread 0x000000001bf10800 Uncommon trap: trap_request=0xffffff65 fr.pc=0x0000000004815134
Event: 306.177 Thread 0x000000001bf10800 DEOPT PACKING pc=0x0000000004815134 sp=0x000000001f6ed2f0
Event: 306.177 Thread 0x000000001bf10800 DEOPT UNPACKING pc=0x000000000336583b sp=0x000000001f6ed1c8 mode 2
Event: 306.177 Thread 0x000000001bf10800 Uncommon trap: trap_request=0xffffff65 fr.pc=0x0000000004813080
Event: 306.177 Thread 0x000000001bf10800 DEOPT PACKING pc=0x0000000004813080 sp=0x000000001f6ed0d0
Event: 306.177 Thread 0x000000001bf10800 DEOPT UNPACKING pc=0x000000000336583b sp=0x000000001f6ed0e0 mode 2


Dynamic libraries:
0x00007ff70e530000 - 0x00007ff70e567000 	C:\Program Files\Java\jdk1.8.0_201\bin\java.exe
0x00007fff7f1f0000 - 0x00007fff7f3d1000 	C:\WINDOWS\SYSTEM32\ntdll.dll
0x00007fff7c680000 - 0x00007fff7c731000 	C:\WINDOWS\System32\KERNEL32.DLL
0x00007fff7bff0000 - 0x00007fff7c263000 	C:\WINDOWS\System32\KERNELBASE.dll
0x00007fff7dc70000 - 0x00007fff7dd11000 	C:\WINDOWS\System32\ADVAPI32.dll
0x00007fff7d3b0000 - 0x00007fff7d44e000 	C:\WINDOWS\System32\msvcrt.dll
0x00007fff7c920000 - 0x00007fff7c97b000 	C:\WINDOWS\System32\sechost.dll
0x00007fff7d450000 - 0x00007fff7d574000 	C:\WINDOWS\System32\RPCRT4.dll
0x00007fff7d220000 - 0x00007fff7d3b0000 	C:\WINDOWS\System32\USER32.dll
0x00007fff7c560000 - 0x00007fff7c580000 	C:\WINDOWS\System32\win32u.dll
0x00007fff7dd20000 - 0x00007fff7dd48000 	C:\WINDOWS\System32\GDI32.dll
0x00007fff7be50000 - 0x00007fff7bfe2000 	C:\WINDOWS\System32\gdi32full.dll
0x00007fff7c580000 - 0x00007fff7c61f000 	C:\WINDOWS\System32\msvcp_win.dll
0x00007fff7c270000 - 0x00007fff7c368000 	C:\WINDOWS\System32\ucrtbase.dll
0x00007fff605c0000 - 0x00007fff60829000 	C:\WINDOWS\WinSxS\amd64_microsoft.windows.common-controls_6595b64144ccf1df_6.0.17134.765_none_fb42a1a930655896\COMCTL32.dll
0x00007fff7cef0000 - 0x00007fff7d212000 	C:\WINDOWS\System32\combase.dll
0x00007fff7b5c0000 - 0x00007fff7b63a000 	C:\WINDOWS\System32\bcryptPrimitives.dll
0x00007fff7dd50000 - 0x00007fff7dd7d000 	C:\WINDOWS\System32\IMM32.DLL
0x0000000062890000 - 0x0000000062961000 	C:\Program Files\Java\jdk1.8.0_201\jre\bin\msvcr100.dll
0x0000000061fe0000 - 0x0000000062884000 	C:\Program Files\Java\jdk1.8.0_201\jre\bin\server\jvm.dll
0x00007fff7c980000 - 0x00007fff7c988000 	C:\WINDOWS\System32\PSAPI.DLL
0x00007fff46690000 - 0x00007fff46699000 	C:\WINDOWS\SYSTEM32\WSOCK32.dll
0x00007fff75790000 - 0x00007fff7579a000 	C:\WINDOWS\SYSTEM32\VERSION.dll
0x00007fff74130000 - 0x00007fff74153000 	C:\WINDOWS\SYSTEM32\WINMM.dll
0x00007fff7cbc0000 - 0x00007fff7cc2c000 	C:\WINDOWS\System32\WS2_32.dll
0x00007fff74100000 - 0x00007fff7412a000 	C:\WINDOWS\SYSTEM32\WINMMBASE.dll
0x00007fff7b6f0000 - 0x00007fff7b739000 	C:\WINDOWS\System32\cfgmgr32.dll
0x00007fff76000000 - 0x00007fff7600f000 	C:\Program Files\Java\jdk1.8.0_201\jre\bin\verify.dll
0x00007fff6b590000 - 0x00007fff6b5b9000 	C:\Program Files\Java\jdk1.8.0_201\jre\bin\java.dll
0x00007fff6e8c0000 - 0x00007fff6e8f5000 	C:\Program Files\Java\jdk1.8.0_201\jre\bin\jdwp.dll
0x00007fff79740000 - 0x00007fff79748000 	C:\Program Files\Java\jdk1.8.0_201\jre\bin\npt.dll
0x00007fff6e880000 - 0x00007fff6e896000 	C:\Program Files\Java\jdk1.8.0_201\jre\bin\zip.dll
0x00007fff7dd80000 - 0x00007fff7f1c0000 	C:\WINDOWS\System32\SHELL32.dll
0x00007fff7c990000 - 0x00007fff7ca39000 	C:\WINDOWS\System32\shcore.dll
0x00007fff7b740000 - 0x00007fff7be4d000 	C:\WINDOWS\System32\windows.storage.dll
0x00007fff7cdf0000 - 0x00007fff7ce41000 	C:\WINDOWS\System32\shlwapi.dll
0x00007fff7b500000 - 0x00007fff7b511000 	C:\WINDOWS\System32\kernel.appcore.dll
0x00007fff7b5a0000 - 0x00007fff7b5bf000 	C:\WINDOWS\System32\profapi.dll
0x00007fff7b550000 - 0x00007fff7b59c000 	C:\WINDOWS\System32\powrprof.dll
0x00007fff7b540000 - 0x00007fff7b54a000 	C:\WINDOWS\System32\FLTLIB.DLL
0x00007fff76d70000 - 0x00007fff76d79000 	C:\Program Files\Java\jdk1.8.0_201\jre\bin\dt_socket.dll
0x00007fff5fac0000 - 0x00007fff5fad6000 	C:\WINDOWS\system32\napinsp.dll
0x00007fff5faa0000 - 0x00007fff5faba000 	C:\WINDOWS\system32\pnrpnsp.dll
0x00007fff75f20000 - 0x00007fff75f39000 	C:\WINDOWS\system32\NLAapi.dll
0x00007fff7ad80000 - 0x00007fff7ade6000 	C:\WINDOWS\System32\mswsock.dll
0x00007fff7ab40000 - 0x00007fff7abfe000 	C:\WINDOWS\SYSTEM32\DNSAPI.dll
0x00007fff7db00000 - 0x00007fff7db08000 	C:\WINDOWS\System32\NSI.dll
0x00007fff7ab00000 - 0x00007fff7ab38000 	C:\WINDOWS\SYSTEM32\IPHLPAPI.DLL
0x00007fff5fa90000 - 0x00007fff5fa9e000 	C:\WINDOWS\System32\winrnr.dll
0x0000000062ff0000 - 0x0000000063025000 	C:\Program Files\Bonjour\mdnsNSP.dll
0x00007fff70f30000 - 0x00007fff70fa2000 	C:\WINDOWS\System32\fwpuclnt.dll
0x00007fff7b060000 - 0x00007fff7b085000 	C:\WINDOWS\SYSTEM32\bcrypt.dll
0x00007fff6f0f0000 - 0x00007fff6f0fa000 	C:\Windows\System32\rasadhlp.dll
0x00007fff75f60000 - 0x00007fff75f6d000 	C:\Program Files\Java\jdk1.8.0_201\jre\bin\management.dll
0x00007fff6d9f0000 - 0x00007fff6da0a000 	C:\Program Files\Java\jdk1.8.0_201\jre\bin\net.dll
0x00007fff71600000 - 0x00007fff717c8000 	C:\WINDOWS\SYSTEM32\urlmon.dll
0x00007fff6c3e0000 - 0x00007fff6c687000 	C:\WINDOWS\SYSTEM32\iertutil.dll
0x00007fff7af50000 - 0x00007fff7af5b000 	C:\WINDOWS\SYSTEM32\CRYPTBASE.DLL
0x00007fff6aeb0000 - 0x00007fff6aec1000 	C:\Program Files\Java\jdk1.8.0_201\jre\bin\nio.dll
0x00007fff7af30000 - 0x00007fff7af47000 	C:\WINDOWS\SYSTEM32\CRYPTSP.dll
0x00007fff7a960000 - 0x00007fff7a993000 	C:\WINDOWS\system32\rsaenh.dll
0x00007fff7b430000 - 0x00007fff7b458000 	C:\WINDOWS\SYSTEM32\USERENV.dll
0x00007fff74fa0000 - 0x00007fff74fb6000 	C:\WINDOWS\SYSTEM32\dhcpcsvc6.DLL
0x00007fff74f80000 - 0x00007fff74f9a000 	C:\WINDOWS\SYSTEM32\dhcpcsvc.DLL

VM Arguments:
jvm_args: -Xdebug -Xnoagent -Djava.compiler=NONE -Xrunjdwp:transport=dt_socket,address=localhost:53365,server=n,suspend=y -Dfile.encoding=UTF-8 
java_command: com.example.demo.DemoApplication
java_class_path (initial): C:\Users\LENOVO\Desktop\lijekovi\SI-Oscar-2019\demo\target\classes;C:\Users\LENOVO\.m2\repository\org\springframework\boot\spring-boot-starter-actuator\2.1.4.RELEASE\spring-boot-starter-actuator-2.1.4.RELEASE.jar;C:\Users\LENOVO\.m2\repository\org\springframework\boot\spring-boot-starter\2.1.4.RELEASE\spring-boot-starter-2.1.4.RELEASE.jar;C:\Users\LENOVO\.m2\repository\org\springframework\boot\spring-boot\2.1.4.RELEASE\spring-boot-2.1.4.RELEASE.jar;C:\Users\LENOVO\.m2\repository\org\springframework\boot\spring-boot-autoconfigure\2.1.4.RELEASE\spring-boot-autoconfigure-2.1.4.RELEASE.jar;C:\Users\LENOVO\.m2\repository\org\springframework\boot\spring-boot-starter-logging\2.1.4.RELEASE\spring-boot-starter-logging-2.1.4.RELEASE.jar;C:\Users\LENOVO\.m2\repository\ch\qos\logback\logback-classic\1.2.3\logback-classic-1.2.3.jar;C:\Users\LENOVO\.m2\repository\ch\qos\logback\logback-core\1.2.3\logback-core-1.2.3.jar;C:\Users\LENOVO\.m2\repository\org\apache\logging\log4j\log4j-to-slf4j\2.11.2\log4j-to-slf4j-2.11.2.jar;C:\Users\LENOVO\.m2\repository\org\apache\logging\log4j\log4j-api\2.11.2\log4j-api-2.11.2.jar;C:\Users\LENOVO\.m2\repository\org\slf4j\jul-to-slf4j\1.7.26\jul-to-slf4j-1.7.26.jar;C:\Users\LENOVO\.m2\repository\javax\annotation\javax.annotation-api\1.3.2\javax.annotation-api-1.3.2.jar;C:\Users\LENOVO\.m2\repository\org\yaml\snakeyaml\1.23\snakeyaml-1.23.jar;C:\Users\LENOVO\.m2\repository\org\springframework\boot\spring-boot-actuator-autoconfigure\2.1.4.RELEASE\spring-boot-actuator-autoconfigure-2.1.4.RELEASE.jar;C:\Users\LENOVO\.m2\repository\org\springframework\boot\spring-boot-actuator\2.1.4.RELEASE\spring-boot-actuator-2.1.4.RELEASE.jar;C:\Users\LENOVO\.m2\repository\com\fasterxml\jackson\core\jackson-databind\2.9.8\jackson-databind-2.9.8.jar;C:\Users\LENOVO\.m2\repository\com\fasterxml\jackson\core\jackson-core\2.9.8\jackson-core-2.9.8.jar;C:\Users\LENOVO\.m2\repository\org\springframework\spring-context\5.1.6.RELEASE\spring-contex
Launcher Type: SUN_STANDARD

Environment Variables:
JAVA_HOME=C:\Program Files\Java\jdk1.8.0_201
PATH=C:\Program Files (x86)\Common Files\Oracle\Java\javapath;C:\WINDOWS\system32;C:\WINDOWS;C:\WINDOWS\System32\Wbem;"C:\WINDOWS\System32\WindowsPowerShell\v1.0\;C:\Users\LENOVO\Desktop\galen\";C:\Program Files\dotnet\;C:\Program Files\Microsoft SQL Server\130\Tools\Binn\;C:\Program Files\MySQL\MySQL Utilities 1.6\;C:\Program Files\MATLAB\R2017b\runtime\win64;C:\Program Files\MATLAB\R2017b\bin;C:\Program Files\Git\cmd;C:\WINDOWS\System32\OpenSSH\;C:\Users\LENOVO\Desktop\galen\;C:\Users\LENOVO\Desktop\driveri\;C:\Program Files\nodejs;C:\Program Files\;C:\Program Files\wkhtmltopdf\bin;C:\Python\Python37;C:\Program Files\Java\jdk1.8.0_201;C:\Program Files\Java\jdk1.8.0_201\bin;C:\Program Files\Java\jre1.8.0_201\bin;C:\Users\LENOVO\AppData\Local\Programs\Python\Python37-32\Scripts\;C:\Users\LENOVO\AppData\Local\Programs\Python\Python37-32\;C:\Users\LENOVO\AppData\Local\Programs\Python\Python36\Scripts\;C:\Users\LENOVO\AppData\Local\Programs\Python\Python36\;C:\Python\Python37\Scripts\;C:\Python\Python37\;C:\Program Files (x86)\Java\jre1.8.0_191\bin;C:\Users\LENOVO\AppData\Roaming\npm;C:\Users\LENOVO\AppData\Local\Programs\Microsoft VS Code\bin;C:\Program Files\JetBrains\IntelliJ IDEA Community Edition 2019.1\bin;
USERNAME=LENOVO
OS=Windows_NT
PROCESSOR_IDENTIFIER=Intel64 Family 6 Model 42 Stepping 7, GenuineIntel



---------------  S Y S T E M  ---------------

OS: Windows 10.0 , 64 bit Build 17134 (10.0.17134.753)

CPU:total 4 (initial active 4) (2 cores per cpu, 2 threads per core) family 6 model 42 stepping 7, cmov, cx8, fxsr, mmx, sse, sse2, sse3, ssse3, sse4.1, sse4.2, popcnt, avx, aes, clmul, ht, tsc, tscinvbit

Memory: 4k page, physical 4078828k(383876k free), swap 6116632k(7336k free)

vm_info: Java HotSpot(TM) 64-Bit Server VM (25.201-b09) for windows-amd64 JRE (1.8.0_201-b09), built on Dec 15 2018 18:36:39 by "java_re" with MS VC++ 10.0 (VS2010)

time: Sun May 26 22:56:28 2019
timezone: Central European Daylight Time
elapsed time: 308 seconds (0d 0h 5m 8s)

